[2026-01-14T05:18:44.620+0000] {processor.py:157} INFO - Started process (PID=215) to work on /opt/airflow/dags/postgres_bigquery_sync/activity_logs_sync.py
[2026-01-14T05:18:44.621+0000] {processor.py:829} INFO - Processing file /opt/airflow/dags/postgres_bigquery_sync/activity_logs_sync.py for tasks to queue
[2026-01-14T05:18:44.622+0000] {logging_mixin.py:151} INFO - [2026-01-14T05:18:44.622+0000] {dagbag.py:539} INFO - Filling up the DagBag from /opt/airflow/dags/postgres_bigquery_sync/activity_logs_sync.py
[2026-01-14T05:18:44.630+0000] {logging_mixin.py:151} INFO - [2026-01-14T05:18:44.629+0000] {dagbag.py:347} ERROR - Failed to import: /opt/airflow/dags/postgres_bigquery_sync/activity_logs_sync.py
Traceback (most recent call last):
  File "/home/airflow/.local/lib/python3.10/site-packages/airflow/models/dagbag.py", line 343, in parse
    loader.exec_module(new_module)
  File "<frozen importlib._bootstrap_external>", line 883, in exec_module
  File "<frozen importlib._bootstrap>", line 241, in _call_with_frames_removed
  File "/opt/airflow/dags/postgres_bigquery_sync/activity_logs_sync.py", line 22, in <module>
    from includes.sync_control import SyncControl
ModuleNotFoundError: No module named 'includes'
[2026-01-14T05:18:44.631+0000] {processor.py:841} WARNING - No viable dags retrieved from /opt/airflow/dags/postgres_bigquery_sync/activity_logs_sync.py
[2026-01-14T05:18:44.668+0000] {processor.py:179} INFO - Processing /opt/airflow/dags/postgres_bigquery_sync/activity_logs_sync.py took 0.050 seconds
[2026-01-14T05:19:15.087+0000] {processor.py:157} INFO - Started process (PID=277) to work on /opt/airflow/dags/postgres_bigquery_sync/activity_logs_sync.py
[2026-01-14T05:19:15.087+0000] {processor.py:829} INFO - Processing file /opt/airflow/dags/postgres_bigquery_sync/activity_logs_sync.py for tasks to queue
[2026-01-14T05:19:15.088+0000] {logging_mixin.py:151} INFO - [2026-01-14T05:19:15.088+0000] {dagbag.py:539} INFO - Filling up the DagBag from /opt/airflow/dags/postgres_bigquery_sync/activity_logs_sync.py
[2026-01-14T05:19:15.090+0000] {logging_mixin.py:151} INFO - [2026-01-14T05:19:15.090+0000] {dagbag.py:347} ERROR - Failed to import: /opt/airflow/dags/postgres_bigquery_sync/activity_logs_sync.py
Traceback (most recent call last):
  File "/home/airflow/.local/lib/python3.10/site-packages/airflow/models/dagbag.py", line 343, in parse
    loader.exec_module(new_module)
  File "<frozen importlib._bootstrap_external>", line 883, in exec_module
  File "<frozen importlib._bootstrap>", line 241, in _call_with_frames_removed
  File "/opt/airflow/dags/postgres_bigquery_sync/activity_logs_sync.py", line 22, in <module>
    from includes.sync_control import SyncControl
ModuleNotFoundError: No module named 'includes'
[2026-01-14T05:19:15.091+0000] {processor.py:841} WARNING - No viable dags retrieved from /opt/airflow/dags/postgres_bigquery_sync/activity_logs_sync.py
[2026-01-14T05:19:15.104+0000] {processor.py:179} INFO - Processing /opt/airflow/dags/postgres_bigquery_sync/activity_logs_sync.py took 0.020 seconds
[2026-01-14T05:19:45.894+0000] {processor.py:157} INFO - Started process (PID=339) to work on /opt/airflow/dags/postgres_bigquery_sync/activity_logs_sync.py
[2026-01-14T05:19:45.895+0000] {processor.py:829} INFO - Processing file /opt/airflow/dags/postgres_bigquery_sync/activity_logs_sync.py for tasks to queue
[2026-01-14T05:19:45.895+0000] {logging_mixin.py:151} INFO - [2026-01-14T05:19:45.895+0000] {dagbag.py:539} INFO - Filling up the DagBag from /opt/airflow/dags/postgres_bigquery_sync/activity_logs_sync.py
[2026-01-14T05:19:45.898+0000] {logging_mixin.py:151} INFO - [2026-01-14T05:19:45.898+0000] {dagbag.py:347} ERROR - Failed to import: /opt/airflow/dags/postgres_bigquery_sync/activity_logs_sync.py
Traceback (most recent call last):
  File "/home/airflow/.local/lib/python3.10/site-packages/airflow/models/dagbag.py", line 343, in parse
    loader.exec_module(new_module)
  File "<frozen importlib._bootstrap_external>", line 883, in exec_module
  File "<frozen importlib._bootstrap>", line 241, in _call_with_frames_removed
  File "/opt/airflow/dags/postgres_bigquery_sync/activity_logs_sync.py", line 22, in <module>
    from includes.sync_control import SyncControl
ModuleNotFoundError: No module named 'includes'
[2026-01-14T05:19:45.898+0000] {processor.py:841} WARNING - No viable dags retrieved from /opt/airflow/dags/postgres_bigquery_sync/activity_logs_sync.py
[2026-01-14T05:19:45.913+0000] {processor.py:179} INFO - Processing /opt/airflow/dags/postgres_bigquery_sync/activity_logs_sync.py took 0.020 seconds
[2026-01-14T05:20:16.424+0000] {processor.py:157} INFO - Started process (PID=401) to work on /opt/airflow/dags/postgres_bigquery_sync/activity_logs_sync.py
[2026-01-14T05:20:16.425+0000] {processor.py:829} INFO - Processing file /opt/airflow/dags/postgres_bigquery_sync/activity_logs_sync.py for tasks to queue
[2026-01-14T05:20:16.425+0000] {logging_mixin.py:151} INFO - [2026-01-14T05:20:16.425+0000] {dagbag.py:539} INFO - Filling up the DagBag from /opt/airflow/dags/postgres_bigquery_sync/activity_logs_sync.py
[2026-01-14T05:20:16.428+0000] {logging_mixin.py:151} INFO - [2026-01-14T05:20:16.427+0000] {dagbag.py:347} ERROR - Failed to import: /opt/airflow/dags/postgres_bigquery_sync/activity_logs_sync.py
Traceback (most recent call last):
  File "/home/airflow/.local/lib/python3.10/site-packages/airflow/models/dagbag.py", line 343, in parse
    loader.exec_module(new_module)
  File "<frozen importlib._bootstrap_external>", line 883, in exec_module
  File "<frozen importlib._bootstrap>", line 241, in _call_with_frames_removed
  File "/opt/airflow/dags/postgres_bigquery_sync/activity_logs_sync.py", line 22, in <module>
    from includes.sync_control import SyncControl
ModuleNotFoundError: No module named 'includes'
[2026-01-14T05:20:16.428+0000] {processor.py:841} WARNING - No viable dags retrieved from /opt/airflow/dags/postgres_bigquery_sync/activity_logs_sync.py
[2026-01-14T05:20:16.443+0000] {processor.py:179} INFO - Processing /opt/airflow/dags/postgres_bigquery_sync/activity_logs_sync.py took 0.021 seconds
[2026-01-14T05:20:46.970+0000] {processor.py:157} INFO - Started process (PID=463) to work on /opt/airflow/dags/postgres_bigquery_sync/activity_logs_sync.py
[2026-01-14T05:20:46.971+0000] {processor.py:829} INFO - Processing file /opt/airflow/dags/postgres_bigquery_sync/activity_logs_sync.py for tasks to queue
[2026-01-14T05:20:46.971+0000] {logging_mixin.py:151} INFO - [2026-01-14T05:20:46.971+0000] {dagbag.py:539} INFO - Filling up the DagBag from /opt/airflow/dags/postgres_bigquery_sync/activity_logs_sync.py
[2026-01-14T05:20:46.974+0000] {logging_mixin.py:151} INFO - [2026-01-14T05:20:46.973+0000] {dagbag.py:347} ERROR - Failed to import: /opt/airflow/dags/postgres_bigquery_sync/activity_logs_sync.py
Traceback (most recent call last):
  File "/home/airflow/.local/lib/python3.10/site-packages/airflow/models/dagbag.py", line 343, in parse
    loader.exec_module(new_module)
  File "<frozen importlib._bootstrap_external>", line 883, in exec_module
  File "<frozen importlib._bootstrap>", line 241, in _call_with_frames_removed
  File "/opt/airflow/dags/postgres_bigquery_sync/activity_logs_sync.py", line 22, in <module>
    from includes.sync_control import SyncControl
ModuleNotFoundError: No module named 'includes'
[2026-01-14T05:20:46.974+0000] {processor.py:841} WARNING - No viable dags retrieved from /opt/airflow/dags/postgres_bigquery_sync/activity_logs_sync.py
[2026-01-14T05:20:46.988+0000] {processor.py:179} INFO - Processing /opt/airflow/dags/postgres_bigquery_sync/activity_logs_sync.py took 0.020 seconds
[2026-01-14T05:21:17.594+0000] {processor.py:157} INFO - Started process (PID=525) to work on /opt/airflow/dags/postgres_bigquery_sync/activity_logs_sync.py
[2026-01-14T05:21:17.594+0000] {processor.py:829} INFO - Processing file /opt/airflow/dags/postgres_bigquery_sync/activity_logs_sync.py for tasks to queue
[2026-01-14T05:21:17.595+0000] {logging_mixin.py:151} INFO - [2026-01-14T05:21:17.595+0000] {dagbag.py:539} INFO - Filling up the DagBag from /opt/airflow/dags/postgres_bigquery_sync/activity_logs_sync.py
[2026-01-14T05:21:17.598+0000] {logging_mixin.py:151} INFO - [2026-01-14T05:21:17.597+0000] {dagbag.py:347} ERROR - Failed to import: /opt/airflow/dags/postgres_bigquery_sync/activity_logs_sync.py
Traceback (most recent call last):
  File "/home/airflow/.local/lib/python3.10/site-packages/airflow/models/dagbag.py", line 343, in parse
    loader.exec_module(new_module)
  File "<frozen importlib._bootstrap_external>", line 883, in exec_module
  File "<frozen importlib._bootstrap>", line 241, in _call_with_frames_removed
  File "/opt/airflow/dags/postgres_bigquery_sync/activity_logs_sync.py", line 22, in <module>
    from includes.sync_control import SyncControl
ModuleNotFoundError: No module named 'includes'
[2026-01-14T05:21:17.598+0000] {processor.py:841} WARNING - No viable dags retrieved from /opt/airflow/dags/postgres_bigquery_sync/activity_logs_sync.py
[2026-01-14T05:21:17.614+0000] {processor.py:179} INFO - Processing /opt/airflow/dags/postgres_bigquery_sync/activity_logs_sync.py took 0.022 seconds
[2026-01-14T05:21:48.184+0000] {processor.py:157} INFO - Started process (PID=587) to work on /opt/airflow/dags/postgres_bigquery_sync/activity_logs_sync.py
[2026-01-14T05:21:48.184+0000] {processor.py:829} INFO - Processing file /opt/airflow/dags/postgres_bigquery_sync/activity_logs_sync.py for tasks to queue
[2026-01-14T05:21:48.185+0000] {logging_mixin.py:151} INFO - [2026-01-14T05:21:48.185+0000] {dagbag.py:539} INFO - Filling up the DagBag from /opt/airflow/dags/postgres_bigquery_sync/activity_logs_sync.py
[2026-01-14T05:21:48.188+0000] {logging_mixin.py:151} INFO - [2026-01-14T05:21:48.187+0000] {dagbag.py:347} ERROR - Failed to import: /opt/airflow/dags/postgres_bigquery_sync/activity_logs_sync.py
Traceback (most recent call last):
  File "/home/airflow/.local/lib/python3.10/site-packages/airflow/models/dagbag.py", line 343, in parse
    loader.exec_module(new_module)
  File "<frozen importlib._bootstrap_external>", line 883, in exec_module
  File "<frozen importlib._bootstrap>", line 241, in _call_with_frames_removed
  File "/opt/airflow/dags/postgres_bigquery_sync/activity_logs_sync.py", line 22, in <module>
    from includes.sync_control import SyncControl
ModuleNotFoundError: No module named 'includes'
[2026-01-14T05:21:48.188+0000] {processor.py:841} WARNING - No viable dags retrieved from /opt/airflow/dags/postgres_bigquery_sync/activity_logs_sync.py
[2026-01-14T05:21:48.203+0000] {processor.py:179} INFO - Processing /opt/airflow/dags/postgres_bigquery_sync/activity_logs_sync.py took 0.021 seconds
[2026-01-14T05:22:18.763+0000] {processor.py:157} INFO - Started process (PID=649) to work on /opt/airflow/dags/postgres_bigquery_sync/activity_logs_sync.py
[2026-01-14T05:22:18.763+0000] {processor.py:829} INFO - Processing file /opt/airflow/dags/postgres_bigquery_sync/activity_logs_sync.py for tasks to queue
[2026-01-14T05:22:18.764+0000] {logging_mixin.py:151} INFO - [2026-01-14T05:22:18.764+0000] {dagbag.py:539} INFO - Filling up the DagBag from /opt/airflow/dags/postgres_bigquery_sync/activity_logs_sync.py
[2026-01-14T05:22:18.766+0000] {logging_mixin.py:151} INFO - [2026-01-14T05:22:18.766+0000] {dagbag.py:347} ERROR - Failed to import: /opt/airflow/dags/postgres_bigquery_sync/activity_logs_sync.py
Traceback (most recent call last):
  File "/home/airflow/.local/lib/python3.10/site-packages/airflow/models/dagbag.py", line 343, in parse
    loader.exec_module(new_module)
  File "<frozen importlib._bootstrap_external>", line 883, in exec_module
  File "<frozen importlib._bootstrap>", line 241, in _call_with_frames_removed
  File "/opt/airflow/dags/postgres_bigquery_sync/activity_logs_sync.py", line 22, in <module>
    from includes.sync_control import SyncControl
ModuleNotFoundError: No module named 'includes'
[2026-01-14T05:22:18.767+0000] {processor.py:841} WARNING - No viable dags retrieved from /opt/airflow/dags/postgres_bigquery_sync/activity_logs_sync.py
[2026-01-14T05:22:18.782+0000] {processor.py:179} INFO - Processing /opt/airflow/dags/postgres_bigquery_sync/activity_logs_sync.py took 0.021 seconds
[2026-01-14T05:22:49.292+0000] {processor.py:157} INFO - Started process (PID=711) to work on /opt/airflow/dags/postgres_bigquery_sync/activity_logs_sync.py
[2026-01-14T05:22:49.293+0000] {processor.py:829} INFO - Processing file /opt/airflow/dags/postgres_bigquery_sync/activity_logs_sync.py for tasks to queue
[2026-01-14T05:22:49.293+0000] {logging_mixin.py:151} INFO - [2026-01-14T05:22:49.293+0000] {dagbag.py:539} INFO - Filling up the DagBag from /opt/airflow/dags/postgres_bigquery_sync/activity_logs_sync.py
[2026-01-14T05:22:49.296+0000] {logging_mixin.py:151} INFO - [2026-01-14T05:22:49.295+0000] {dagbag.py:347} ERROR - Failed to import: /opt/airflow/dags/postgres_bigquery_sync/activity_logs_sync.py
Traceback (most recent call last):
  File "/home/airflow/.local/lib/python3.10/site-packages/airflow/models/dagbag.py", line 343, in parse
    loader.exec_module(new_module)
  File "<frozen importlib._bootstrap_external>", line 883, in exec_module
  File "<frozen importlib._bootstrap>", line 241, in _call_with_frames_removed
  File "/opt/airflow/dags/postgres_bigquery_sync/activity_logs_sync.py", line 22, in <module>
    from includes.sync_control import SyncControl
ModuleNotFoundError: No module named 'includes'
[2026-01-14T05:22:49.296+0000] {processor.py:841} WARNING - No viable dags retrieved from /opt/airflow/dags/postgres_bigquery_sync/activity_logs_sync.py
[2026-01-14T05:22:49.310+0000] {processor.py:179} INFO - Processing /opt/airflow/dags/postgres_bigquery_sync/activity_logs_sync.py took 0.020 seconds
[2026-01-14T05:23:19.877+0000] {processor.py:157} INFO - Started process (PID=773) to work on /opt/airflow/dags/postgres_bigquery_sync/activity_logs_sync.py
[2026-01-14T05:23:19.877+0000] {processor.py:829} INFO - Processing file /opt/airflow/dags/postgres_bigquery_sync/activity_logs_sync.py for tasks to queue
[2026-01-14T05:23:19.878+0000] {logging_mixin.py:151} INFO - [2026-01-14T05:23:19.878+0000] {dagbag.py:539} INFO - Filling up the DagBag from /opt/airflow/dags/postgres_bigquery_sync/activity_logs_sync.py
[2026-01-14T05:23:19.880+0000] {logging_mixin.py:151} INFO - [2026-01-14T05:23:19.880+0000] {dagbag.py:347} ERROR - Failed to import: /opt/airflow/dags/postgres_bigquery_sync/activity_logs_sync.py
Traceback (most recent call last):
  File "/home/airflow/.local/lib/python3.10/site-packages/airflow/models/dagbag.py", line 343, in parse
    loader.exec_module(new_module)
  File "<frozen importlib._bootstrap_external>", line 883, in exec_module
  File "<frozen importlib._bootstrap>", line 241, in _call_with_frames_removed
  File "/opt/airflow/dags/postgres_bigquery_sync/activity_logs_sync.py", line 22, in <module>
    from includes.sync_control import SyncControl
ModuleNotFoundError: No module named 'includes'
[2026-01-14T05:23:19.881+0000] {processor.py:841} WARNING - No viable dags retrieved from /opt/airflow/dags/postgres_bigquery_sync/activity_logs_sync.py
[2026-01-14T05:23:19.895+0000] {processor.py:179} INFO - Processing /opt/airflow/dags/postgres_bigquery_sync/activity_logs_sync.py took 0.021 seconds
[2026-01-14T05:23:50.452+0000] {processor.py:157} INFO - Started process (PID=835) to work on /opt/airflow/dags/postgres_bigquery_sync/activity_logs_sync.py
[2026-01-14T05:23:50.453+0000] {processor.py:829} INFO - Processing file /opt/airflow/dags/postgres_bigquery_sync/activity_logs_sync.py for tasks to queue
[2026-01-14T05:23:50.454+0000] {logging_mixin.py:151} INFO - [2026-01-14T05:23:50.454+0000] {dagbag.py:539} INFO - Filling up the DagBag from /opt/airflow/dags/postgres_bigquery_sync/activity_logs_sync.py
[2026-01-14T05:23:50.457+0000] {logging_mixin.py:151} INFO - [2026-01-14T05:23:50.457+0000] {dagbag.py:347} ERROR - Failed to import: /opt/airflow/dags/postgres_bigquery_sync/activity_logs_sync.py
Traceback (most recent call last):
  File "/home/airflow/.local/lib/python3.10/site-packages/airflow/models/dagbag.py", line 343, in parse
    loader.exec_module(new_module)
  File "<frozen importlib._bootstrap_external>", line 883, in exec_module
  File "<frozen importlib._bootstrap>", line 241, in _call_with_frames_removed
  File "/opt/airflow/dags/postgres_bigquery_sync/activity_logs_sync.py", line 22, in <module>
    from includes.sync_control import SyncControl
ModuleNotFoundError: No module named 'includes'
[2026-01-14T05:23:50.458+0000] {processor.py:841} WARNING - No viable dags retrieved from /opt/airflow/dags/postgres_bigquery_sync/activity_logs_sync.py
[2026-01-14T05:23:50.474+0000] {processor.py:179} INFO - Processing /opt/airflow/dags/postgres_bigquery_sync/activity_logs_sync.py took 0.025 seconds
[2026-01-14T05:24:20.948+0000] {processor.py:157} INFO - Started process (PID=897) to work on /opt/airflow/dags/postgres_bigquery_sync/activity_logs_sync.py
[2026-01-14T05:24:20.948+0000] {processor.py:829} INFO - Processing file /opt/airflow/dags/postgres_bigquery_sync/activity_logs_sync.py for tasks to queue
[2026-01-14T05:24:20.949+0000] {logging_mixin.py:151} INFO - [2026-01-14T05:24:20.949+0000] {dagbag.py:539} INFO - Filling up the DagBag from /opt/airflow/dags/postgres_bigquery_sync/activity_logs_sync.py
[2026-01-14T05:24:20.952+0000] {logging_mixin.py:151} INFO - [2026-01-14T05:24:20.951+0000] {dagbag.py:347} ERROR - Failed to import: /opt/airflow/dags/postgres_bigquery_sync/activity_logs_sync.py
Traceback (most recent call last):
  File "/home/airflow/.local/lib/python3.10/site-packages/airflow/models/dagbag.py", line 343, in parse
    loader.exec_module(new_module)
  File "<frozen importlib._bootstrap_external>", line 883, in exec_module
  File "<frozen importlib._bootstrap>", line 241, in _call_with_frames_removed
  File "/opt/airflow/dags/postgres_bigquery_sync/activity_logs_sync.py", line 22, in <module>
    from includes.sync_control import SyncControl
ModuleNotFoundError: No module named 'includes'
[2026-01-14T05:24:20.952+0000] {processor.py:841} WARNING - No viable dags retrieved from /opt/airflow/dags/postgres_bigquery_sync/activity_logs_sync.py
[2026-01-14T05:24:20.966+0000] {processor.py:179} INFO - Processing /opt/airflow/dags/postgres_bigquery_sync/activity_logs_sync.py took 0.021 seconds
[2026-01-14T05:24:51.513+0000] {processor.py:157} INFO - Started process (PID=959) to work on /opt/airflow/dags/postgres_bigquery_sync/activity_logs_sync.py
[2026-01-14T05:24:51.514+0000] {processor.py:829} INFO - Processing file /opt/airflow/dags/postgres_bigquery_sync/activity_logs_sync.py for tasks to queue
[2026-01-14T05:24:51.514+0000] {logging_mixin.py:151} INFO - [2026-01-14T05:24:51.514+0000] {dagbag.py:539} INFO - Filling up the DagBag from /opt/airflow/dags/postgres_bigquery_sync/activity_logs_sync.py
[2026-01-14T05:24:51.517+0000] {logging_mixin.py:151} INFO - [2026-01-14T05:24:51.516+0000] {dagbag.py:347} ERROR - Failed to import: /opt/airflow/dags/postgres_bigquery_sync/activity_logs_sync.py
Traceback (most recent call last):
  File "/home/airflow/.local/lib/python3.10/site-packages/airflow/models/dagbag.py", line 343, in parse
    loader.exec_module(new_module)
  File "<frozen importlib._bootstrap_external>", line 883, in exec_module
  File "<frozen importlib._bootstrap>", line 241, in _call_with_frames_removed
  File "/opt/airflow/dags/postgres_bigquery_sync/activity_logs_sync.py", line 22, in <module>
    from includes.sync_control import SyncControl
ModuleNotFoundError: No module named 'includes'
[2026-01-14T05:24:51.517+0000] {processor.py:841} WARNING - No viable dags retrieved from /opt/airflow/dags/postgres_bigquery_sync/activity_logs_sync.py
[2026-01-14T05:24:51.531+0000] {processor.py:179} INFO - Processing /opt/airflow/dags/postgres_bigquery_sync/activity_logs_sync.py took 0.020 seconds
[2026-01-14T05:25:22.306+0000] {processor.py:157} INFO - Started process (PID=1021) to work on /opt/airflow/dags/postgres_bigquery_sync/activity_logs_sync.py
[2026-01-14T05:25:22.306+0000] {processor.py:829} INFO - Processing file /opt/airflow/dags/postgres_bigquery_sync/activity_logs_sync.py for tasks to queue
[2026-01-14T05:25:22.306+0000] {logging_mixin.py:151} INFO - [2026-01-14T05:25:22.306+0000] {dagbag.py:539} INFO - Filling up the DagBag from /opt/airflow/dags/postgres_bigquery_sync/activity_logs_sync.py
[2026-01-14T05:25:22.308+0000] {logging_mixin.py:151} INFO - [2026-01-14T05:25:22.308+0000] {dagbag.py:347} ERROR - Failed to import: /opt/airflow/dags/postgres_bigquery_sync/activity_logs_sync.py
Traceback (most recent call last):
  File "/home/airflow/.local/lib/python3.10/site-packages/airflow/models/dagbag.py", line 343, in parse
    loader.exec_module(new_module)
  File "<frozen importlib._bootstrap_external>", line 883, in exec_module
  File "<frozen importlib._bootstrap>", line 241, in _call_with_frames_removed
  File "/opt/airflow/dags/postgres_bigquery_sync/activity_logs_sync.py", line 22, in <module>
    from includes.sync_control import SyncControl
ModuleNotFoundError: No module named 'includes'
[2026-01-14T05:25:22.308+0000] {processor.py:841} WARNING - No viable dags retrieved from /opt/airflow/dags/postgres_bigquery_sync/activity_logs_sync.py
[2026-01-14T05:25:22.321+0000] {processor.py:179} INFO - Processing /opt/airflow/dags/postgres_bigquery_sync/activity_logs_sync.py took 0.017 seconds
[2026-01-14T05:25:52.760+0000] {processor.py:157} INFO - Started process (PID=1083) to work on /opt/airflow/dags/postgres_bigquery_sync/activity_logs_sync.py
[2026-01-14T05:25:52.761+0000] {processor.py:829} INFO - Processing file /opt/airflow/dags/postgres_bigquery_sync/activity_logs_sync.py for tasks to queue
[2026-01-14T05:25:52.761+0000] {logging_mixin.py:151} INFO - [2026-01-14T05:25:52.761+0000] {dagbag.py:539} INFO - Filling up the DagBag from /opt/airflow/dags/postgres_bigquery_sync/activity_logs_sync.py
[2026-01-14T05:25:52.763+0000] {logging_mixin.py:151} INFO - [2026-01-14T05:25:52.763+0000] {dagbag.py:347} ERROR - Failed to import: /opt/airflow/dags/postgres_bigquery_sync/activity_logs_sync.py
Traceback (most recent call last):
  File "/home/airflow/.local/lib/python3.10/site-packages/airflow/models/dagbag.py", line 343, in parse
    loader.exec_module(new_module)
  File "<frozen importlib._bootstrap_external>", line 883, in exec_module
  File "<frozen importlib._bootstrap>", line 241, in _call_with_frames_removed
  File "/opt/airflow/dags/postgres_bigquery_sync/activity_logs_sync.py", line 22, in <module>
    from includes.sync_control import SyncControl
ModuleNotFoundError: No module named 'includes'
[2026-01-14T05:25:52.763+0000] {processor.py:841} WARNING - No viable dags retrieved from /opt/airflow/dags/postgres_bigquery_sync/activity_logs_sync.py
[2026-01-14T05:25:52.774+0000] {processor.py:179} INFO - Processing /opt/airflow/dags/postgres_bigquery_sync/activity_logs_sync.py took 0.015 seconds
[2026-01-14T05:26:23.253+0000] {processor.py:157} INFO - Started process (PID=1145) to work on /opt/airflow/dags/postgres_bigquery_sync/activity_logs_sync.py
[2026-01-14T05:26:23.253+0000] {processor.py:829} INFO - Processing file /opt/airflow/dags/postgres_bigquery_sync/activity_logs_sync.py for tasks to queue
[2026-01-14T05:26:23.253+0000] {logging_mixin.py:151} INFO - [2026-01-14T05:26:23.253+0000] {dagbag.py:539} INFO - Filling up the DagBag from /opt/airflow/dags/postgres_bigquery_sync/activity_logs_sync.py
[2026-01-14T05:26:23.255+0000] {logging_mixin.py:151} INFO - [2026-01-14T05:26:23.255+0000] {dagbag.py:347} ERROR - Failed to import: /opt/airflow/dags/postgres_bigquery_sync/activity_logs_sync.py
Traceback (most recent call last):
  File "/home/airflow/.local/lib/python3.10/site-packages/airflow/models/dagbag.py", line 343, in parse
    loader.exec_module(new_module)
  File "<frozen importlib._bootstrap_external>", line 883, in exec_module
  File "<frozen importlib._bootstrap>", line 241, in _call_with_frames_removed
  File "/opt/airflow/dags/postgres_bigquery_sync/activity_logs_sync.py", line 22, in <module>
    from includes.sync_control import SyncControl
ModuleNotFoundError: No module named 'includes'
[2026-01-14T05:26:23.255+0000] {processor.py:841} WARNING - No viable dags retrieved from /opt/airflow/dags/postgres_bigquery_sync/activity_logs_sync.py
[2026-01-14T05:26:23.265+0000] {processor.py:179} INFO - Processing /opt/airflow/dags/postgres_bigquery_sync/activity_logs_sync.py took 0.014 seconds
[2026-01-14T05:26:53.731+0000] {processor.py:157} INFO - Started process (PID=1207) to work on /opt/airflow/dags/postgres_bigquery_sync/activity_logs_sync.py
[2026-01-14T05:26:53.732+0000] {processor.py:829} INFO - Processing file /opt/airflow/dags/postgres_bigquery_sync/activity_logs_sync.py for tasks to queue
[2026-01-14T05:26:53.732+0000] {logging_mixin.py:151} INFO - [2026-01-14T05:26:53.732+0000] {dagbag.py:539} INFO - Filling up the DagBag from /opt/airflow/dags/postgres_bigquery_sync/activity_logs_sync.py
[2026-01-14T05:26:53.734+0000] {logging_mixin.py:151} INFO - [2026-01-14T05:26:53.733+0000] {dagbag.py:347} ERROR - Failed to import: /opt/airflow/dags/postgres_bigquery_sync/activity_logs_sync.py
Traceback (most recent call last):
  File "/home/airflow/.local/lib/python3.10/site-packages/airflow/models/dagbag.py", line 343, in parse
    loader.exec_module(new_module)
  File "<frozen importlib._bootstrap_external>", line 883, in exec_module
  File "<frozen importlib._bootstrap>", line 241, in _call_with_frames_removed
  File "/opt/airflow/dags/postgres_bigquery_sync/activity_logs_sync.py", line 22, in <module>
    from includes.sync_control import SyncControl
ModuleNotFoundError: No module named 'includes'
[2026-01-14T05:26:53.734+0000] {processor.py:841} WARNING - No viable dags retrieved from /opt/airflow/dags/postgres_bigquery_sync/activity_logs_sync.py
[2026-01-14T05:26:53.744+0000] {processor.py:179} INFO - Processing /opt/airflow/dags/postgres_bigquery_sync/activity_logs_sync.py took 0.014 seconds
[2026-01-14T05:27:24.210+0000] {processor.py:157} INFO - Started process (PID=1269) to work on /opt/airflow/dags/postgres_bigquery_sync/activity_logs_sync.py
[2026-01-14T05:27:24.210+0000] {processor.py:829} INFO - Processing file /opt/airflow/dags/postgres_bigquery_sync/activity_logs_sync.py for tasks to queue
[2026-01-14T05:27:24.211+0000] {logging_mixin.py:151} INFO - [2026-01-14T05:27:24.210+0000] {dagbag.py:539} INFO - Filling up the DagBag from /opt/airflow/dags/postgres_bigquery_sync/activity_logs_sync.py
[2026-01-14T05:27:24.213+0000] {logging_mixin.py:151} INFO - [2026-01-14T05:27:24.212+0000] {dagbag.py:347} ERROR - Failed to import: /opt/airflow/dags/postgres_bigquery_sync/activity_logs_sync.py
Traceback (most recent call last):
  File "/home/airflow/.local/lib/python3.10/site-packages/airflow/models/dagbag.py", line 343, in parse
    loader.exec_module(new_module)
  File "<frozen importlib._bootstrap_external>", line 883, in exec_module
  File "<frozen importlib._bootstrap>", line 241, in _call_with_frames_removed
  File "/opt/airflow/dags/postgres_bigquery_sync/activity_logs_sync.py", line 22, in <module>
    from includes.sync_control import SyncControl
ModuleNotFoundError: No module named 'includes'
[2026-01-14T05:27:24.213+0000] {processor.py:841} WARNING - No viable dags retrieved from /opt/airflow/dags/postgres_bigquery_sync/activity_logs_sync.py
[2026-01-14T05:27:24.225+0000] {processor.py:179} INFO - Processing /opt/airflow/dags/postgres_bigquery_sync/activity_logs_sync.py took 0.018 seconds
[2026-01-14T05:27:45.259+0000] {processor.py:157} INFO - Started process (PID=213) to work on /opt/airflow/dags/postgres_bigquery_sync/activity_logs_sync.py
[2026-01-14T05:27:45.259+0000] {processor.py:829} INFO - Processing file /opt/airflow/dags/postgres_bigquery_sync/activity_logs_sync.py for tasks to queue
[2026-01-14T05:27:45.259+0000] {logging_mixin.py:151} INFO - [2026-01-14T05:27:45.259+0000] {dagbag.py:539} INFO - Filling up the DagBag from /opt/airflow/dags/postgres_bigquery_sync/activity_logs_sync.py
[2026-01-14T05:27:45.262+0000] {logging_mixin.py:151} INFO - [2026-01-14T05:27:45.261+0000] {dagbag.py:347} ERROR - Failed to import: /opt/airflow/dags/postgres_bigquery_sync/activity_logs_sync.py
Traceback (most recent call last):
  File "/home/airflow/.local/lib/python3.10/site-packages/airflow/models/dagbag.py", line 343, in parse
    loader.exec_module(new_module)
  File "<frozen importlib._bootstrap_external>", line 883, in exec_module
  File "<frozen importlib._bootstrap>", line 241, in _call_with_frames_removed
  File "/opt/airflow/dags/postgres_bigquery_sync/activity_logs_sync.py", line 22, in <module>
    from includes.sync_control import SyncControl
ModuleNotFoundError: No module named 'includes'
[2026-01-14T05:27:45.262+0000] {processor.py:841} WARNING - No viable dags retrieved from /opt/airflow/dags/postgres_bigquery_sync/activity_logs_sync.py
[2026-01-14T05:27:45.274+0000] {processor.py:179} INFO - Processing /opt/airflow/dags/postgres_bigquery_sync/activity_logs_sync.py took 0.017 seconds
[2026-01-14T05:28:15.696+0000] {processor.py:157} INFO - Started process (PID=277) to work on /opt/airflow/dags/postgres_bigquery_sync/activity_logs_sync.py
[2026-01-14T05:28:15.696+0000] {processor.py:829} INFO - Processing file /opt/airflow/dags/postgres_bigquery_sync/activity_logs_sync.py for tasks to queue
[2026-01-14T05:28:15.697+0000] {logging_mixin.py:151} INFO - [2026-01-14T05:28:15.697+0000] {dagbag.py:539} INFO - Filling up the DagBag from /opt/airflow/dags/postgres_bigquery_sync/activity_logs_sync.py
[2026-01-14T05:28:15.698+0000] {logging_mixin.py:151} INFO - [2026-01-14T05:28:15.698+0000] {dagbag.py:347} ERROR - Failed to import: /opt/airflow/dags/postgres_bigquery_sync/activity_logs_sync.py
Traceback (most recent call last):
  File "/home/airflow/.local/lib/python3.10/site-packages/airflow/models/dagbag.py", line 343, in parse
    loader.exec_module(new_module)
  File "<frozen importlib._bootstrap_external>", line 883, in exec_module
  File "<frozen importlib._bootstrap>", line 241, in _call_with_frames_removed
  File "/opt/airflow/dags/postgres_bigquery_sync/activity_logs_sync.py", line 22, in <module>
    from includes.sync_control import SyncControl
ModuleNotFoundError: No module named 'includes'
[2026-01-14T05:28:15.699+0000] {processor.py:841} WARNING - No viable dags retrieved from /opt/airflow/dags/postgres_bigquery_sync/activity_logs_sync.py
[2026-01-14T05:28:15.708+0000] {processor.py:179} INFO - Processing /opt/airflow/dags/postgres_bigquery_sync/activity_logs_sync.py took 0.014 seconds
