[2026-01-14T05:28:47.839+0000] {processor.py:157} INFO - Started process (PID=164) to work on /opt/airflow/dags/ecommerce_analytics/dags/integration_usage_daily.py
[2026-01-14T05:28:47.840+0000] {processor.py:829} INFO - Processing file /opt/airflow/dags/ecommerce_analytics/dags/integration_usage_daily.py for tasks to queue
[2026-01-14T05:28:47.840+0000] {logging_mixin.py:151} INFO - [2026-01-14T05:28:47.840+0000] {dagbag.py:539} INFO - Filling up the DagBag from /opt/airflow/dags/ecommerce_analytics/dags/integration_usage_daily.py
[2026-01-14T05:28:49.085+0000] {processor.py:839} INFO - DAG(s) dict_keys(['ecommerce_integration_usage_daily']) retrieved from /opt/airflow/dags/ecommerce_analytics/dags/integration_usage_daily.py
[2026-01-14T05:28:49.093+0000] {logging_mixin.py:151} INFO - [2026-01-14T05:28:49.092+0000] {dag.py:2907} INFO - Sync 1 DAGs
[2026-01-14T05:28:49.206+0000] {logging_mixin.py:151} INFO - [2026-01-14T05:28:49.205+0000] {dag.py:3677} INFO - Setting next_dagrun for ecommerce_integration_usage_daily to 2026-01-13T04:00:00+00:00, run_after=2026-01-14T04:00:00+00:00
[2026-01-14T05:28:49.217+0000] {processor.py:179} INFO - Processing /opt/airflow/dags/ecommerce_analytics/dags/integration_usage_daily.py took 1.382 seconds
[2026-01-14T05:29:19.994+0000] {processor.py:157} INFO - Started process (PID=246) to work on /opt/airflow/dags/ecommerce_analytics/dags/integration_usage_daily.py
[2026-01-14T05:29:19.995+0000] {processor.py:829} INFO - Processing file /opt/airflow/dags/ecommerce_analytics/dags/integration_usage_daily.py for tasks to queue
[2026-01-14T05:29:19.998+0000] {logging_mixin.py:151} INFO - [2026-01-14T05:29:19.997+0000] {dagbag.py:539} INFO - Filling up the DagBag from /opt/airflow/dags/ecommerce_analytics/dags/integration_usage_daily.py
[2026-01-14T05:29:20.018+0000] {processor.py:839} INFO - DAG(s) dict_keys(['ecommerce_integration_usage_daily']) retrieved from /opt/airflow/dags/ecommerce_analytics/dags/integration_usage_daily.py
[2026-01-14T05:29:20.049+0000] {logging_mixin.py:151} INFO - [2026-01-14T05:29:20.048+0000] {dag.py:2907} INFO - Sync 1 DAGs
[2026-01-14T05:29:20.071+0000] {logging_mixin.py:151} INFO - [2026-01-14T05:29:20.071+0000] {dag.py:3677} INFO - Setting next_dagrun for ecommerce_integration_usage_daily to 2026-01-13T04:00:00+00:00, run_after=2026-01-14T04:00:00+00:00
[2026-01-14T05:29:20.082+0000] {processor.py:179} INFO - Processing /opt/airflow/dags/ecommerce_analytics/dags/integration_usage_daily.py took 0.105 seconds
[2026-01-14T05:29:50.590+0000] {processor.py:157} INFO - Started process (PID=318) to work on /opt/airflow/dags/ecommerce_analytics/dags/integration_usage_daily.py
[2026-01-14T05:29:50.599+0000] {processor.py:829} INFO - Processing file /opt/airflow/dags/ecommerce_analytics/dags/integration_usage_daily.py for tasks to queue
[2026-01-14T05:29:50.609+0000] {logging_mixin.py:151} INFO - [2026-01-14T05:29:50.609+0000] {dagbag.py:539} INFO - Filling up the DagBag from /opt/airflow/dags/ecommerce_analytics/dags/integration_usage_daily.py
[2026-01-14T05:29:50.618+0000] {processor.py:839} INFO - DAG(s) dict_keys(['ecommerce_integration_usage_daily']) retrieved from /opt/airflow/dags/ecommerce_analytics/dags/integration_usage_daily.py
[2026-01-14T05:29:50.636+0000] {logging_mixin.py:151} INFO - [2026-01-14T05:29:50.635+0000] {dag.py:2907} INFO - Sync 1 DAGs
[2026-01-14T05:29:50.650+0000] {logging_mixin.py:151} INFO - [2026-01-14T05:29:50.650+0000] {dag.py:3677} INFO - Setting next_dagrun for ecommerce_integration_usage_daily to 2026-01-13T04:00:00+00:00, run_after=2026-01-14T04:00:00+00:00
[2026-01-14T05:29:50.660+0000] {processor.py:179} INFO - Processing /opt/airflow/dags/ecommerce_analytics/dags/integration_usage_daily.py took 0.074 seconds
[2026-01-14T05:30:21.176+0000] {processor.py:157} INFO - Started process (PID=401) to work on /opt/airflow/dags/ecommerce_analytics/dags/integration_usage_daily.py
[2026-01-14T05:30:21.177+0000] {processor.py:829} INFO - Processing file /opt/airflow/dags/ecommerce_analytics/dags/integration_usage_daily.py for tasks to queue
[2026-01-14T05:30:21.182+0000] {logging_mixin.py:151} INFO - [2026-01-14T05:30:21.181+0000] {dagbag.py:539} INFO - Filling up the DagBag from /opt/airflow/dags/ecommerce_analytics/dags/integration_usage_daily.py
[2026-01-14T05:30:21.196+0000] {processor.py:839} INFO - DAG(s) dict_keys(['ecommerce_integration_usage_daily']) retrieved from /opt/airflow/dags/ecommerce_analytics/dags/integration_usage_daily.py
[2026-01-14T05:30:21.212+0000] {logging_mixin.py:151} INFO - [2026-01-14T05:30:21.212+0000] {dag.py:2907} INFO - Sync 1 DAGs
[2026-01-14T05:30:21.225+0000] {logging_mixin.py:151} INFO - [2026-01-14T05:30:21.225+0000] {dag.py:3677} INFO - Setting next_dagrun for ecommerce_integration_usage_daily to 2026-01-13T04:00:00+00:00, run_after=2026-01-14T04:00:00+00:00
[2026-01-14T05:30:21.233+0000] {processor.py:179} INFO - Processing /opt/airflow/dags/ecommerce_analytics/dags/integration_usage_daily.py took 0.063 seconds
[2026-01-14T05:30:51.756+0000] {processor.py:157} INFO - Started process (PID=473) to work on /opt/airflow/dags/ecommerce_analytics/dags/integration_usage_daily.py
[2026-01-14T05:30:51.758+0000] {processor.py:829} INFO - Processing file /opt/airflow/dags/ecommerce_analytics/dags/integration_usage_daily.py for tasks to queue
[2026-01-14T05:30:51.763+0000] {logging_mixin.py:151} INFO - [2026-01-14T05:30:51.762+0000] {dagbag.py:539} INFO - Filling up the DagBag from /opt/airflow/dags/ecommerce_analytics/dags/integration_usage_daily.py
[2026-01-14T05:30:51.781+0000] {processor.py:839} INFO - DAG(s) dict_keys(['ecommerce_integration_usage_daily']) retrieved from /opt/airflow/dags/ecommerce_analytics/dags/integration_usage_daily.py
[2026-01-14T05:30:51.799+0000] {logging_mixin.py:151} INFO - [2026-01-14T05:30:51.799+0000] {dag.py:2907} INFO - Sync 1 DAGs
[2026-01-14T05:30:51.813+0000] {logging_mixin.py:151} INFO - [2026-01-14T05:30:51.813+0000] {dag.py:3677} INFO - Setting next_dagrun for ecommerce_integration_usage_daily to 2026-01-13T04:00:00+00:00, run_after=2026-01-14T04:00:00+00:00
[2026-01-14T05:30:51.822+0000] {processor.py:179} INFO - Processing /opt/airflow/dags/ecommerce_analytics/dags/integration_usage_daily.py took 0.074 seconds
[2026-01-14T05:31:22.270+0000] {processor.py:157} INFO - Started process (PID=545) to work on /opt/airflow/dags/ecommerce_analytics/dags/integration_usage_daily.py
[2026-01-14T05:31:22.272+0000] {processor.py:829} INFO - Processing file /opt/airflow/dags/ecommerce_analytics/dags/integration_usage_daily.py for tasks to queue
[2026-01-14T05:31:22.277+0000] {logging_mixin.py:151} INFO - [2026-01-14T05:31:22.276+0000] {dagbag.py:539} INFO - Filling up the DagBag from /opt/airflow/dags/ecommerce_analytics/dags/integration_usage_daily.py
[2026-01-14T05:31:22.293+0000] {processor.py:839} INFO - DAG(s) dict_keys(['ecommerce_integration_usage_daily']) retrieved from /opt/airflow/dags/ecommerce_analytics/dags/integration_usage_daily.py
[2026-01-14T05:31:22.309+0000] {logging_mixin.py:151} INFO - [2026-01-14T05:31:22.309+0000] {dag.py:2907} INFO - Sync 1 DAGs
[2026-01-14T05:31:22.323+0000] {logging_mixin.py:151} INFO - [2026-01-14T05:31:22.322+0000] {dag.py:3677} INFO - Setting next_dagrun for ecommerce_integration_usage_daily to 2026-01-13T04:00:00+00:00, run_after=2026-01-14T04:00:00+00:00
[2026-01-14T05:31:22.336+0000] {processor.py:179} INFO - Processing /opt/airflow/dags/ecommerce_analytics/dags/integration_usage_daily.py took 0.072 seconds
[2026-01-14T05:31:52.755+0000] {processor.py:157} INFO - Started process (PID=618) to work on /opt/airflow/dags/ecommerce_analytics/dags/integration_usage_daily.py
[2026-01-14T05:31:52.756+0000] {processor.py:829} INFO - Processing file /opt/airflow/dags/ecommerce_analytics/dags/integration_usage_daily.py for tasks to queue
[2026-01-14T05:31:52.759+0000] {logging_mixin.py:151} INFO - [2026-01-14T05:31:52.758+0000] {dagbag.py:539} INFO - Filling up the DagBag from /opt/airflow/dags/ecommerce_analytics/dags/integration_usage_daily.py
[2026-01-14T05:31:52.769+0000] {processor.py:839} INFO - DAG(s) dict_keys(['ecommerce_integration_usage_daily']) retrieved from /opt/airflow/dags/ecommerce_analytics/dags/integration_usage_daily.py
[2026-01-14T05:31:52.783+0000] {logging_mixin.py:151} INFO - [2026-01-14T05:31:52.782+0000] {dag.py:2907} INFO - Sync 1 DAGs
[2026-01-14T05:31:52.793+0000] {logging_mixin.py:151} INFO - [2026-01-14T05:31:52.793+0000] {dag.py:3677} INFO - Setting next_dagrun for ecommerce_integration_usage_daily to 2026-01-13T04:00:00+00:00, run_after=2026-01-14T04:00:00+00:00
[2026-01-14T05:31:52.802+0000] {processor.py:179} INFO - Processing /opt/airflow/dags/ecommerce_analytics/dags/integration_usage_daily.py took 0.053 seconds
[2026-01-14T05:32:23.307+0000] {processor.py:157} INFO - Started process (PID=690) to work on /opt/airflow/dags/ecommerce_analytics/dags/integration_usage_daily.py
[2026-01-14T05:32:23.310+0000] {processor.py:829} INFO - Processing file /opt/airflow/dags/ecommerce_analytics/dags/integration_usage_daily.py for tasks to queue
[2026-01-14T05:32:23.318+0000] {logging_mixin.py:151} INFO - [2026-01-14T05:32:23.318+0000] {dagbag.py:539} INFO - Filling up the DagBag from /opt/airflow/dags/ecommerce_analytics/dags/integration_usage_daily.py
[2026-01-14T05:32:23.338+0000] {processor.py:839} INFO - DAG(s) dict_keys(['ecommerce_integration_usage_daily']) retrieved from /opt/airflow/dags/ecommerce_analytics/dags/integration_usage_daily.py
[2026-01-14T05:32:23.358+0000] {logging_mixin.py:151} INFO - [2026-01-14T05:32:23.358+0000] {dag.py:2907} INFO - Sync 1 DAGs
[2026-01-14T05:32:23.374+0000] {logging_mixin.py:151} INFO - [2026-01-14T05:32:23.374+0000] {dag.py:3677} INFO - Setting next_dagrun for ecommerce_integration_usage_daily to 2026-01-13T04:00:00+00:00, run_after=2026-01-14T04:00:00+00:00
[2026-01-14T05:32:23.383+0000] {processor.py:179} INFO - Processing /opt/airflow/dags/ecommerce_analytics/dags/integration_usage_daily.py took 0.084 seconds
