[2026-01-14T05:18:43.040+0000] {manager.py:488} INFO - Processing files using up to 2 processes at a time 
[2026-01-14T05:18:43.041+0000] {manager.py:489} INFO - Process each file at most once every 30 seconds
[2026-01-14T05:18:43.041+0000] {manager.py:490} INFO - Checking for new files in /opt/airflow/dags every 300 seconds
[2026-01-14T05:18:43.042+0000] {manager.py:760} INFO - Searching for files in /opt/airflow/dags
[2026-01-14T05:18:43.054+0000] {manager.py:763} INFO - There are 11 files in /opt/airflow/dags
[2026-01-14T05:18:43.240+0000] {manager.py:888} INFO - 
================================================================================
DAG File Processing Stats

File Path                                                            PID  Runtime      # DAGs    # Errors  Last Runtime    Last Run
-----------------------------------------------------------------  -----  ---------  --------  ----------  --------------  ----------
/opt/airflow/dags/gdpr_anonymization/anonymize_user_data.py                                 0           0
/opt/airflow/dags/alerting/pipeline_alerting.py                                             0           0
/opt/airflow/dags/backfill_manager/managed_backfill.py                                      0           0
/opt/airflow/dags/data_quality/data_quality_checks.py                                       0           0
/opt/airflow/dags/ecommerce_analytics/sending_stats_30d.py                                  0           0
/opt/airflow/dags/ecommerce_analytics/integration_usage_daily.py     165  0.06s             0           0
/opt/airflow/dags/postgres_bigquery_sync/activity_logs_sync.py                              0           0
/opt/airflow/dags/monthly_snapshots/campaigns_monthly_snapshot.py                           0           0
/opt/airflow/dags/api_warehouse_sync/affiliate_partners_sync.py                             0           0
/opt/airflow/dags/clickhouse_sync/postgres_to_clickhouse_sync.py                            0           0
/opt/airflow/dags/data_lineage/lineage_enabled_etl.py                168  0.04s             0           0
================================================================================
[2026-01-14T05:19:13.843+0000] {manager.py:888} INFO - 
================================================================================
DAG File Processing Stats

File Path                                                            PID  Runtime      # DAGs    # Errors  Last Runtime    Last Run
-----------------------------------------------------------------  -----  ---------  --------  ----------  --------------  -------------------
/opt/airflow/dags/gdpr_anonymization/anonymize_user_data.py                                 0           1  0.69s           2026-01-14T05:18:44
/opt/airflow/dags/alerting/pipeline_alerting.py                                             0           1  0.17s           2026-01-14T05:18:43
/opt/airflow/dags/backfill_manager/managed_backfill.py                                      0           1  0.16s           2026-01-14T05:18:43
/opt/airflow/dags/data_quality/data_quality_checks.py                                       0           1  0.12s           2026-01-14T05:18:43
/opt/airflow/dags/ecommerce_analytics/sending_stats_30d.py                                  0           1  0.73s           2026-01-14T05:18:44
/opt/airflow/dags/ecommerce_analytics/integration_usage_daily.py     227  0.02s             0           1  0.10s           2026-01-14T05:18:43
/opt/airflow/dags/postgres_bigquery_sync/activity_logs_sync.py                              0           1  0.07s           2026-01-14T05:18:44
/opt/airflow/dags/monthly_snapshots/campaigns_monthly_snapshot.py                           0           1  0.21s           2026-01-14T05:18:43
/opt/airflow/dags/api_warehouse_sync/affiliate_partners_sync.py                             0           1  0.09s           2026-01-14T05:18:44
/opt/airflow/dags/clickhouse_sync/postgres_to_clickhouse_sync.py                            0           1  0.20s           2026-01-14T05:18:43
/opt/airflow/dags/data_lineage/lineage_enabled_etl.py                230  0.01s             0           1  0.09s           2026-01-14T05:18:43
================================================================================
[2026-01-14T05:19:44.360+0000] {manager.py:888} INFO - 
================================================================================
DAG File Processing Stats

File Path                                                            PID  Runtime      # DAGs    # Errors  Last Runtime    Last Run
-----------------------------------------------------------------  -----  ---------  --------  ----------  --------------  -------------------
/opt/airflow/dags/gdpr_anonymization/anonymize_user_data.py                                 0           1  0.04s           2026-01-14T05:19:15
/opt/airflow/dags/alerting/pipeline_alerting.py                                             0           1  0.03s           2026-01-14T05:19:13
/opt/airflow/dags/backfill_manager/managed_backfill.py                                      0           1  0.03s           2026-01-14T05:19:13
/opt/airflow/dags/data_quality/data_quality_checks.py                                       0           1  0.03s           2026-01-14T05:19:13
/opt/airflow/dags/ecommerce_analytics/sending_stats_30d.py                                  0           1  0.05s           2026-01-14T05:19:15
/opt/airflow/dags/ecommerce_analytics/integration_usage_daily.py     289  0.02s             0           1  0.05s           2026-01-14T05:19:13
/opt/airflow/dags/postgres_bigquery_sync/activity_logs_sync.py                              0           1  0.03s           2026-01-14T05:19:15
/opt/airflow/dags/monthly_snapshots/campaigns_monthly_snapshot.py                           0           1  0.03s           2026-01-14T05:19:14
/opt/airflow/dags/api_warehouse_sync/affiliate_partners_sync.py                             0           1  0.03s           2026-01-14T05:19:15
/opt/airflow/dags/clickhouse_sync/postgres_to_clickhouse_sync.py                            0           1  0.03s           2026-01-14T05:19:13
/opt/airflow/dags/data_lineage/lineage_enabled_etl.py                292  0.00s             0           1  0.05s           2026-01-14T05:19:13
================================================================================
[2026-01-14T05:20:15.160+0000] {manager.py:888} INFO - 
================================================================================
DAG File Processing Stats

File Path                                                            PID  Runtime      # DAGs    # Errors  Last Runtime    Last Run
-----------------------------------------------------------------  -----  ---------  --------  ----------  --------------  -------------------
/opt/airflow/dags/gdpr_anonymization/anonymize_user_data.py                                 0           1  0.04s           2026-01-14T05:19:45
/opt/airflow/dags/alerting/pipeline_alerting.py                                             0           1  0.17s           2026-01-14T05:19:44
/opt/airflow/dags/backfill_manager/managed_backfill.py                                      0           1  0.18s           2026-01-14T05:19:44
/opt/airflow/dags/data_quality/data_quality_checks.py                                       0           1  0.04s           2026-01-14T05:19:44
/opt/airflow/dags/ecommerce_analytics/sending_stats_30d.py                                  0           1  0.05s           2026-01-14T05:19:45
/opt/airflow/dags/ecommerce_analytics/integration_usage_daily.py     351  0.01s             0           1  0.06s           2026-01-14T05:19:44
/opt/airflow/dags/postgres_bigquery_sync/activity_logs_sync.py                              0           1  0.03s           2026-01-14T05:19:45
/opt/airflow/dags/monthly_snapshots/campaigns_monthly_snapshot.py                           0           1  0.03s           2026-01-14T05:19:44
/opt/airflow/dags/api_warehouse_sync/affiliate_partners_sync.py                             0           1  0.03s           2026-01-14T05:19:45
/opt/airflow/dags/clickhouse_sync/postgres_to_clickhouse_sync.py                            0           1  0.03s           2026-01-14T05:19:44
/opt/airflow/dags/data_lineage/lineage_enabled_etl.py                354  0.00s             0           1  0.05s           2026-01-14T05:19:44
================================================================================
[2026-01-14T05:20:45.713+0000] {manager.py:888} INFO - 
================================================================================
DAG File Processing Stats

File Path                                                            PID  Runtime      # DAGs    # Errors  Last Runtime    Last Run
-----------------------------------------------------------------  -----  ---------  --------  ----------  --------------  -------------------
/opt/airflow/dags/gdpr_anonymization/anonymize_user_data.py                                 0           1  0.05s           2026-01-14T05:20:16
/opt/airflow/dags/alerting/pipeline_alerting.py                                             0           1  0.04s           2026-01-14T05:20:15
/opt/airflow/dags/backfill_manager/managed_backfill.py                                      0           1  0.03s           2026-01-14T05:20:15
/opt/airflow/dags/data_quality/data_quality_checks.py                                       0           1  0.04s           2026-01-14T05:20:15
/opt/airflow/dags/ecommerce_analytics/sending_stats_30d.py                                  0           1  0.06s           2026-01-14T05:20:16
/opt/airflow/dags/ecommerce_analytics/integration_usage_daily.py     413  0.02s             0           1  0.05s           2026-01-14T05:20:15
/opt/airflow/dags/postgres_bigquery_sync/activity_logs_sync.py                              0           1  0.03s           2026-01-14T05:20:16
/opt/airflow/dags/monthly_snapshots/campaigns_monthly_snapshot.py                           0           1  0.03s           2026-01-14T05:20:15
/opt/airflow/dags/api_warehouse_sync/affiliate_partners_sync.py                             0           1  0.03s           2026-01-14T05:20:16
/opt/airflow/dags/clickhouse_sync/postgres_to_clickhouse_sync.py                            0           1  0.03s           2026-01-14T05:20:15
/opt/airflow/dags/data_lineage/lineage_enabled_etl.py                416  0.00s             0           1  0.04s           2026-01-14T05:20:15
================================================================================
[2026-01-14T05:21:16.336+0000] {manager.py:888} INFO - 
================================================================================
DAG File Processing Stats

File Path                                                            PID  Runtime      # DAGs    # Errors  Last Runtime    Last Run
-----------------------------------------------------------------  -----  ---------  --------  ----------  --------------  -------------------
/opt/airflow/dags/gdpr_anonymization/anonymize_user_data.py                                 0           1  0.04s           2026-01-14T05:20:46
/opt/airflow/dags/alerting/pipeline_alerting.py                                             0           1  0.03s           2026-01-14T05:20:45
/opt/airflow/dags/backfill_manager/managed_backfill.py                                      0           1  0.03s           2026-01-14T05:20:45
/opt/airflow/dags/data_quality/data_quality_checks.py                                       0           1  0.03s           2026-01-14T05:20:45
/opt/airflow/dags/ecommerce_analytics/sending_stats_30d.py                                  0           1  0.06s           2026-01-14T05:20:46
/opt/airflow/dags/ecommerce_analytics/integration_usage_daily.py     475  0.02s             0           1  0.06s           2026-01-14T05:20:45
/opt/airflow/dags/postgres_bigquery_sync/activity_logs_sync.py                              0           1  0.03s           2026-01-14T05:20:46
/opt/airflow/dags/monthly_snapshots/campaigns_monthly_snapshot.py                           0           1  0.03s           2026-01-14T05:20:45
/opt/airflow/dags/api_warehouse_sync/affiliate_partners_sync.py                             0           1  0.03s           2026-01-14T05:20:46
/opt/airflow/dags/clickhouse_sync/postgres_to_clickhouse_sync.py                            0           1  0.03s           2026-01-14T05:20:45
/opt/airflow/dags/data_lineage/lineage_enabled_etl.py                478  0.00s             0           1  0.05s           2026-01-14T05:20:45
================================================================================
[2026-01-14T05:21:46.933+0000] {manager.py:888} INFO - 
================================================================================
DAG File Processing Stats

File Path                                                            PID  Runtime      # DAGs    # Errors  Last Runtime    Last Run
-----------------------------------------------------------------  -----  ---------  --------  ----------  --------------  -------------------
/opt/airflow/dags/gdpr_anonymization/anonymize_user_data.py                                 0           1  0.05s           2026-01-14T05:21:17
/opt/airflow/dags/alerting/pipeline_alerting.py                                             0           1  0.03s           2026-01-14T05:21:16
/opt/airflow/dags/backfill_manager/managed_backfill.py                                      0           1  0.03s           2026-01-14T05:21:16
/opt/airflow/dags/data_quality/data_quality_checks.py                                       0           1  0.03s           2026-01-14T05:21:16
/opt/airflow/dags/ecommerce_analytics/sending_stats_30d.py                                  0           1  0.06s           2026-01-14T05:21:17
/opt/airflow/dags/ecommerce_analytics/integration_usage_daily.py     537  0.05s             0           1  0.05s           2026-01-14T05:21:16
/opt/airflow/dags/postgres_bigquery_sync/activity_logs_sync.py                              0           1  0.03s           2026-01-14T05:21:17
/opt/airflow/dags/monthly_snapshots/campaigns_monthly_snapshot.py                           0           1  0.03s           2026-01-14T05:21:16
/opt/airflow/dags/api_warehouse_sync/affiliate_partners_sync.py                             0           1  0.03s           2026-01-14T05:21:17
/opt/airflow/dags/clickhouse_sync/postgres_to_clickhouse_sync.py                            0           1  0.03s           2026-01-14T05:21:16
/opt/airflow/dags/data_lineage/lineage_enabled_etl.py                540  0.02s             0           1  0.04s           2026-01-14T05:21:16
================================================================================
[2026-01-14T05:22:17.530+0000] {manager.py:888} INFO - 
================================================================================
DAG File Processing Stats

File Path                                                            PID  Runtime      # DAGs    # Errors  Last Runtime    Last Run
-----------------------------------------------------------------  -----  ---------  --------  ----------  --------------  -------------------
/opt/airflow/dags/gdpr_anonymization/anonymize_user_data.py                                 0           1  0.04s           2026-01-14T05:21:48
/opt/airflow/dags/alerting/pipeline_alerting.py                                             0           1  0.03s           2026-01-14T05:21:47
/opt/airflow/dags/backfill_manager/managed_backfill.py                                      0           1  0.03s           2026-01-14T05:21:47
/opt/airflow/dags/data_quality/data_quality_checks.py                                       0           1  0.03s           2026-01-14T05:21:47
/opt/airflow/dags/ecommerce_analytics/sending_stats_30d.py                                  0           1  0.04s           2026-01-14T05:21:48
/opt/airflow/dags/ecommerce_analytics/integration_usage_daily.py     599  0.02s             0           1  0.09s           2026-01-14T05:21:46
/opt/airflow/dags/postgres_bigquery_sync/activity_logs_sync.py                              0           1  0.03s           2026-01-14T05:21:48
/opt/airflow/dags/monthly_snapshots/campaigns_monthly_snapshot.py                           0           1  0.03s           2026-01-14T05:21:47
/opt/airflow/dags/api_warehouse_sync/affiliate_partners_sync.py                             0           1  0.03s           2026-01-14T05:21:48
/opt/airflow/dags/clickhouse_sync/postgres_to_clickhouse_sync.py                            0           1  0.03s           2026-01-14T05:21:47
/opt/airflow/dags/data_lineage/lineage_enabled_etl.py                602  0.01s             0           1  0.07s           2026-01-14T05:21:46
================================================================================
[2026-01-14T05:22:48.054+0000] {manager.py:888} INFO - 
================================================================================
DAG File Processing Stats

File Path                                                            PID  Runtime      # DAGs    # Errors  Last Runtime    Last Run
-----------------------------------------------------------------  -----  ---------  --------  ----------  --------------  -------------------
/opt/airflow/dags/gdpr_anonymization/anonymize_user_data.py                                 0           1  0.04s           2026-01-14T05:22:18
/opt/airflow/dags/alerting/pipeline_alerting.py                                             0           1  0.03s           2026-01-14T05:22:17
/opt/airflow/dags/backfill_manager/managed_backfill.py                                      0           1  0.03s           2026-01-14T05:22:17
/opt/airflow/dags/data_quality/data_quality_checks.py                                       0           1  0.03s           2026-01-14T05:22:17
/opt/airflow/dags/ecommerce_analytics/sending_stats_30d.py                                  0           1  0.05s           2026-01-14T05:22:18
/opt/airflow/dags/ecommerce_analytics/integration_usage_daily.py     661  0.01s             0           1  0.05s           2026-01-14T05:22:17
/opt/airflow/dags/postgres_bigquery_sync/activity_logs_sync.py                              0           1  0.03s           2026-01-14T05:22:18
/opt/airflow/dags/monthly_snapshots/campaigns_monthly_snapshot.py                           0           1  0.03s           2026-01-14T05:22:17
/opt/airflow/dags/api_warehouse_sync/affiliate_partners_sync.py                             0           1  0.03s           2026-01-14T05:22:18
/opt/airflow/dags/clickhouse_sync/postgres_to_clickhouse_sync.py                            0           1  0.03s           2026-01-14T05:22:17
/opt/airflow/dags/data_lineage/lineage_enabled_etl.py                664  0.00s             0           1  0.04s           2026-01-14T05:22:17
================================================================================
[2026-01-14T05:23:18.633+0000] {manager.py:888} INFO - 
================================================================================
DAG File Processing Stats

File Path                                                            PID  Runtime      # DAGs    # Errors  Last Runtime    Last Run
-----------------------------------------------------------------  -----  ---------  --------  ----------  --------------  -------------------
/opt/airflow/dags/gdpr_anonymization/anonymize_user_data.py                                 0           1  0.04s           2026-01-14T05:22:49
/opt/airflow/dags/alerting/pipeline_alerting.py                                             0           1  0.03s           2026-01-14T05:22:48
/opt/airflow/dags/backfill_manager/managed_backfill.py                                      0           1  0.03s           2026-01-14T05:22:48
/opt/airflow/dags/data_quality/data_quality_checks.py                                       0           1  0.03s           2026-01-14T05:22:48
/opt/airflow/dags/ecommerce_analytics/sending_stats_30d.py                                  0           1  0.05s           2026-01-14T05:22:49
/opt/airflow/dags/ecommerce_analytics/integration_usage_daily.py     723  0.02s             0           1  0.04s           2026-01-14T05:22:48
/opt/airflow/dags/postgres_bigquery_sync/activity_logs_sync.py                              0           1  0.03s           2026-01-14T05:22:49
/opt/airflow/dags/monthly_snapshots/campaigns_monthly_snapshot.py                           0           1  0.03s           2026-01-14T05:22:48
/opt/airflow/dags/api_warehouse_sync/affiliate_partners_sync.py                             0           1  0.03s           2026-01-14T05:22:49
/opt/airflow/dags/clickhouse_sync/postgres_to_clickhouse_sync.py                            0           1  0.03s           2026-01-14T05:22:48
/opt/airflow/dags/data_lineage/lineage_enabled_etl.py                726  0.01s             0           1  0.04s           2026-01-14T05:22:48
================================================================================
[2026-01-14T05:23:43.075+0000] {manager.py:760} INFO - Searching for files in /opt/airflow/dags
[2026-01-14T05:23:43.089+0000] {manager.py:763} INFO - There are 11 files in /opt/airflow/dags
[2026-01-14T05:23:49.192+0000] {manager.py:888} INFO - 
================================================================================
DAG File Processing Stats

File Path                                                            PID  Runtime      # DAGs    # Errors  Last Runtime    Last Run
-----------------------------------------------------------------  -----  ---------  --------  ----------  --------------  -------------------
/opt/airflow/dags/gdpr_anonymization/anonymize_user_data.py                                 0           1  0.04s           2026-01-14T05:23:19
/opt/airflow/dags/alerting/pipeline_alerting.py                                             0           1  0.03s           2026-01-14T05:23:18
/opt/airflow/dags/backfill_manager/managed_backfill.py                                      0           1  0.03s           2026-01-14T05:23:18
/opt/airflow/dags/data_quality/data_quality_checks.py                                       0           1  0.03s           2026-01-14T05:23:18
/opt/airflow/dags/ecommerce_analytics/sending_stats_30d.py                                  0           1  0.05s           2026-01-14T05:23:19
/opt/airflow/dags/ecommerce_analytics/integration_usage_daily.py     785  0.02s             0           1  0.06s           2026-01-14T05:23:18
/opt/airflow/dags/postgres_bigquery_sync/activity_logs_sync.py                              0           1  0.03s           2026-01-14T05:23:19
/opt/airflow/dags/monthly_snapshots/campaigns_monthly_snapshot.py                           0           1  0.03s           2026-01-14T05:23:18
/opt/airflow/dags/api_warehouse_sync/affiliate_partners_sync.py                             0           1  0.03s           2026-01-14T05:23:19
/opt/airflow/dags/clickhouse_sync/postgres_to_clickhouse_sync.py                            0           1  0.03s           2026-01-14T05:23:18
/opt/airflow/dags/data_lineage/lineage_enabled_etl.py                788  0.01s             0           1  0.05s           2026-01-14T05:23:18
================================================================================
[2026-01-14T05:24:19.709+0000] {manager.py:888} INFO - 
================================================================================
DAG File Processing Stats

File Path                                                            PID  Runtime      # DAGs    # Errors  Last Runtime    Last Run
-----------------------------------------------------------------  -----  ---------  --------  ----------  --------------  -------------------
/opt/airflow/dags/gdpr_anonymization/anonymize_user_data.py                                 0           1  0.05s           2026-01-14T05:23:50
/opt/airflow/dags/alerting/pipeline_alerting.py                                             0           1  0.03s           2026-01-14T05:23:49
/opt/airflow/dags/backfill_manager/managed_backfill.py                                      0           1  0.03s           2026-01-14T05:23:49
/opt/airflow/dags/data_quality/data_quality_checks.py                                       0           1  0.03s           2026-01-14T05:23:49
/opt/airflow/dags/ecommerce_analytics/sending_stats_30d.py                                  0           1  0.05s           2026-01-14T05:23:50
/opt/airflow/dags/ecommerce_analytics/integration_usage_daily.py     847  0.01s             0           1  0.06s           2026-01-14T05:23:49
/opt/airflow/dags/postgres_bigquery_sync/activity_logs_sync.py                              0           1  0.04s           2026-01-14T05:23:50
/opt/airflow/dags/monthly_snapshots/campaigns_monthly_snapshot.py                           0           1  0.03s           2026-01-14T05:23:49
/opt/airflow/dags/api_warehouse_sync/affiliate_partners_sync.py                             0           1  0.04s           2026-01-14T05:23:50
/opt/airflow/dags/clickhouse_sync/postgres_to_clickhouse_sync.py                            0           1  0.03s           2026-01-14T05:23:49
/opt/airflow/dags/data_lineage/lineage_enabled_etl.py                850  0.00s             0           1  0.05s           2026-01-14T05:23:49
================================================================================
[2026-01-14T05:24:50.281+0000] {manager.py:888} INFO - 
================================================================================
DAG File Processing Stats

File Path                                                            PID  Runtime      # DAGs    # Errors  Last Runtime    Last Run
-----------------------------------------------------------------  -----  ---------  --------  ----------  --------------  -------------------
/opt/airflow/dags/gdpr_anonymization/anonymize_user_data.py                                 0           1  0.04s           2026-01-14T05:24:20
/opt/airflow/dags/alerting/pipeline_alerting.py                                             0           1  0.03s           2026-01-14T05:24:19
/opt/airflow/dags/backfill_manager/managed_backfill.py                                      0           1  0.03s           2026-01-14T05:24:19
/opt/airflow/dags/data_quality/data_quality_checks.py                                       0           1  0.03s           2026-01-14T05:24:19
/opt/airflow/dags/ecommerce_analytics/sending_stats_30d.py                                  0           1  0.05s           2026-01-14T05:24:20
/opt/airflow/dags/ecommerce_analytics/integration_usage_daily.py     909  0.01s             0           1  0.04s           2026-01-14T05:24:19
/opt/airflow/dags/postgres_bigquery_sync/activity_logs_sync.py                              0           1  0.03s           2026-01-14T05:24:20
/opt/airflow/dags/monthly_snapshots/campaigns_monthly_snapshot.py                           0           1  0.03s           2026-01-14T05:24:19
/opt/airflow/dags/api_warehouse_sync/affiliate_partners_sync.py                             0           1  0.03s           2026-01-14T05:24:20
/opt/airflow/dags/clickhouse_sync/postgres_to_clickhouse_sync.py                            0           1  0.03s           2026-01-14T05:24:19
/opt/airflow/dags/data_lineage/lineage_enabled_etl.py                912  0.00s             0           1  0.04s           2026-01-14T05:24:19
================================================================================
[2026-01-14T05:25:21.066+0000] {manager.py:888} INFO - 
================================================================================
DAG File Processing Stats

File Path                                                            PID  Runtime      # DAGs    # Errors  Last Runtime    Last Run
-----------------------------------------------------------------  -----  ---------  --------  ----------  --------------  -------------------
/opt/airflow/dags/gdpr_anonymization/anonymize_user_data.py                                 0           1  0.05s           2026-01-14T05:24:51
/opt/airflow/dags/alerting/pipeline_alerting.py                                             0           1  0.03s           2026-01-14T05:24:50
/opt/airflow/dags/backfill_manager/managed_backfill.py                                      0           1  0.03s           2026-01-14T05:24:50
/opt/airflow/dags/data_quality/data_quality_checks.py                                       0           1  0.03s           2026-01-14T05:24:50
/opt/airflow/dags/ecommerce_analytics/sending_stats_30d.py                                  0           1  0.05s           2026-01-14T05:24:51
/opt/airflow/dags/ecommerce_analytics/integration_usage_daily.py     971  0.02s             0           1  0.05s           2026-01-14T05:24:50
/opt/airflow/dags/postgres_bigquery_sync/activity_logs_sync.py                              0           1  0.03s           2026-01-14T05:24:51
/opt/airflow/dags/monthly_snapshots/campaigns_monthly_snapshot.py                           0           1  0.03s           2026-01-14T05:24:50
/opt/airflow/dags/api_warehouse_sync/affiliate_partners_sync.py                             0           1  0.03s           2026-01-14T05:24:51
/opt/airflow/dags/clickhouse_sync/postgres_to_clickhouse_sync.py                            0           1  0.03s           2026-01-14T05:24:50
/opt/airflow/dags/data_lineage/lineage_enabled_etl.py                974  0.01s             0           1  0.04s           2026-01-14T05:24:50
================================================================================
[2026-01-14T05:25:51.554+0000] {manager.py:888} INFO - 
================================================================================
DAG File Processing Stats

File Path                                                            PID  Runtime      # DAGs    # Errors  Last Runtime    Last Run
-----------------------------------------------------------------  -----  ---------  --------  ----------  --------------  -------------------
/opt/airflow/dags/gdpr_anonymization/anonymize_user_data.py                                 0           1  0.05s           2026-01-14T05:25:22
/opt/airflow/dags/alerting/pipeline_alerting.py                                             0           1  0.02s           2026-01-14T05:25:21
/opt/airflow/dags/backfill_manager/managed_backfill.py                                      0           1  0.02s           2026-01-14T05:25:21
/opt/airflow/dags/data_quality/data_quality_checks.py                                       0           1  0.02s           2026-01-14T05:25:21
/opt/airflow/dags/ecommerce_analytics/sending_stats_30d.py                                  0           1  0.06s           2026-01-14T05:25:22
/opt/airflow/dags/ecommerce_analytics/integration_usage_daily.py    1033  0.02s             0           1  0.08s           2026-01-14T05:25:21
/opt/airflow/dags/postgres_bigquery_sync/activity_logs_sync.py                              0           1  0.03s           2026-01-14T05:25:22
/opt/airflow/dags/monthly_snapshots/campaigns_monthly_snapshot.py                           0           1  0.03s           2026-01-14T05:25:21
/opt/airflow/dags/api_warehouse_sync/affiliate_partners_sync.py                             0           1  0.03s           2026-01-14T05:25:22
/opt/airflow/dags/clickhouse_sync/postgres_to_clickhouse_sync.py                            0           1  0.02s           2026-01-14T05:25:21
/opt/airflow/dags/data_lineage/lineage_enabled_etl.py               1036  0.00s             0           1  0.05s           2026-01-14T05:25:21
================================================================================
[2026-01-14T05:26:22.037+0000] {manager.py:888} INFO - 
================================================================================
DAG File Processing Stats

File Path                                                            PID  Runtime      # DAGs    # Errors  Last Runtime    Last Run
-----------------------------------------------------------------  -----  ---------  --------  ----------  --------------  -------------------
/opt/airflow/dags/gdpr_anonymization/anonymize_user_data.py                                 0           1  0.05s           2026-01-14T05:25:52
/opt/airflow/dags/alerting/pipeline_alerting.py                                             0           1  0.02s           2026-01-14T05:25:51
/opt/airflow/dags/backfill_manager/managed_backfill.py                                      0           1  0.02s           2026-01-14T05:25:51
/opt/airflow/dags/data_quality/data_quality_checks.py                                       0           1  0.02s           2026-01-14T05:25:51
/opt/airflow/dags/ecommerce_analytics/sending_stats_30d.py                                  0           1  0.05s           2026-01-14T05:25:52
/opt/airflow/dags/ecommerce_analytics/integration_usage_daily.py    1095  0.02s             0           1  0.05s           2026-01-14T05:25:51
/opt/airflow/dags/postgres_bigquery_sync/activity_logs_sync.py                              0           1  0.02s           2026-01-14T05:25:52
/opt/airflow/dags/monthly_snapshots/campaigns_monthly_snapshot.py                           0           1  0.02s           2026-01-14T05:25:51
/opt/airflow/dags/api_warehouse_sync/affiliate_partners_sync.py                             0           1  0.03s           2026-01-14T05:25:52
/opt/airflow/dags/clickhouse_sync/postgres_to_clickhouse_sync.py                            0           1  0.02s           2026-01-14T05:25:51
/opt/airflow/dags/data_lineage/lineage_enabled_etl.py               1098  0.01s             0           1  0.04s           2026-01-14T05:25:51
================================================================================
[2026-01-14T05:26:52.510+0000] {manager.py:888} INFO - 
================================================================================
DAG File Processing Stats

File Path                                                            PID  Runtime      # DAGs    # Errors  Last Runtime    Last Run
-----------------------------------------------------------------  -----  ---------  --------  ----------  --------------  -------------------
/opt/airflow/dags/gdpr_anonymization/anonymize_user_data.py                                 0           1  0.04s           2026-01-14T05:26:23
/opt/airflow/dags/alerting/pipeline_alerting.py                                             0           1  0.02s           2026-01-14T05:26:22
/opt/airflow/dags/backfill_manager/managed_backfill.py                                      0           1  0.02s           2026-01-14T05:26:22
/opt/airflow/dags/data_quality/data_quality_checks.py                                       0           1  0.03s           2026-01-14T05:26:22
/opt/airflow/dags/ecommerce_analytics/sending_stats_30d.py                                  0           1  0.05s           2026-01-14T05:26:23
/opt/airflow/dags/ecommerce_analytics/integration_usage_daily.py    1157  0.02s             0           1  0.06s           2026-01-14T05:26:22
/opt/airflow/dags/postgres_bigquery_sync/activity_logs_sync.py                              0           1  0.02s           2026-01-14T05:26:23
/opt/airflow/dags/monthly_snapshots/campaigns_monthly_snapshot.py                           0           1  0.02s           2026-01-14T05:26:22
/opt/airflow/dags/api_warehouse_sync/affiliate_partners_sync.py                             0           1  0.03s           2026-01-14T05:26:23
/opt/airflow/dags/clickhouse_sync/postgres_to_clickhouse_sync.py                            0           1  0.02s           2026-01-14T05:26:22
/opt/airflow/dags/data_lineage/lineage_enabled_etl.py               1160  0.01s             0           1  0.05s           2026-01-14T05:26:22
================================================================================
[2026-01-14T05:27:22.993+0000] {manager.py:888} INFO - 
================================================================================
DAG File Processing Stats

File Path                                                            PID  Runtime      # DAGs    # Errors  Last Runtime    Last Run
-----------------------------------------------------------------  -----  ---------  --------  ----------  --------------  -------------------
/opt/airflow/dags/gdpr_anonymization/anonymize_user_data.py                                 0           1  0.05s           2026-01-14T05:26:53
/opt/airflow/dags/alerting/pipeline_alerting.py                                             0           1  0.02s           2026-01-14T05:26:52
/opt/airflow/dags/backfill_manager/managed_backfill.py                                      0           1  0.03s           2026-01-14T05:26:52
/opt/airflow/dags/data_quality/data_quality_checks.py                                       0           1  0.03s           2026-01-14T05:26:52
/opt/airflow/dags/ecommerce_analytics/sending_stats_30d.py                                  0           1  0.06s           2026-01-14T05:26:53
/opt/airflow/dags/ecommerce_analytics/integration_usage_daily.py    1219  0.02s             0           1  0.05s           2026-01-14T05:26:52
/opt/airflow/dags/postgres_bigquery_sync/activity_logs_sync.py                              0           1  0.02s           2026-01-14T05:26:53
/opt/airflow/dags/monthly_snapshots/campaigns_monthly_snapshot.py                           0           1  0.02s           2026-01-14T05:26:52
/opt/airflow/dags/api_warehouse_sync/affiliate_partners_sync.py                             0           1  0.03s           2026-01-14T05:26:53
/opt/airflow/dags/clickhouse_sync/postgres_to_clickhouse_sync.py                            0           1  0.02s           2026-01-14T05:26:52
/opt/airflow/dags/data_lineage/lineage_enabled_etl.py               1222  0.01s             0           1  0.05s           2026-01-14T05:26:52
================================================================================
[2026-01-14T05:27:40.148+0000] {manager.py:470} INFO - Exiting gracefully upon receiving signal 15
[2026-01-14T05:27:45.028+0000] {manager.py:488} INFO - Processing files using up to 2 processes at a time 
[2026-01-14T05:27:45.028+0000] {manager.py:489} INFO - Process each file at most once every 30 seconds
[2026-01-14T05:27:45.028+0000] {manager.py:490} INFO - Checking for new files in /opt/airflow/dags every 300 seconds
[2026-01-14T05:27:45.028+0000] {manager.py:760} INFO - Searching for files in /opt/airflow/dags
[2026-01-14T05:27:45.034+0000] {manager.py:763} INFO - There are 11 files in /opt/airflow/dags
[2026-01-14T05:27:45.080+0000] {manager.py:888} INFO - 
================================================================================
DAG File Processing Stats

File Path                                                            PID  Runtime      # DAGs    # Errors  Last Runtime    Last Run
-----------------------------------------------------------------  -----  ---------  --------  ----------  --------------  ----------
/opt/airflow/dags/gdpr_anonymization/anonymize_user_data.py                                 0           0
/opt/airflow/dags/alerting/pipeline_alerting.py                                             0           0
/opt/airflow/dags/backfill_manager/managed_backfill.py                                      0           0
/opt/airflow/dags/data_quality/data_quality_checks.py                                       0           0
/opt/airflow/dags/ecommerce_analytics/sending_stats_30d.py                                  0           0
/opt/airflow/dags/ecommerce_analytics/integration_usage_daily.py     165  0.02s             0           0
/opt/airflow/dags/postgres_bigquery_sync/activity_logs_sync.py                              0           0
/opt/airflow/dags/monthly_snapshots/campaigns_monthly_snapshot.py                           0           0
/opt/airflow/dags/api_warehouse_sync/affiliate_partners_sync.py                             0           0
/opt/airflow/dags/clickhouse_sync/postgres_to_clickhouse_sync.py                            0           0
/opt/airflow/dags/data_lineage/lineage_enabled_etl.py                168  0.01s             0           0
================================================================================
[2026-01-14T05:28:15.520+0000] {manager.py:888} INFO - 
================================================================================
DAG File Processing Stats

File Path                                                            PID  Runtime      # DAGs    # Errors  Last Runtime    Last Run
-----------------------------------------------------------------  -----  ---------  --------  ----------  --------------  -------------------
/opt/airflow/dags/gdpr_anonymization/anonymize_user_data.py                                 0           1  0.02s           2026-01-14T05:27:45
/opt/airflow/dags/alerting/pipeline_alerting.py                                             0           1  0.03s           2026-01-14T05:27:45
/opt/airflow/dags/backfill_manager/managed_backfill.py                                      0           1  0.03s           2026-01-14T05:27:45
/opt/airflow/dags/data_quality/data_quality_checks.py                                       0           1  0.03s           2026-01-14T05:27:45
/opt/airflow/dags/ecommerce_analytics/sending_stats_30d.py                                  0           1  0.03s           2026-01-14T05:27:45
/opt/airflow/dags/ecommerce_analytics/integration_usage_daily.py     227  0.02s             0           1  0.04s           2026-01-14T05:27:45
/opt/airflow/dags/postgres_bigquery_sync/activity_logs_sync.py                              0           1  0.03s           2026-01-14T05:27:45
/opt/airflow/dags/monthly_snapshots/campaigns_monthly_snapshot.py                           0           1  0.03s           2026-01-14T05:27:45
/opt/airflow/dags/api_warehouse_sync/affiliate_partners_sync.py                             0           1  0.03s           2026-01-14T05:27:45
/opt/airflow/dags/clickhouse_sync/postgres_to_clickhouse_sync.py                            0           1  0.03s           2026-01-14T05:27:45
/opt/airflow/dags/data_lineage/lineage_enabled_etl.py                230  0.00s             0           1  0.03s           2026-01-14T05:27:45
================================================================================
[2026-01-14T05:28:34.517+0000] {manager.py:470} INFO - Exiting gracefully upon receiving signal 15
[2026-01-14T05:28:47.781+0000] {manager.py:488} INFO - Processing files using up to 2 processes at a time 
[2026-01-14T05:28:47.781+0000] {manager.py:489} INFO - Process each file at most once every 30 seconds
[2026-01-14T05:28:47.782+0000] {manager.py:490} INFO - Checking for new files in /opt/airflow/dags every 300 seconds
[2026-01-14T05:28:47.782+0000] {manager.py:760} INFO - Searching for files in /opt/airflow/dags
[2026-01-14T05:28:47.792+0000] {manager.py:763} INFO - There are 13 files in /opt/airflow/dags
[2026-01-14T05:28:47.856+0000] {manager.py:888} INFO - 
================================================================================
DAG File Processing Stats

File Path                                                                 PID  Runtime      # DAGs    # Errors  Last Runtime    Last Run
----------------------------------------------------------------------  -----  ---------  --------  ----------  --------------  ----------
/opt/airflow/dags/data_quality/dags/data_quality_checks.py                                       0           0
/opt/airflow/dags/monthly_snapshots/dags/campaigns_monthly_snapshot.py                           0           0
/opt/airflow/dags/alerting/dags/pipeline_alerting.py                                             0           0
/opt/airflow/dags/alerting/includes/email_alerts.py                                              0           0
/opt/airflow/dags/alerting/includes/slack_alerts.py                                              0           0
/opt/airflow/dags/backfill_manager/dags/managed_backfill.py                                      0           0
/opt/airflow/dags/data_lineage/dags/lineage_enabled_etl.py                167  0.02s             0           0
/opt/airflow/dags/gdpr_anonymization/dags/anonymize_user_data.py                                 0           0
/opt/airflow/dags/clickhouse_sync/dags/postgres_to_clickhouse_sync.py                            0           0
/opt/airflow/dags/ecommerce_analytics/dags/sending_stats_30d.py                                  0           0
/opt/airflow/dags/ecommerce_analytics/dags/integration_usage_daily.py     164  0.03s             0           0
/opt/airflow/dags/api_warehouse_sync/dags/affiliate_partners_sync.py                             0           0
/opt/airflow/dags/postgres_bigquery_sync/dags/activity_logs_sync.py                              0           0
================================================================================
[2026-01-14T05:29:17.928+0000] {manager.py:888} INFO - 
================================================================================
DAG File Processing Stats

File Path                                                               PID    Runtime      # DAGs    # Errors  Last Runtime    Last Run
----------------------------------------------------------------------  -----  ---------  --------  ----------  --------------  -------------------
/opt/airflow/dags/data_quality/dags/data_quality_checks.py                                       0           1  0.49s           2026-01-14T05:28:50
/opt/airflow/dags/alerting/dags/pipeline_alerting.py                                             0           1  0.52s           2026-01-14T05:28:49
/opt/airflow/dags/alerting/includes/email_alerts.py                                              0           0  0.02s           2026-01-14T05:28:49
/opt/airflow/dags/alerting/includes/slack_alerts.py                                              0           0  0.03s           2026-01-14T05:28:49
/opt/airflow/dags/backfill_manager/dags/managed_backfill.py                                      0           1  0.45s           2026-01-14T05:28:49
/opt/airflow/dags/data_lineage/dags/lineage_enabled_etl.py                                       0           1  1.33s           2026-01-14T05:28:49
/opt/airflow/dags/gdpr_anonymization/dags/anonymize_user_data.py                                 0           1  0.03s           2026-01-14T05:28:50
/opt/airflow/dags/clickhouse_sync/dags/postgres_to_clickhouse_sync.py                            0           1  0.50s           2026-01-14T05:28:50
/opt/airflow/dags/api_warehouse_sync/dags/affiliate_partners_sync.py                             0           1  1.04s           2026-01-14T05:28:51
/opt/airflow/dags/monthly_snapshots/dags/campaigns_monthly_snapshot.py                           1           0  0.53s           2026-01-14T05:28:50
/opt/airflow/dags/ecommerce_analytics/dags/sending_stats_30d.py                                  1           0  0.92s           2026-01-14T05:28:51
/opt/airflow/dags/ecommerce_analytics/dags/integration_usage_daily.py                            1           0  1.40s           2026-01-14T05:28:49
/opt/airflow/dags/postgres_bigquery_sync/dags/activity_logs_sync.py                              1           0  0.06s           2026-01-14T05:28:51
================================================================================
[2026-01-14T05:29:48.556+0000] {manager.py:888} INFO - 
================================================================================
DAG File Processing Stats

File Path                                                               PID    Runtime      # DAGs    # Errors  Last Runtime    Last Run
----------------------------------------------------------------------  -----  ---------  --------  ----------  --------------  -------------------
/opt/airflow/dags/data_quality/dags/data_quality_checks.py                                       0           1  0.03s           2026-01-14T05:29:20
/opt/airflow/dags/alerting/dags/pipeline_alerting.py                                             0           1  0.03s           2026-01-14T05:29:20
/opt/airflow/dags/alerting/includes/email_alerts.py                                              0           0  0.02s           2026-01-14T05:29:20
/opt/airflow/dags/alerting/includes/slack_alerts.py                                              0           0  0.02s           2026-01-14T05:29:20
/opt/airflow/dags/backfill_manager/dags/managed_backfill.py                                      0           1  0.04s           2026-01-14T05:29:20
/opt/airflow/dags/data_lineage/dags/lineage_enabled_etl.py                                       0           1  0.07s           2026-01-14T05:29:20
/opt/airflow/dags/gdpr_anonymization/dags/anonymize_user_data.py                                 0           1  0.05s           2026-01-14T05:29:21
/opt/airflow/dags/clickhouse_sync/dags/postgres_to_clickhouse_sync.py                            0           1  0.05s           2026-01-14T05:29:21
/opt/airflow/dags/api_warehouse_sync/dags/affiliate_partners_sync.py                             0           1  0.05s           2026-01-14T05:29:22
/opt/airflow/dags/monthly_snapshots/dags/campaigns_monthly_snapshot.py                           1           0  0.09s           2026-01-14T05:29:21
/opt/airflow/dags/ecommerce_analytics/dags/sending_stats_30d.py                                  1           0  0.09s           2026-01-14T05:29:22
/opt/airflow/dags/ecommerce_analytics/dags/integration_usage_daily.py                            1           0  0.14s           2026-01-14T05:29:20
/opt/airflow/dags/postgres_bigquery_sync/dags/activity_logs_sync.py                              1           0  0.05s           2026-01-14T05:29:22
================================================================================
[2026-01-14T05:30:19.116+0000] {manager.py:888} INFO - 
================================================================================
DAG File Processing Stats

File Path                                                               PID    Runtime      # DAGs    # Errors  Last Runtime    Last Run
----------------------------------------------------------------------  -----  ---------  --------  ----------  --------------  -------------------
/opt/airflow/dags/data_quality/dags/data_quality_checks.py                                       0           1  0.02s           2026-01-14T05:29:50
/opt/airflow/dags/alerting/dags/pipeline_alerting.py                                             0           1  0.02s           2026-01-14T05:29:50
/opt/airflow/dags/alerting/includes/email_alerts.py                                              0           0  0.02s           2026-01-14T05:29:50
/opt/airflow/dags/alerting/includes/slack_alerts.py                                              0           0  0.02s           2026-01-14T05:29:50
/opt/airflow/dags/backfill_manager/dags/managed_backfill.py                                      0           1  0.03s           2026-01-14T05:29:50
/opt/airflow/dags/data_lineage/dags/lineage_enabled_etl.py                                       0           1  0.05s           2026-01-14T05:29:50
/opt/airflow/dags/gdpr_anonymization/dags/anonymize_user_data.py                                 0           1  0.03s           2026-01-14T05:29:51
/opt/airflow/dags/clickhouse_sync/dags/postgres_to_clickhouse_sync.py                            0           1  0.06s           2026-01-14T05:29:51
/opt/airflow/dags/api_warehouse_sync/dags/affiliate_partners_sync.py                             0           1  0.04s           2026-01-14T05:29:52
/opt/airflow/dags/monthly_snapshots/dags/campaigns_monthly_snapshot.py                           1           0  0.07s           2026-01-14T05:29:51
/opt/airflow/dags/ecommerce_analytics/dags/sending_stats_30d.py                                  1           0  0.08s           2026-01-14T05:29:52
/opt/airflow/dags/ecommerce_analytics/dags/integration_usage_daily.py                            1           0  0.09s           2026-01-14T05:29:50
/opt/airflow/dags/postgres_bigquery_sync/dags/activity_logs_sync.py                              1           0  0.05s           2026-01-14T05:29:52
================================================================================
[2026-01-14T05:30:49.698+0000] {manager.py:888} INFO - 
================================================================================
DAG File Processing Stats

File Path                                                               PID    Runtime      # DAGs    # Errors  Last Runtime    Last Run
----------------------------------------------------------------------  -----  ---------  --------  ----------  --------------  -------------------
/opt/airflow/dags/data_quality/dags/data_quality_checks.py                                       0           1  0.02s           2026-01-14T05:30:21
/opt/airflow/dags/alerting/dags/pipeline_alerting.py                                             0           1  0.02s           2026-01-14T05:30:21
/opt/airflow/dags/alerting/includes/email_alerts.py                                              0           0  0.02s           2026-01-14T05:30:21
/opt/airflow/dags/alerting/includes/slack_alerts.py                                              0           0  0.02s           2026-01-14T05:30:21
/opt/airflow/dags/backfill_manager/dags/managed_backfill.py                                      0           1  0.03s           2026-01-14T05:30:21
/opt/airflow/dags/data_lineage/dags/lineage_enabled_etl.py                                       0           1  0.05s           2026-01-14T05:30:21
/opt/airflow/dags/gdpr_anonymization/dags/anonymize_user_data.py                                 0           1  0.03s           2026-01-14T05:30:22
/opt/airflow/dags/clickhouse_sync/dags/postgres_to_clickhouse_sync.py                            0           1  0.07s           2026-01-14T05:30:22
/opt/airflow/dags/api_warehouse_sync/dags/affiliate_partners_sync.py                             0           1  0.07s           2026-01-14T05:30:23
/opt/airflow/dags/monthly_snapshots/dags/campaigns_monthly_snapshot.py                           1           0  0.09s           2026-01-14T05:30:22
/opt/airflow/dags/ecommerce_analytics/dags/sending_stats_30d.py                                  1           0  0.11s           2026-01-14T05:30:23
/opt/airflow/dags/ecommerce_analytics/dags/integration_usage_daily.py                            1           0  0.09s           2026-01-14T05:30:21
/opt/airflow/dags/postgres_bigquery_sync/dags/activity_logs_sync.py                              1           0  0.07s           2026-01-14T05:30:23
================================================================================
[2026-01-14T05:31:20.210+0000] {manager.py:888} INFO - 
================================================================================
DAG File Processing Stats

File Path                                                               PID    Runtime      # DAGs    # Errors  Last Runtime    Last Run
----------------------------------------------------------------------  -----  ---------  --------  ----------  --------------  -------------------
/opt/airflow/dags/data_quality/dags/data_quality_checks.py                                       0           1  0.02s           2026-01-14T05:30:51
/opt/airflow/dags/alerting/dags/pipeline_alerting.py                                             0           1  0.03s           2026-01-14T05:30:51
/opt/airflow/dags/alerting/includes/email_alerts.py                                              0           0  0.02s           2026-01-14T05:30:51
/opt/airflow/dags/alerting/includes/slack_alerts.py                                              0           0  0.02s           2026-01-14T05:30:51
/opt/airflow/dags/backfill_manager/dags/managed_backfill.py                                      0           1  0.03s           2026-01-14T05:30:51
/opt/airflow/dags/data_lineage/dags/lineage_enabled_etl.py                                       0           1  0.06s           2026-01-14T05:30:51
/opt/airflow/dags/gdpr_anonymization/dags/anonymize_user_data.py                                 0           1  0.03s           2026-01-14T05:30:52
/opt/airflow/dags/clickhouse_sync/dags/postgres_to_clickhouse_sync.py                            0           1  0.06s           2026-01-14T05:30:52
/opt/airflow/dags/api_warehouse_sync/dags/affiliate_partners_sync.py                             0           1  0.03s           2026-01-14T05:30:54
/opt/airflow/dags/monthly_snapshots/dags/campaigns_monthly_snapshot.py                           1           0  0.07s           2026-01-14T05:30:52
/opt/airflow/dags/ecommerce_analytics/dags/sending_stats_30d.py                                  1           0  0.06s           2026-01-14T05:30:54
/opt/airflow/dags/ecommerce_analytics/dags/integration_usage_daily.py                            1           0  0.10s           2026-01-14T05:30:51
/opt/airflow/dags/postgres_bigquery_sync/dags/activity_logs_sync.py                              1           0  0.05s           2026-01-14T05:30:54
================================================================================
[2026-01-14T05:31:50.717+0000] {manager.py:888} INFO - 
================================================================================
DAG File Processing Stats

File Path                                                               PID    Runtime      # DAGs    # Errors  Last Runtime    Last Run
----------------------------------------------------------------------  -----  ---------  --------  ----------  --------------  -------------------
/opt/airflow/dags/data_quality/dags/data_quality_checks.py                                       0           1  0.03s           2026-01-14T05:31:22
/opt/airflow/dags/alerting/dags/pipeline_alerting.py                                             0           1  0.02s           2026-01-14T05:31:22
/opt/airflow/dags/alerting/includes/email_alerts.py                                              0           0  0.02s           2026-01-14T05:31:22
/opt/airflow/dags/alerting/includes/slack_alerts.py                                              0           0  0.02s           2026-01-14T05:31:22
/opt/airflow/dags/backfill_manager/dags/managed_backfill.py                                      0           1  0.03s           2026-01-14T05:31:22
/opt/airflow/dags/data_lineage/dags/lineage_enabled_etl.py                                       0           1  0.05s           2026-01-14T05:31:22
/opt/airflow/dags/gdpr_anonymization/dags/anonymize_user_data.py                                 0           1  0.03s           2026-01-14T05:31:23
/opt/airflow/dags/clickhouse_sync/dags/postgres_to_clickhouse_sync.py                            0           1  0.04s           2026-01-14T05:31:23
/opt/airflow/dags/api_warehouse_sync/dags/affiliate_partners_sync.py                             0           1  0.05s           2026-01-14T05:31:24
/opt/airflow/dags/monthly_snapshots/dags/campaigns_monthly_snapshot.py                           1           0  0.06s           2026-01-14T05:31:23
/opt/airflow/dags/ecommerce_analytics/dags/sending_stats_30d.py                                  1           0  0.09s           2026-01-14T05:31:24
/opt/airflow/dags/ecommerce_analytics/dags/integration_usage_daily.py                            1           0  0.10s           2026-01-14T05:31:22
/opt/airflow/dags/postgres_bigquery_sync/dags/activity_logs_sync.py                              1           0  0.05s           2026-01-14T05:31:24
================================================================================
[2026-01-14T05:32:21.252+0000] {manager.py:888} INFO - 
================================================================================
DAG File Processing Stats

File Path                                                               PID    Runtime      # DAGs    # Errors  Last Runtime    Last Run
----------------------------------------------------------------------  -----  ---------  --------  ----------  --------------  -------------------
/opt/airflow/dags/data_quality/dags/data_quality_checks.py                                       0           1  0.02s           2026-01-14T05:31:52
/opt/airflow/dags/alerting/dags/pipeline_alerting.py                                             0           1  0.02s           2026-01-14T05:31:52
/opt/airflow/dags/alerting/includes/email_alerts.py                                              0           0  0.02s           2026-01-14T05:31:52
/opt/airflow/dags/alerting/includes/slack_alerts.py                                              0           0  0.02s           2026-01-14T05:31:52
/opt/airflow/dags/backfill_manager/dags/managed_backfill.py                                      0           1  0.03s           2026-01-14T05:31:52
/opt/airflow/dags/data_lineage/dags/lineage_enabled_etl.py                                       0           1  0.04s           2026-01-14T05:31:52
/opt/airflow/dags/gdpr_anonymization/dags/anonymize_user_data.py                                 0           1  0.03s           2026-01-14T05:31:53
/opt/airflow/dags/clickhouse_sync/dags/postgres_to_clickhouse_sync.py                            0           1  0.04s           2026-01-14T05:31:53
/opt/airflow/dags/api_warehouse_sync/dags/affiliate_partners_sync.py                             0           1  0.05s           2026-01-14T05:31:55
/opt/airflow/dags/monthly_snapshots/dags/campaigns_monthly_snapshot.py                           1           0  0.06s           2026-01-14T05:31:53
/opt/airflow/dags/ecommerce_analytics/dags/sending_stats_30d.py                                  1           0  0.09s           2026-01-14T05:31:55
/opt/airflow/dags/ecommerce_analytics/dags/integration_usage_daily.py                            1           0  0.07s           2026-01-14T05:31:52
/opt/airflow/dags/postgres_bigquery_sync/dags/activity_logs_sync.py                              1           0  0.05s           2026-01-14T05:31:55
================================================================================
[2026-01-14T05:32:44.457+0000] {manager.py:470} INFO - Exiting gracefully upon receiving signal 15
