[2026-01-14T05:28:51.731+0000] {processor.py:157} INFO - Started process (PID=234) to work on /opt/airflow/dags/postgres_bigquery_sync/dags/activity_logs_sync.py
[2026-01-14T05:28:51.732+0000] {processor.py:829} INFO - Processing file /opt/airflow/dags/postgres_bigquery_sync/dags/activity_logs_sync.py for tasks to queue
[2026-01-14T05:28:51.733+0000] {logging_mixin.py:151} INFO - [2026-01-14T05:28:51.733+0000] {dagbag.py:539} INFO - Filling up the DagBag from /opt/airflow/dags/postgres_bigquery_sync/dags/activity_logs_sync.py
[2026-01-14T05:28:51.738+0000] {processor.py:839} INFO - DAG(s) dict_keys(['postgres_to_bigquery_activity_logs']) retrieved from /opt/airflow/dags/postgres_bigquery_sync/dags/activity_logs_sync.py
[2026-01-14T05:28:51.745+0000] {logging_mixin.py:151} INFO - [2026-01-14T05:28:51.745+0000] {dag.py:2907} INFO - Sync 1 DAGs
[2026-01-14T05:28:51.755+0000] {logging_mixin.py:151} INFO - [2026-01-14T05:28:51.755+0000] {dag.py:3677} INFO - Setting next_dagrun for postgres_to_bigquery_activity_logs to 2026-01-13T00:00:00+00:00, run_after=2026-01-14T00:00:00+00:00
[2026-01-14T05:28:51.775+0000] {processor.py:179} INFO - Processing /opt/airflow/dags/postgres_bigquery_sync/dags/activity_logs_sync.py took 0.046 seconds
[2026-01-14T05:29:22.344+0000] {processor.py:157} INFO - Started process (PID=304) to work on /opt/airflow/dags/postgres_bigquery_sync/dags/activity_logs_sync.py
[2026-01-14T05:29:22.345+0000] {processor.py:829} INFO - Processing file /opt/airflow/dags/postgres_bigquery_sync/dags/activity_logs_sync.py for tasks to queue
[2026-01-14T05:29:22.346+0000] {logging_mixin.py:151} INFO - [2026-01-14T05:29:22.346+0000] {dagbag.py:539} INFO - Filling up the DagBag from /opt/airflow/dags/postgres_bigquery_sync/dags/activity_logs_sync.py
[2026-01-14T05:29:22.353+0000] {processor.py:839} INFO - DAG(s) dict_keys(['postgres_to_bigquery_activity_logs']) retrieved from /opt/airflow/dags/postgres_bigquery_sync/dags/activity_logs_sync.py
[2026-01-14T05:29:22.365+0000] {logging_mixin.py:151} INFO - [2026-01-14T05:29:22.364+0000] {dag.py:2907} INFO - Sync 1 DAGs
[2026-01-14T05:29:22.374+0000] {logging_mixin.py:151} INFO - [2026-01-14T05:29:22.374+0000] {dag.py:3677} INFO - Setting next_dagrun for postgres_to_bigquery_activity_logs to 2026-01-13T00:00:00+00:00, run_after=2026-01-14T00:00:00+00:00
[2026-01-14T05:29:22.382+0000] {processor.py:179} INFO - Processing /opt/airflow/dags/postgres_bigquery_sync/dags/activity_logs_sync.py took 0.040 seconds
[2026-01-14T05:29:52.875+0000] {processor.py:157} INFO - Started process (PID=376) to work on /opt/airflow/dags/postgres_bigquery_sync/dags/activity_logs_sync.py
[2026-01-14T05:29:52.876+0000] {processor.py:829} INFO - Processing file /opt/airflow/dags/postgres_bigquery_sync/dags/activity_logs_sync.py for tasks to queue
[2026-01-14T05:29:52.877+0000] {logging_mixin.py:151} INFO - [2026-01-14T05:29:52.877+0000] {dagbag.py:539} INFO - Filling up the DagBag from /opt/airflow/dags/postgres_bigquery_sync/dags/activity_logs_sync.py
[2026-01-14T05:29:52.883+0000] {processor.py:839} INFO - DAG(s) dict_keys(['postgres_to_bigquery_activity_logs']) retrieved from /opt/airflow/dags/postgres_bigquery_sync/dags/activity_logs_sync.py
[2026-01-14T05:29:52.894+0000] {logging_mixin.py:151} INFO - [2026-01-14T05:29:52.894+0000] {dag.py:2907} INFO - Sync 1 DAGs
[2026-01-14T05:29:52.904+0000] {logging_mixin.py:151} INFO - [2026-01-14T05:29:52.904+0000] {dag.py:3677} INFO - Setting next_dagrun for postgres_to_bigquery_activity_logs to 2026-01-13T00:00:00+00:00, run_after=2026-01-14T00:00:00+00:00
[2026-01-14T05:29:52.913+0000] {processor.py:179} INFO - Processing /opt/airflow/dags/postgres_bigquery_sync/dags/activity_logs_sync.py took 0.041 seconds
[2026-01-14T05:30:23.473+0000] {processor.py:157} INFO - Started process (PID=459) to work on /opt/airflow/dags/postgres_bigquery_sync/dags/activity_logs_sync.py
[2026-01-14T05:30:23.474+0000] {processor.py:829} INFO - Processing file /opt/airflow/dags/postgres_bigquery_sync/dags/activity_logs_sync.py for tasks to queue
[2026-01-14T05:30:23.477+0000] {logging_mixin.py:151} INFO - [2026-01-14T05:30:23.477+0000] {dagbag.py:539} INFO - Filling up the DagBag from /opt/airflow/dags/postgres_bigquery_sync/dags/activity_logs_sync.py
[2026-01-14T05:30:23.484+0000] {processor.py:839} INFO - DAG(s) dict_keys(['postgres_to_bigquery_activity_logs']) retrieved from /opt/airflow/dags/postgres_bigquery_sync/dags/activity_logs_sync.py
[2026-01-14T05:30:23.505+0000] {logging_mixin.py:151} INFO - [2026-01-14T05:30:23.505+0000] {dag.py:2907} INFO - Sync 1 DAGs
[2026-01-14T05:30:23.519+0000] {logging_mixin.py:151} INFO - [2026-01-14T05:30:23.518+0000] {dag.py:3677} INFO - Setting next_dagrun for postgres_to_bigquery_activity_logs to 2026-01-14T00:00:00+00:00, run_after=2026-01-15T00:00:00+00:00
[2026-01-14T05:30:23.528+0000] {processor.py:179} INFO - Processing /opt/airflow/dags/postgres_bigquery_sync/dags/activity_logs_sync.py took 0.058 seconds
[2026-01-14T05:30:54.009+0000] {processor.py:157} INFO - Started process (PID=531) to work on /opt/airflow/dags/postgres_bigquery_sync/dags/activity_logs_sync.py
[2026-01-14T05:30:54.010+0000] {processor.py:829} INFO - Processing file /opt/airflow/dags/postgres_bigquery_sync/dags/activity_logs_sync.py for tasks to queue
[2026-01-14T05:30:54.011+0000] {logging_mixin.py:151} INFO - [2026-01-14T05:30:54.011+0000] {dagbag.py:539} INFO - Filling up the DagBag from /opt/airflow/dags/postgres_bigquery_sync/dags/activity_logs_sync.py
[2026-01-14T05:30:54.017+0000] {processor.py:839} INFO - DAG(s) dict_keys(['postgres_to_bigquery_activity_logs']) retrieved from /opt/airflow/dags/postgres_bigquery_sync/dags/activity_logs_sync.py
[2026-01-14T05:30:54.027+0000] {logging_mixin.py:151} INFO - [2026-01-14T05:30:54.027+0000] {dag.py:2907} INFO - Sync 1 DAGs
[2026-01-14T05:30:54.036+0000] {logging_mixin.py:151} INFO - [2026-01-14T05:30:54.036+0000] {dag.py:3677} INFO - Setting next_dagrun for postgres_to_bigquery_activity_logs to 2026-01-14T00:00:00+00:00, run_after=2026-01-15T00:00:00+00:00
[2026-01-14T05:30:54.045+0000] {processor.py:179} INFO - Processing /opt/airflow/dags/postgres_bigquery_sync/dags/activity_logs_sync.py took 0.038 seconds
[2026-01-14T05:31:24.530+0000] {processor.py:157} INFO - Started process (PID=603) to work on /opt/airflow/dags/postgres_bigquery_sync/dags/activity_logs_sync.py
[2026-01-14T05:31:24.531+0000] {processor.py:829} INFO - Processing file /opt/airflow/dags/postgres_bigquery_sync/dags/activity_logs_sync.py for tasks to queue
[2026-01-14T05:31:24.532+0000] {logging_mixin.py:151} INFO - [2026-01-14T05:31:24.532+0000] {dagbag.py:539} INFO - Filling up the DagBag from /opt/airflow/dags/postgres_bigquery_sync/dags/activity_logs_sync.py
[2026-01-14T05:31:24.538+0000] {processor.py:839} INFO - DAG(s) dict_keys(['postgres_to_bigquery_activity_logs']) retrieved from /opt/airflow/dags/postgres_bigquery_sync/dags/activity_logs_sync.py
[2026-01-14T05:31:24.550+0000] {logging_mixin.py:151} INFO - [2026-01-14T05:31:24.550+0000] {dag.py:2907} INFO - Sync 1 DAGs
[2026-01-14T05:31:24.559+0000] {logging_mixin.py:151} INFO - [2026-01-14T05:31:24.559+0000] {dag.py:3677} INFO - Setting next_dagrun for postgres_to_bigquery_activity_logs to 2026-01-14T00:00:00+00:00, run_after=2026-01-15T00:00:00+00:00
[2026-01-14T05:31:24.567+0000] {processor.py:179} INFO - Processing /opt/airflow/dags/postgres_bigquery_sync/dags/activity_logs_sync.py took 0.039 seconds
[2026-01-14T05:31:55.016+0000] {processor.py:157} INFO - Started process (PID=676) to work on /opt/airflow/dags/postgres_bigquery_sync/dags/activity_logs_sync.py
[2026-01-14T05:31:55.016+0000] {processor.py:829} INFO - Processing file /opt/airflow/dags/postgres_bigquery_sync/dags/activity_logs_sync.py for tasks to queue
[2026-01-14T05:31:55.018+0000] {logging_mixin.py:151} INFO - [2026-01-14T05:31:55.018+0000] {dagbag.py:539} INFO - Filling up the DagBag from /opt/airflow/dags/postgres_bigquery_sync/dags/activity_logs_sync.py
[2026-01-14T05:31:55.024+0000] {processor.py:839} INFO - DAG(s) dict_keys(['postgres_to_bigquery_activity_logs']) retrieved from /opt/airflow/dags/postgres_bigquery_sync/dags/activity_logs_sync.py
[2026-01-14T05:31:55.038+0000] {logging_mixin.py:151} INFO - [2026-01-14T05:31:55.037+0000] {dag.py:2907} INFO - Sync 1 DAGs
[2026-01-14T05:31:55.047+0000] {logging_mixin.py:151} INFO - [2026-01-14T05:31:55.047+0000] {dag.py:3677} INFO - Setting next_dagrun for postgres_to_bigquery_activity_logs to 2026-01-14T00:00:00+00:00, run_after=2026-01-15T00:00:00+00:00
[2026-01-14T05:31:55.055+0000] {processor.py:179} INFO - Processing /opt/airflow/dags/postgres_bigquery_sync/dags/activity_logs_sync.py took 0.041 seconds
[2026-01-14T05:32:25.644+0000] {processor.py:157} INFO - Started process (PID=748) to work on /opt/airflow/dags/postgres_bigquery_sync/dags/activity_logs_sync.py
[2026-01-14T05:32:25.645+0000] {processor.py:829} INFO - Processing file /opt/airflow/dags/postgres_bigquery_sync/dags/activity_logs_sync.py for tasks to queue
[2026-01-14T05:32:25.647+0000] {logging_mixin.py:151} INFO - [2026-01-14T05:32:25.646+0000] {dagbag.py:539} INFO - Filling up the DagBag from /opt/airflow/dags/postgres_bigquery_sync/dags/activity_logs_sync.py
[2026-01-14T05:32:25.656+0000] {processor.py:839} INFO - DAG(s) dict_keys(['postgres_to_bigquery_activity_logs']) retrieved from /opt/airflow/dags/postgres_bigquery_sync/dags/activity_logs_sync.py
[2026-01-14T05:32:25.673+0000] {logging_mixin.py:151} INFO - [2026-01-14T05:32:25.673+0000] {dag.py:2907} INFO - Sync 1 DAGs
[2026-01-14T05:32:25.685+0000] {logging_mixin.py:151} INFO - [2026-01-14T05:32:25.685+0000] {dag.py:3677} INFO - Setting next_dagrun for postgres_to_bigquery_activity_logs to 2026-01-14T00:00:00+00:00, run_after=2026-01-15T00:00:00+00:00
[2026-01-14T05:32:25.694+0000] {processor.py:179} INFO - Processing /opt/airflow/dags/postgres_bigquery_sync/dags/activity_logs_sync.py took 0.053 seconds
