[2026-01-14T05:18:43.981+0000] {processor.py:157} INFO - Started process (PID=203) to work on /opt/airflow/dags/gdpr_anonymization/anonymize_user_data.py
[2026-01-14T05:18:43.982+0000] {processor.py:829} INFO - Processing file /opt/airflow/dags/gdpr_anonymization/anonymize_user_data.py for tasks to queue
[2026-01-14T05:18:43.983+0000] {logging_mixin.py:151} INFO - [2026-01-14T05:18:43.982+0000] {dagbag.py:539} INFO - Filling up the DagBag from /opt/airflow/dags/gdpr_anonymization/anonymize_user_data.py
[2026-01-14T05:18:44.273+0000] {logging_mixin.py:151} INFO - [2026-01-14T05:18:44.007+0000] {dagbag.py:347} ERROR - Failed to import: /opt/airflow/dags/gdpr_anonymization/anonymize_user_data.py
Traceback (most recent call last):
  File "/home/airflow/.local/lib/python3.10/site-packages/airflow/models/dagbag.py", line 343, in parse
    loader.exec_module(new_module)
  File "<frozen importlib._bootstrap_external>", line 883, in exec_module
  File "<frozen importlib._bootstrap>", line 241, in _call_with_frames_removed
  File "/opt/airflow/dags/gdpr_anonymization/anonymize_user_data.py", line 19, in <module>
    from faker import Faker
ModuleNotFoundError: No module named 'faker'
[2026-01-14T05:18:44.321+0000] {processor.py:841} WARNING - No viable dags retrieved from /opt/airflow/dags/gdpr_anonymization/anonymize_user_data.py
[2026-01-14T05:18:44.486+0000] {processor.py:179} INFO - Processing /opt/airflow/dags/gdpr_anonymization/anonymize_user_data.py took 0.639 seconds
[2026-01-14T05:19:15.024+0000] {processor.py:157} INFO - Started process (PID=265) to work on /opt/airflow/dags/gdpr_anonymization/anonymize_user_data.py
[2026-01-14T05:19:15.024+0000] {processor.py:829} INFO - Processing file /opt/airflow/dags/gdpr_anonymization/anonymize_user_data.py for tasks to queue
[2026-01-14T05:19:15.025+0000] {logging_mixin.py:151} INFO - [2026-01-14T05:19:15.025+0000] {dagbag.py:539} INFO - Filling up the DagBag from /opt/airflow/dags/gdpr_anonymization/anonymize_user_data.py
[2026-01-14T05:19:15.028+0000] {logging_mixin.py:151} INFO - [2026-01-14T05:19:15.028+0000] {dagbag.py:347} ERROR - Failed to import: /opt/airflow/dags/gdpr_anonymization/anonymize_user_data.py
Traceback (most recent call last):
  File "/home/airflow/.local/lib/python3.10/site-packages/airflow/models/dagbag.py", line 343, in parse
    loader.exec_module(new_module)
  File "<frozen importlib._bootstrap_external>", line 883, in exec_module
  File "<frozen importlib._bootstrap>", line 241, in _call_with_frames_removed
  File "/opt/airflow/dags/gdpr_anonymization/anonymize_user_data.py", line 19, in <module>
    from faker import Faker
ModuleNotFoundError: No module named 'faker'
[2026-01-14T05:19:15.029+0000] {processor.py:841} WARNING - No viable dags retrieved from /opt/airflow/dags/gdpr_anonymization/anonymize_user_data.py
[2026-01-14T05:19:15.044+0000] {processor.py:179} INFO - Processing /opt/airflow/dags/gdpr_anonymization/anonymize_user_data.py took 0.023 seconds
[2026-01-14T05:19:45.831+0000] {processor.py:157} INFO - Started process (PID=327) to work on /opt/airflow/dags/gdpr_anonymization/anonymize_user_data.py
[2026-01-14T05:19:45.832+0000] {processor.py:829} INFO - Processing file /opt/airflow/dags/gdpr_anonymization/anonymize_user_data.py for tasks to queue
[2026-01-14T05:19:45.833+0000] {logging_mixin.py:151} INFO - [2026-01-14T05:19:45.833+0000] {dagbag.py:539} INFO - Filling up the DagBag from /opt/airflow/dags/gdpr_anonymization/anonymize_user_data.py
[2026-01-14T05:19:45.836+0000] {logging_mixin.py:151} INFO - [2026-01-14T05:19:45.835+0000] {dagbag.py:347} ERROR - Failed to import: /opt/airflow/dags/gdpr_anonymization/anonymize_user_data.py
Traceback (most recent call last):
  File "/home/airflow/.local/lib/python3.10/site-packages/airflow/models/dagbag.py", line 343, in parse
    loader.exec_module(new_module)
  File "<frozen importlib._bootstrap_external>", line 883, in exec_module
  File "<frozen importlib._bootstrap>", line 241, in _call_with_frames_removed
  File "/opt/airflow/dags/gdpr_anonymization/anonymize_user_data.py", line 19, in <module>
    from faker import Faker
ModuleNotFoundError: No module named 'faker'
[2026-01-14T05:19:45.836+0000] {processor.py:841} WARNING - No viable dags retrieved from /opt/airflow/dags/gdpr_anonymization/anonymize_user_data.py
[2026-01-14T05:19:45.851+0000] {processor.py:179} INFO - Processing /opt/airflow/dags/gdpr_anonymization/anonymize_user_data.py took 0.022 seconds
[2026-01-14T05:20:16.352+0000] {processor.py:157} INFO - Started process (PID=389) to work on /opt/airflow/dags/gdpr_anonymization/anonymize_user_data.py
[2026-01-14T05:20:16.354+0000] {processor.py:829} INFO - Processing file /opt/airflow/dags/gdpr_anonymization/anonymize_user_data.py for tasks to queue
[2026-01-14T05:20:16.355+0000] {logging_mixin.py:151} INFO - [2026-01-14T05:20:16.354+0000] {dagbag.py:539} INFO - Filling up the DagBag from /opt/airflow/dags/gdpr_anonymization/anonymize_user_data.py
[2026-01-14T05:20:16.359+0000] {logging_mixin.py:151} INFO - [2026-01-14T05:20:16.358+0000] {dagbag.py:347} ERROR - Failed to import: /opt/airflow/dags/gdpr_anonymization/anonymize_user_data.py
Traceback (most recent call last):
  File "/home/airflow/.local/lib/python3.10/site-packages/airflow/models/dagbag.py", line 343, in parse
    loader.exec_module(new_module)
  File "<frozen importlib._bootstrap_external>", line 883, in exec_module
  File "<frozen importlib._bootstrap>", line 241, in _call_with_frames_removed
  File "/opt/airflow/dags/gdpr_anonymization/anonymize_user_data.py", line 19, in <module>
    from faker import Faker
ModuleNotFoundError: No module named 'faker'
[2026-01-14T05:20:16.359+0000] {processor.py:841} WARNING - No viable dags retrieved from /opt/airflow/dags/gdpr_anonymization/anonymize_user_data.py
[2026-01-14T05:20:16.376+0000] {processor.py:179} INFO - Processing /opt/airflow/dags/gdpr_anonymization/anonymize_user_data.py took 0.027 seconds
[2026-01-14T05:20:46.905+0000] {processor.py:157} INFO - Started process (PID=451) to work on /opt/airflow/dags/gdpr_anonymization/anonymize_user_data.py
[2026-01-14T05:20:46.906+0000] {processor.py:829} INFO - Processing file /opt/airflow/dags/gdpr_anonymization/anonymize_user_data.py for tasks to queue
[2026-01-14T05:20:46.906+0000] {logging_mixin.py:151} INFO - [2026-01-14T05:20:46.906+0000] {dagbag.py:539} INFO - Filling up the DagBag from /opt/airflow/dags/gdpr_anonymization/anonymize_user_data.py
[2026-01-14T05:20:46.910+0000] {logging_mixin.py:151} INFO - [2026-01-14T05:20:46.909+0000] {dagbag.py:347} ERROR - Failed to import: /opt/airflow/dags/gdpr_anonymization/anonymize_user_data.py
Traceback (most recent call last):
  File "/home/airflow/.local/lib/python3.10/site-packages/airflow/models/dagbag.py", line 343, in parse
    loader.exec_module(new_module)
  File "<frozen importlib._bootstrap_external>", line 883, in exec_module
  File "<frozen importlib._bootstrap>", line 241, in _call_with_frames_removed
  File "/opt/airflow/dags/gdpr_anonymization/anonymize_user_data.py", line 19, in <module>
    from faker import Faker
ModuleNotFoundError: No module named 'faker'
[2026-01-14T05:20:46.910+0000] {processor.py:841} WARNING - No viable dags retrieved from /opt/airflow/dags/gdpr_anonymization/anonymize_user_data.py
[2026-01-14T05:20:46.927+0000] {processor.py:179} INFO - Processing /opt/airflow/dags/gdpr_anonymization/anonymize_user_data.py took 0.026 seconds
[2026-01-14T05:21:17.522+0000] {processor.py:157} INFO - Started process (PID=513) to work on /opt/airflow/dags/gdpr_anonymization/anonymize_user_data.py
[2026-01-14T05:21:17.522+0000] {processor.py:829} INFO - Processing file /opt/airflow/dags/gdpr_anonymization/anonymize_user_data.py for tasks to queue
[2026-01-14T05:21:17.523+0000] {logging_mixin.py:151} INFO - [2026-01-14T05:21:17.523+0000] {dagbag.py:539} INFO - Filling up the DagBag from /opt/airflow/dags/gdpr_anonymization/anonymize_user_data.py
[2026-01-14T05:21:17.526+0000] {logging_mixin.py:151} INFO - [2026-01-14T05:21:17.525+0000] {dagbag.py:347} ERROR - Failed to import: /opt/airflow/dags/gdpr_anonymization/anonymize_user_data.py
Traceback (most recent call last):
  File "/home/airflow/.local/lib/python3.10/site-packages/airflow/models/dagbag.py", line 343, in parse
    loader.exec_module(new_module)
  File "<frozen importlib._bootstrap_external>", line 883, in exec_module
  File "<frozen importlib._bootstrap>", line 241, in _call_with_frames_removed
  File "/opt/airflow/dags/gdpr_anonymization/anonymize_user_data.py", line 19, in <module>
    from faker import Faker
ModuleNotFoundError: No module named 'faker'
[2026-01-14T05:21:17.526+0000] {processor.py:841} WARNING - No viable dags retrieved from /opt/airflow/dags/gdpr_anonymization/anonymize_user_data.py
[2026-01-14T05:21:17.544+0000] {processor.py:179} INFO - Processing /opt/airflow/dags/gdpr_anonymization/anonymize_user_data.py took 0.025 seconds
[2026-01-14T05:21:48.116+0000] {processor.py:157} INFO - Started process (PID=575) to work on /opt/airflow/dags/gdpr_anonymization/anonymize_user_data.py
[2026-01-14T05:21:48.117+0000] {processor.py:829} INFO - Processing file /opt/airflow/dags/gdpr_anonymization/anonymize_user_data.py for tasks to queue
[2026-01-14T05:21:48.117+0000] {logging_mixin.py:151} INFO - [2026-01-14T05:21:48.117+0000] {dagbag.py:539} INFO - Filling up the DagBag from /opt/airflow/dags/gdpr_anonymization/anonymize_user_data.py
[2026-01-14T05:21:48.120+0000] {logging_mixin.py:151} INFO - [2026-01-14T05:21:48.119+0000] {dagbag.py:347} ERROR - Failed to import: /opt/airflow/dags/gdpr_anonymization/anonymize_user_data.py
Traceback (most recent call last):
  File "/home/airflow/.local/lib/python3.10/site-packages/airflow/models/dagbag.py", line 343, in parse
    loader.exec_module(new_module)
  File "<frozen importlib._bootstrap_external>", line 883, in exec_module
  File "<frozen importlib._bootstrap>", line 241, in _call_with_frames_removed
  File "/opt/airflow/dags/gdpr_anonymization/anonymize_user_data.py", line 19, in <module>
    from faker import Faker
ModuleNotFoundError: No module named 'faker'
[2026-01-14T05:21:48.120+0000] {processor.py:841} WARNING - No viable dags retrieved from /opt/airflow/dags/gdpr_anonymization/anonymize_user_data.py
[2026-01-14T05:21:48.137+0000] {processor.py:179} INFO - Processing /opt/airflow/dags/gdpr_anonymization/anonymize_user_data.py took 0.024 seconds
[2026-01-14T05:22:18.700+0000] {processor.py:157} INFO - Started process (PID=637) to work on /opt/airflow/dags/gdpr_anonymization/anonymize_user_data.py
[2026-01-14T05:22:18.701+0000] {processor.py:829} INFO - Processing file /opt/airflow/dags/gdpr_anonymization/anonymize_user_data.py for tasks to queue
[2026-01-14T05:22:18.701+0000] {logging_mixin.py:151} INFO - [2026-01-14T05:22:18.701+0000] {dagbag.py:539} INFO - Filling up the DagBag from /opt/airflow/dags/gdpr_anonymization/anonymize_user_data.py
[2026-01-14T05:22:18.705+0000] {logging_mixin.py:151} INFO - [2026-01-14T05:22:18.704+0000] {dagbag.py:347} ERROR - Failed to import: /opt/airflow/dags/gdpr_anonymization/anonymize_user_data.py
Traceback (most recent call last):
  File "/home/airflow/.local/lib/python3.10/site-packages/airflow/models/dagbag.py", line 343, in parse
    loader.exec_module(new_module)
  File "<frozen importlib._bootstrap_external>", line 883, in exec_module
  File "<frozen importlib._bootstrap>", line 241, in _call_with_frames_removed
  File "/opt/airflow/dags/gdpr_anonymization/anonymize_user_data.py", line 19, in <module>
    from faker import Faker
ModuleNotFoundError: No module named 'faker'
[2026-01-14T05:22:18.705+0000] {processor.py:841} WARNING - No viable dags retrieved from /opt/airflow/dags/gdpr_anonymization/anonymize_user_data.py
[2026-01-14T05:22:18.721+0000] {processor.py:179} INFO - Processing /opt/airflow/dags/gdpr_anonymization/anonymize_user_data.py took 0.024 seconds
[2026-01-14T05:22:49.228+0000] {processor.py:157} INFO - Started process (PID=699) to work on /opt/airflow/dags/gdpr_anonymization/anonymize_user_data.py
[2026-01-14T05:22:49.229+0000] {processor.py:829} INFO - Processing file /opt/airflow/dags/gdpr_anonymization/anonymize_user_data.py for tasks to queue
[2026-01-14T05:22:49.230+0000] {logging_mixin.py:151} INFO - [2026-01-14T05:22:49.230+0000] {dagbag.py:539} INFO - Filling up the DagBag from /opt/airflow/dags/gdpr_anonymization/anonymize_user_data.py
[2026-01-14T05:22:49.233+0000] {logging_mixin.py:151} INFO - [2026-01-14T05:22:49.232+0000] {dagbag.py:347} ERROR - Failed to import: /opt/airflow/dags/gdpr_anonymization/anonymize_user_data.py
Traceback (most recent call last):
  File "/home/airflow/.local/lib/python3.10/site-packages/airflow/models/dagbag.py", line 343, in parse
    loader.exec_module(new_module)
  File "<frozen importlib._bootstrap_external>", line 883, in exec_module
  File "<frozen importlib._bootstrap>", line 241, in _call_with_frames_removed
  File "/opt/airflow/dags/gdpr_anonymization/anonymize_user_data.py", line 19, in <module>
    from faker import Faker
ModuleNotFoundError: No module named 'faker'
[2026-01-14T05:22:49.233+0000] {processor.py:841} WARNING - No viable dags retrieved from /opt/airflow/dags/gdpr_anonymization/anonymize_user_data.py
[2026-01-14T05:22:49.247+0000] {processor.py:179} INFO - Processing /opt/airflow/dags/gdpr_anonymization/anonymize_user_data.py took 0.022 seconds
[2026-01-14T05:23:19.808+0000] {processor.py:157} INFO - Started process (PID=761) to work on /opt/airflow/dags/gdpr_anonymization/anonymize_user_data.py
[2026-01-14T05:23:19.809+0000] {processor.py:829} INFO - Processing file /opt/airflow/dags/gdpr_anonymization/anonymize_user_data.py for tasks to queue
[2026-01-14T05:23:19.810+0000] {logging_mixin.py:151} INFO - [2026-01-14T05:23:19.810+0000] {dagbag.py:539} INFO - Filling up the DagBag from /opt/airflow/dags/gdpr_anonymization/anonymize_user_data.py
[2026-01-14T05:23:19.813+0000] {logging_mixin.py:151} INFO - [2026-01-14T05:23:19.813+0000] {dagbag.py:347} ERROR - Failed to import: /opt/airflow/dags/gdpr_anonymization/anonymize_user_data.py
Traceback (most recent call last):
  File "/home/airflow/.local/lib/python3.10/site-packages/airflow/models/dagbag.py", line 343, in parse
    loader.exec_module(new_module)
  File "<frozen importlib._bootstrap_external>", line 883, in exec_module
  File "<frozen importlib._bootstrap>", line 241, in _call_with_frames_removed
  File "/opt/airflow/dags/gdpr_anonymization/anonymize_user_data.py", line 19, in <module>
    from faker import Faker
ModuleNotFoundError: No module named 'faker'
[2026-01-14T05:23:19.814+0000] {processor.py:841} WARNING - No viable dags retrieved from /opt/airflow/dags/gdpr_anonymization/anonymize_user_data.py
[2026-01-14T05:23:19.829+0000] {processor.py:179} INFO - Processing /opt/airflow/dags/gdpr_anonymization/anonymize_user_data.py took 0.024 seconds
[2026-01-14T05:23:50.371+0000] {processor.py:157} INFO - Started process (PID=823) to work on /opt/airflow/dags/gdpr_anonymization/anonymize_user_data.py
[2026-01-14T05:23:50.372+0000] {processor.py:829} INFO - Processing file /opt/airflow/dags/gdpr_anonymization/anonymize_user_data.py for tasks to queue
[2026-01-14T05:23:50.373+0000] {logging_mixin.py:151} INFO - [2026-01-14T05:23:50.372+0000] {dagbag.py:539} INFO - Filling up the DagBag from /opt/airflow/dags/gdpr_anonymization/anonymize_user_data.py
[2026-01-14T05:23:50.376+0000] {logging_mixin.py:151} INFO - [2026-01-14T05:23:50.375+0000] {dagbag.py:347} ERROR - Failed to import: /opt/airflow/dags/gdpr_anonymization/anonymize_user_data.py
Traceback (most recent call last):
  File "/home/airflow/.local/lib/python3.10/site-packages/airflow/models/dagbag.py", line 343, in parse
    loader.exec_module(new_module)
  File "<frozen importlib._bootstrap_external>", line 883, in exec_module
  File "<frozen importlib._bootstrap>", line 241, in _call_with_frames_removed
  File "/opt/airflow/dags/gdpr_anonymization/anonymize_user_data.py", line 19, in <module>
    from faker import Faker
ModuleNotFoundError: No module named 'faker'
[2026-01-14T05:23:50.376+0000] {processor.py:841} WARNING - No viable dags retrieved from /opt/airflow/dags/gdpr_anonymization/anonymize_user_data.py
[2026-01-14T05:23:50.392+0000] {processor.py:179} INFO - Processing /opt/airflow/dags/gdpr_anonymization/anonymize_user_data.py took 0.024 seconds
[2026-01-14T05:24:20.885+0000] {processor.py:157} INFO - Started process (PID=885) to work on /opt/airflow/dags/gdpr_anonymization/anonymize_user_data.py
[2026-01-14T05:24:20.886+0000] {processor.py:829} INFO - Processing file /opt/airflow/dags/gdpr_anonymization/anonymize_user_data.py for tasks to queue
[2026-01-14T05:24:20.887+0000] {logging_mixin.py:151} INFO - [2026-01-14T05:24:20.887+0000] {dagbag.py:539} INFO - Filling up the DagBag from /opt/airflow/dags/gdpr_anonymization/anonymize_user_data.py
[2026-01-14T05:24:20.890+0000] {logging_mixin.py:151} INFO - [2026-01-14T05:24:20.889+0000] {dagbag.py:347} ERROR - Failed to import: /opt/airflow/dags/gdpr_anonymization/anonymize_user_data.py
Traceback (most recent call last):
  File "/home/airflow/.local/lib/python3.10/site-packages/airflow/models/dagbag.py", line 343, in parse
    loader.exec_module(new_module)
  File "<frozen importlib._bootstrap_external>", line 883, in exec_module
  File "<frozen importlib._bootstrap>", line 241, in _call_with_frames_removed
  File "/opt/airflow/dags/gdpr_anonymization/anonymize_user_data.py", line 19, in <module>
    from faker import Faker
ModuleNotFoundError: No module named 'faker'
[2026-01-14T05:24:20.890+0000] {processor.py:841} WARNING - No viable dags retrieved from /opt/airflow/dags/gdpr_anonymization/anonymize_user_data.py
[2026-01-14T05:24:20.905+0000] {processor.py:179} INFO - Processing /opt/airflow/dags/gdpr_anonymization/anonymize_user_data.py took 0.022 seconds
[2026-01-14T05:24:51.448+0000] {processor.py:157} INFO - Started process (PID=947) to work on /opt/airflow/dags/gdpr_anonymization/anonymize_user_data.py
[2026-01-14T05:24:51.449+0000] {processor.py:829} INFO - Processing file /opt/airflow/dags/gdpr_anonymization/anonymize_user_data.py for tasks to queue
[2026-01-14T05:24:51.450+0000] {logging_mixin.py:151} INFO - [2026-01-14T05:24:51.450+0000] {dagbag.py:539} INFO - Filling up the DagBag from /opt/airflow/dags/gdpr_anonymization/anonymize_user_data.py
[2026-01-14T05:24:51.454+0000] {logging_mixin.py:151} INFO - [2026-01-14T05:24:51.453+0000] {dagbag.py:347} ERROR - Failed to import: /opt/airflow/dags/gdpr_anonymization/anonymize_user_data.py
Traceback (most recent call last):
  File "/home/airflow/.local/lib/python3.10/site-packages/airflow/models/dagbag.py", line 343, in parse
    loader.exec_module(new_module)
  File "<frozen importlib._bootstrap_external>", line 883, in exec_module
  File "<frozen importlib._bootstrap>", line 241, in _call_with_frames_removed
  File "/opt/airflow/dags/gdpr_anonymization/anonymize_user_data.py", line 19, in <module>
    from faker import Faker
ModuleNotFoundError: No module named 'faker'
[2026-01-14T05:24:51.454+0000] {processor.py:841} WARNING - No viable dags retrieved from /opt/airflow/dags/gdpr_anonymization/anonymize_user_data.py
[2026-01-14T05:24:51.471+0000] {processor.py:179} INFO - Processing /opt/airflow/dags/gdpr_anonymization/anonymize_user_data.py took 0.027 seconds
[2026-01-14T05:25:22.240+0000] {processor.py:157} INFO - Started process (PID=1009) to work on /opt/airflow/dags/gdpr_anonymization/anonymize_user_data.py
[2026-01-14T05:25:22.241+0000] {processor.py:829} INFO - Processing file /opt/airflow/dags/gdpr_anonymization/anonymize_user_data.py for tasks to queue
[2026-01-14T05:25:22.242+0000] {logging_mixin.py:151} INFO - [2026-01-14T05:25:22.241+0000] {dagbag.py:539} INFO - Filling up the DagBag from /opt/airflow/dags/gdpr_anonymization/anonymize_user_data.py
[2026-01-14T05:25:22.246+0000] {logging_mixin.py:151} INFO - [2026-01-14T05:25:22.245+0000] {dagbag.py:347} ERROR - Failed to import: /opt/airflow/dags/gdpr_anonymization/anonymize_user_data.py
Traceback (most recent call last):
  File "/home/airflow/.local/lib/python3.10/site-packages/airflow/models/dagbag.py", line 343, in parse
    loader.exec_module(new_module)
  File "<frozen importlib._bootstrap_external>", line 883, in exec_module
  File "<frozen importlib._bootstrap>", line 241, in _call_with_frames_removed
  File "/opt/airflow/dags/gdpr_anonymization/anonymize_user_data.py", line 19, in <module>
    from faker import Faker
ModuleNotFoundError: No module named 'faker'
[2026-01-14T05:25:22.246+0000] {processor.py:841} WARNING - No viable dags retrieved from /opt/airflow/dags/gdpr_anonymization/anonymize_user_data.py
[2026-01-14T05:25:22.263+0000] {processor.py:179} INFO - Processing /opt/airflow/dags/gdpr_anonymization/anonymize_user_data.py took 0.026 seconds
[2026-01-14T05:25:52.698+0000] {processor.py:157} INFO - Started process (PID=1071) to work on /opt/airflow/dags/gdpr_anonymization/anonymize_user_data.py
[2026-01-14T05:25:52.699+0000] {processor.py:829} INFO - Processing file /opt/airflow/dags/gdpr_anonymization/anonymize_user_data.py for tasks to queue
[2026-01-14T05:25:52.700+0000] {logging_mixin.py:151} INFO - [2026-01-14T05:25:52.699+0000] {dagbag.py:539} INFO - Filling up the DagBag from /opt/airflow/dags/gdpr_anonymization/anonymize_user_data.py
[2026-01-14T05:25:52.704+0000] {logging_mixin.py:151} INFO - [2026-01-14T05:25:52.703+0000] {dagbag.py:347} ERROR - Failed to import: /opt/airflow/dags/gdpr_anonymization/anonymize_user_data.py
Traceback (most recent call last):
  File "/home/airflow/.local/lib/python3.10/site-packages/airflow/models/dagbag.py", line 343, in parse
    loader.exec_module(new_module)
  File "<frozen importlib._bootstrap_external>", line 883, in exec_module
  File "<frozen importlib._bootstrap>", line 241, in _call_with_frames_removed
  File "/opt/airflow/dags/gdpr_anonymization/anonymize_user_data.py", line 19, in <module>
    from faker import Faker
ModuleNotFoundError: No module named 'faker'
[2026-01-14T05:25:52.704+0000] {processor.py:841} WARNING - No viable dags retrieved from /opt/airflow/dags/gdpr_anonymization/anonymize_user_data.py
[2026-01-14T05:25:52.722+0000] {processor.py:179} INFO - Processing /opt/airflow/dags/gdpr_anonymization/anonymize_user_data.py took 0.026 seconds
[2026-01-14T05:26:23.192+0000] {processor.py:157} INFO - Started process (PID=1133) to work on /opt/airflow/dags/gdpr_anonymization/anonymize_user_data.py
[2026-01-14T05:26:23.193+0000] {processor.py:829} INFO - Processing file /opt/airflow/dags/gdpr_anonymization/anonymize_user_data.py for tasks to queue
[2026-01-14T05:26:23.193+0000] {logging_mixin.py:151} INFO - [2026-01-14T05:26:23.193+0000] {dagbag.py:539} INFO - Filling up the DagBag from /opt/airflow/dags/gdpr_anonymization/anonymize_user_data.py
[2026-01-14T05:26:23.197+0000] {logging_mixin.py:151} INFO - [2026-01-14T05:26:23.196+0000] {dagbag.py:347} ERROR - Failed to import: /opt/airflow/dags/gdpr_anonymization/anonymize_user_data.py
Traceback (most recent call last):
  File "/home/airflow/.local/lib/python3.10/site-packages/airflow/models/dagbag.py", line 343, in parse
    loader.exec_module(new_module)
  File "<frozen importlib._bootstrap_external>", line 883, in exec_module
  File "<frozen importlib._bootstrap>", line 241, in _call_with_frames_removed
  File "/opt/airflow/dags/gdpr_anonymization/anonymize_user_data.py", line 19, in <module>
    from faker import Faker
ModuleNotFoundError: No module named 'faker'
[2026-01-14T05:26:23.197+0000] {processor.py:841} WARNING - No viable dags retrieved from /opt/airflow/dags/gdpr_anonymization/anonymize_user_data.py
[2026-01-14T05:26:23.216+0000] {processor.py:179} INFO - Processing /opt/airflow/dags/gdpr_anonymization/anonymize_user_data.py took 0.026 seconds
[2026-01-14T05:26:53.669+0000] {processor.py:157} INFO - Started process (PID=1195) to work on /opt/airflow/dags/gdpr_anonymization/anonymize_user_data.py
[2026-01-14T05:26:53.670+0000] {processor.py:829} INFO - Processing file /opt/airflow/dags/gdpr_anonymization/anonymize_user_data.py for tasks to queue
[2026-01-14T05:26:53.671+0000] {logging_mixin.py:151} INFO - [2026-01-14T05:26:53.671+0000] {dagbag.py:539} INFO - Filling up the DagBag from /opt/airflow/dags/gdpr_anonymization/anonymize_user_data.py
[2026-01-14T05:26:53.675+0000] {logging_mixin.py:151} INFO - [2026-01-14T05:26:53.674+0000] {dagbag.py:347} ERROR - Failed to import: /opt/airflow/dags/gdpr_anonymization/anonymize_user_data.py
Traceback (most recent call last):
  File "/home/airflow/.local/lib/python3.10/site-packages/airflow/models/dagbag.py", line 343, in parse
    loader.exec_module(new_module)
  File "<frozen importlib._bootstrap_external>", line 883, in exec_module
  File "<frozen importlib._bootstrap>", line 241, in _call_with_frames_removed
  File "/opt/airflow/dags/gdpr_anonymization/anonymize_user_data.py", line 19, in <module>
    from faker import Faker
ModuleNotFoundError: No module named 'faker'
[2026-01-14T05:26:53.675+0000] {processor.py:841} WARNING - No viable dags retrieved from /opt/airflow/dags/gdpr_anonymization/anonymize_user_data.py
[2026-01-14T05:26:53.693+0000] {processor.py:179} INFO - Processing /opt/airflow/dags/gdpr_anonymization/anonymize_user_data.py took 0.027 seconds
[2026-01-14T05:27:24.143+0000] {processor.py:157} INFO - Started process (PID=1257) to work on /opt/airflow/dags/gdpr_anonymization/anonymize_user_data.py
[2026-01-14T05:27:24.143+0000] {processor.py:829} INFO - Processing file /opt/airflow/dags/gdpr_anonymization/anonymize_user_data.py for tasks to queue
[2026-01-14T05:27:24.144+0000] {logging_mixin.py:151} INFO - [2026-01-14T05:27:24.143+0000] {dagbag.py:539} INFO - Filling up the DagBag from /opt/airflow/dags/gdpr_anonymization/anonymize_user_data.py
[2026-01-14T05:27:24.146+0000] {logging_mixin.py:151} INFO - [2026-01-14T05:27:24.145+0000] {dagbag.py:347} ERROR - Failed to import: /opt/airflow/dags/gdpr_anonymization/anonymize_user_data.py
Traceback (most recent call last):
  File "/home/airflow/.local/lib/python3.10/site-packages/airflow/models/dagbag.py", line 343, in parse
    loader.exec_module(new_module)
  File "<frozen importlib._bootstrap_external>", line 883, in exec_module
  File "<frozen importlib._bootstrap>", line 241, in _call_with_frames_removed
  File "/opt/airflow/dags/gdpr_anonymization/anonymize_user_data.py", line 19, in <module>
    from faker import Faker
ModuleNotFoundError: No module named 'faker'
[2026-01-14T05:27:24.146+0000] {processor.py:841} WARNING - No viable dags retrieved from /opt/airflow/dags/gdpr_anonymization/anonymize_user_data.py
[2026-01-14T05:27:24.164+0000] {processor.py:179} INFO - Processing /opt/airflow/dags/gdpr_anonymization/anonymize_user_data.py took 0.023 seconds
[2026-01-14T05:27:45.227+0000] {processor.py:157} INFO - Started process (PID=205) to work on /opt/airflow/dags/gdpr_anonymization/anonymize_user_data.py
[2026-01-14T05:27:45.227+0000] {processor.py:829} INFO - Processing file /opt/airflow/dags/gdpr_anonymization/anonymize_user_data.py for tasks to queue
[2026-01-14T05:27:45.227+0000] {logging_mixin.py:151} INFO - [2026-01-14T05:27:45.227+0000] {dagbag.py:539} INFO - Filling up the DagBag from /opt/airflow/dags/gdpr_anonymization/anonymize_user_data.py
[2026-01-14T05:27:45.229+0000] {logging_mixin.py:151} INFO - [2026-01-14T05:27:45.229+0000] {dagbag.py:347} ERROR - Failed to import: /opt/airflow/dags/gdpr_anonymization/anonymize_user_data.py
Traceback (most recent call last):
  File "/home/airflow/.local/lib/python3.10/site-packages/airflow/models/dagbag.py", line 343, in parse
    loader.exec_module(new_module)
  File "<frozen importlib._bootstrap_external>", line 883, in exec_module
  File "<frozen importlib._bootstrap>", line 241, in _call_with_frames_removed
  File "/opt/airflow/dags/gdpr_anonymization/anonymize_user_data.py", line 19, in <module>
    from faker import Faker
ModuleNotFoundError: No module named 'faker'
[2026-01-14T05:27:45.229+0000] {processor.py:841} WARNING - No viable dags retrieved from /opt/airflow/dags/gdpr_anonymization/anonymize_user_data.py
[2026-01-14T05:27:45.241+0000] {processor.py:179} INFO - Processing /opt/airflow/dags/gdpr_anonymization/anonymize_user_data.py took 0.016 seconds
[2026-01-14T05:28:15.669+0000] {processor.py:157} INFO - Started process (PID=267) to work on /opt/airflow/dags/gdpr_anonymization/anonymize_user_data.py
[2026-01-14T05:28:15.670+0000] {processor.py:829} INFO - Processing file /opt/airflow/dags/gdpr_anonymization/anonymize_user_data.py for tasks to queue
[2026-01-14T05:28:15.670+0000] {logging_mixin.py:151} INFO - [2026-01-14T05:28:15.670+0000] {dagbag.py:539} INFO - Filling up the DagBag from /opt/airflow/dags/gdpr_anonymization/anonymize_user_data.py
[2026-01-14T05:28:15.672+0000] {logging_mixin.py:151} INFO - [2026-01-14T05:28:15.671+0000] {dagbag.py:347} ERROR - Failed to import: /opt/airflow/dags/gdpr_anonymization/anonymize_user_data.py
Traceback (most recent call last):
  File "/home/airflow/.local/lib/python3.10/site-packages/airflow/models/dagbag.py", line 343, in parse
    loader.exec_module(new_module)
  File "<frozen importlib._bootstrap_external>", line 883, in exec_module
  File "<frozen importlib._bootstrap>", line 241, in _call_with_frames_removed
  File "/opt/airflow/dags/gdpr_anonymization/anonymize_user_data.py", line 19, in <module>
    from faker import Faker
ModuleNotFoundError: No module named 'faker'
[2026-01-14T05:28:15.672+0000] {processor.py:841} WARNING - No viable dags retrieved from /opt/airflow/dags/gdpr_anonymization/anonymize_user_data.py
[2026-01-14T05:28:15.683+0000] {processor.py:179} INFO - Processing /opt/airflow/dags/gdpr_anonymization/anonymize_user_data.py took 0.016 seconds
