[2026-01-14T05:28:49.187+0000] {processor.py:157} INFO - Started process (PID=174) to work on /opt/airflow/dags/backfill_manager/dags/managed_backfill.py
[2026-01-14T05:28:49.188+0000] {processor.py:829} INFO - Processing file /opt/airflow/dags/backfill_manager/dags/managed_backfill.py for tasks to queue
[2026-01-14T05:28:49.188+0000] {logging_mixin.py:151} INFO - [2026-01-14T05:28:49.188+0000] {dagbag.py:539} INFO - Filling up the DagBag from /opt/airflow/dags/backfill_manager/dags/managed_backfill.py
[2026-01-14T05:28:49.602+0000] {logging_mixin.py:151} INFO - [2026-01-14T05:28:49.601+0000] {dagbag.py:347} ERROR - Failed to import: /opt/airflow/dags/backfill_manager/dags/managed_backfill.py
Traceback (most recent call last):
  File "/home/airflow/.local/lib/python3.10/site-packages/airflow/models/dagbag.py", line 343, in parse
    loader.exec_module(new_module)
  File "<frozen importlib._bootstrap_external>", line 883, in exec_module
  File "<frozen importlib._bootstrap>", line 241, in _call_with_frames_removed
  File "/opt/airflow/dags/backfill_manager/dags/managed_backfill.py", line 23, in <module>
    from includes.backfill_utils import BackfillTracker, validate_date_range
ModuleNotFoundError: No module named 'includes.backfill_utils'
[2026-01-14T05:28:49.602+0000] {processor.py:841} WARNING - No viable dags retrieved from /opt/airflow/dags/backfill_manager/dags/managed_backfill.py
[2026-01-14T05:28:49.615+0000] {processor.py:179} INFO - Processing /opt/airflow/dags/backfill_manager/dags/managed_backfill.py took 0.433 seconds
[2026-01-14T05:29:20.053+0000] {processor.py:157} INFO - Started process (PID=254) to work on /opt/airflow/dags/backfill_manager/dags/managed_backfill.py
[2026-01-14T05:29:20.054+0000] {processor.py:829} INFO - Processing file /opt/airflow/dags/backfill_manager/dags/managed_backfill.py for tasks to queue
[2026-01-14T05:29:20.059+0000] {logging_mixin.py:151} INFO - [2026-01-14T05:29:20.058+0000] {dagbag.py:539} INFO - Filling up the DagBag from /opt/airflow/dags/backfill_manager/dags/managed_backfill.py
[2026-01-14T05:29:20.062+0000] {logging_mixin.py:151} INFO - [2026-01-14T05:29:20.062+0000] {dagbag.py:347} ERROR - Failed to import: /opt/airflow/dags/backfill_manager/dags/managed_backfill.py
Traceback (most recent call last):
  File "/home/airflow/.local/lib/python3.10/site-packages/airflow/models/dagbag.py", line 343, in parse
    loader.exec_module(new_module)
  File "<frozen importlib._bootstrap_external>", line 883, in exec_module
  File "<frozen importlib._bootstrap>", line 241, in _call_with_frames_removed
  File "/opt/airflow/dags/backfill_manager/dags/managed_backfill.py", line 23, in <module>
    from includes.backfill_utils import BackfillTracker, validate_date_range
ModuleNotFoundError: No module named 'includes.backfill_utils'
[2026-01-14T05:29:20.062+0000] {processor.py:841} WARNING - No viable dags retrieved from /opt/airflow/dags/backfill_manager/dags/managed_backfill.py
[2026-01-14T05:29:20.079+0000] {processor.py:179} INFO - Processing /opt/airflow/dags/backfill_manager/dags/managed_backfill.py took 0.029 seconds
[2026-01-14T05:29:50.649+0000] {processor.py:157} INFO - Started process (PID=326) to work on /opt/airflow/dags/backfill_manager/dags/managed_backfill.py
[2026-01-14T05:29:50.650+0000] {processor.py:829} INFO - Processing file /opt/airflow/dags/backfill_manager/dags/managed_backfill.py for tasks to queue
[2026-01-14T05:29:50.651+0000] {logging_mixin.py:151} INFO - [2026-01-14T05:29:50.651+0000] {dagbag.py:539} INFO - Filling up the DagBag from /opt/airflow/dags/backfill_manager/dags/managed_backfill.py
[2026-01-14T05:29:50.654+0000] {logging_mixin.py:151} INFO - [2026-01-14T05:29:50.653+0000] {dagbag.py:347} ERROR - Failed to import: /opt/airflow/dags/backfill_manager/dags/managed_backfill.py
Traceback (most recent call last):
  File "/home/airflow/.local/lib/python3.10/site-packages/airflow/models/dagbag.py", line 343, in parse
    loader.exec_module(new_module)
  File "<frozen importlib._bootstrap_external>", line 883, in exec_module
  File "<frozen importlib._bootstrap>", line 241, in _call_with_frames_removed
  File "/opt/airflow/dags/backfill_manager/dags/managed_backfill.py", line 23, in <module>
    from includes.backfill_utils import BackfillTracker, validate_date_range
ModuleNotFoundError: No module named 'includes.backfill_utils'
[2026-01-14T05:29:50.654+0000] {processor.py:841} WARNING - No viable dags retrieved from /opt/airflow/dags/backfill_manager/dags/managed_backfill.py
[2026-01-14T05:29:50.665+0000] {processor.py:179} INFO - Processing /opt/airflow/dags/backfill_manager/dags/managed_backfill.py took 0.018 seconds
[2026-01-14T05:30:21.223+0000] {processor.py:157} INFO - Started process (PID=409) to work on /opt/airflow/dags/backfill_manager/dags/managed_backfill.py
[2026-01-14T05:30:21.223+0000] {processor.py:829} INFO - Processing file /opt/airflow/dags/backfill_manager/dags/managed_backfill.py for tasks to queue
[2026-01-14T05:30:21.225+0000] {logging_mixin.py:151} INFO - [2026-01-14T05:30:21.224+0000] {dagbag.py:539} INFO - Filling up the DagBag from /opt/airflow/dags/backfill_manager/dags/managed_backfill.py
[2026-01-14T05:30:21.227+0000] {logging_mixin.py:151} INFO - [2026-01-14T05:30:21.227+0000] {dagbag.py:347} ERROR - Failed to import: /opt/airflow/dags/backfill_manager/dags/managed_backfill.py
Traceback (most recent call last):
  File "/home/airflow/.local/lib/python3.10/site-packages/airflow/models/dagbag.py", line 343, in parse
    loader.exec_module(new_module)
  File "<frozen importlib._bootstrap_external>", line 883, in exec_module
  File "<frozen importlib._bootstrap>", line 241, in _call_with_frames_removed
  File "/opt/airflow/dags/backfill_manager/dags/managed_backfill.py", line 23, in <module>
    from includes.backfill_utils import BackfillTracker, validate_date_range
ModuleNotFoundError: No module named 'includes.backfill_utils'
[2026-01-14T05:30:21.228+0000] {processor.py:841} WARNING - No viable dags retrieved from /opt/airflow/dags/backfill_manager/dags/managed_backfill.py
[2026-01-14T05:30:21.238+0000] {processor.py:179} INFO - Processing /opt/airflow/dags/backfill_manager/dags/managed_backfill.py took 0.017 seconds
[2026-01-14T05:30:51.812+0000] {processor.py:157} INFO - Started process (PID=481) to work on /opt/airflow/dags/backfill_manager/dags/managed_backfill.py
[2026-01-14T05:30:51.812+0000] {processor.py:829} INFO - Processing file /opt/airflow/dags/backfill_manager/dags/managed_backfill.py for tasks to queue
[2026-01-14T05:30:51.814+0000] {logging_mixin.py:151} INFO - [2026-01-14T05:30:51.814+0000] {dagbag.py:539} INFO - Filling up the DagBag from /opt/airflow/dags/backfill_manager/dags/managed_backfill.py
[2026-01-14T05:30:51.817+0000] {logging_mixin.py:151} INFO - [2026-01-14T05:30:51.817+0000] {dagbag.py:347} ERROR - Failed to import: /opt/airflow/dags/backfill_manager/dags/managed_backfill.py
Traceback (most recent call last):
  File "/home/airflow/.local/lib/python3.10/site-packages/airflow/models/dagbag.py", line 343, in parse
    loader.exec_module(new_module)
  File "<frozen importlib._bootstrap_external>", line 883, in exec_module
  File "<frozen importlib._bootstrap>", line 241, in _call_with_frames_removed
  File "/opt/airflow/dags/backfill_manager/dags/managed_backfill.py", line 23, in <module>
    from includes.backfill_utils import BackfillTracker, validate_date_range
ModuleNotFoundError: No module named 'includes.backfill_utils'
[2026-01-14T05:30:51.817+0000] {processor.py:841} WARNING - No viable dags retrieved from /opt/airflow/dags/backfill_manager/dags/managed_backfill.py
[2026-01-14T05:30:51.829+0000] {processor.py:179} INFO - Processing /opt/airflow/dags/backfill_manager/dags/managed_backfill.py took 0.019 seconds
[2026-01-14T05:31:22.318+0000] {processor.py:157} INFO - Started process (PID=553) to work on /opt/airflow/dags/backfill_manager/dags/managed_backfill.py
[2026-01-14T05:31:22.319+0000] {processor.py:829} INFO - Processing file /opt/airflow/dags/backfill_manager/dags/managed_backfill.py for tasks to queue
[2026-01-14T05:31:22.320+0000] {logging_mixin.py:151} INFO - [2026-01-14T05:31:22.320+0000] {dagbag.py:539} INFO - Filling up the DagBag from /opt/airflow/dags/backfill_manager/dags/managed_backfill.py
[2026-01-14T05:31:22.323+0000] {logging_mixin.py:151} INFO - [2026-01-14T05:31:22.323+0000] {dagbag.py:347} ERROR - Failed to import: /opt/airflow/dags/backfill_manager/dags/managed_backfill.py
Traceback (most recent call last):
  File "/home/airflow/.local/lib/python3.10/site-packages/airflow/models/dagbag.py", line 343, in parse
    loader.exec_module(new_module)
  File "<frozen importlib._bootstrap_external>", line 883, in exec_module
  File "<frozen importlib._bootstrap>", line 241, in _call_with_frames_removed
  File "/opt/airflow/dags/backfill_manager/dags/managed_backfill.py", line 23, in <module>
    from includes.backfill_utils import BackfillTracker, validate_date_range
ModuleNotFoundError: No module named 'includes.backfill_utils'
[2026-01-14T05:31:22.323+0000] {processor.py:841} WARNING - No viable dags retrieved from /opt/airflow/dags/backfill_manager/dags/managed_backfill.py
[2026-01-14T05:31:22.335+0000] {processor.py:179} INFO - Processing /opt/airflow/dags/backfill_manager/dags/managed_backfill.py took 0.019 seconds
[2026-01-14T05:31:52.791+0000] {processor.py:157} INFO - Started process (PID=626) to work on /opt/airflow/dags/backfill_manager/dags/managed_backfill.py
[2026-01-14T05:31:52.792+0000] {processor.py:829} INFO - Processing file /opt/airflow/dags/backfill_manager/dags/managed_backfill.py for tasks to queue
[2026-01-14T05:31:52.793+0000] {logging_mixin.py:151} INFO - [2026-01-14T05:31:52.793+0000] {dagbag.py:539} INFO - Filling up the DagBag from /opt/airflow/dags/backfill_manager/dags/managed_backfill.py
[2026-01-14T05:31:52.796+0000] {logging_mixin.py:151} INFO - [2026-01-14T05:31:52.795+0000] {dagbag.py:347} ERROR - Failed to import: /opt/airflow/dags/backfill_manager/dags/managed_backfill.py
Traceback (most recent call last):
  File "/home/airflow/.local/lib/python3.10/site-packages/airflow/models/dagbag.py", line 343, in parse
    loader.exec_module(new_module)
  File "<frozen importlib._bootstrap_external>", line 883, in exec_module
  File "<frozen importlib._bootstrap>", line 241, in _call_with_frames_removed
  File "/opt/airflow/dags/backfill_manager/dags/managed_backfill.py", line 23, in <module>
    from includes.backfill_utils import BackfillTracker, validate_date_range
ModuleNotFoundError: No module named 'includes.backfill_utils'
[2026-01-14T05:31:52.796+0000] {processor.py:841} WARNING - No viable dags retrieved from /opt/airflow/dags/backfill_manager/dags/managed_backfill.py
[2026-01-14T05:31:52.806+0000] {processor.py:179} INFO - Processing /opt/airflow/dags/backfill_manager/dags/managed_backfill.py took 0.016 seconds
[2026-01-14T05:32:23.369+0000] {processor.py:157} INFO - Started process (PID=698) to work on /opt/airflow/dags/backfill_manager/dags/managed_backfill.py
[2026-01-14T05:32:23.370+0000] {processor.py:829} INFO - Processing file /opt/airflow/dags/backfill_manager/dags/managed_backfill.py for tasks to queue
[2026-01-14T05:32:23.371+0000] {logging_mixin.py:151} INFO - [2026-01-14T05:32:23.371+0000] {dagbag.py:539} INFO - Filling up the DagBag from /opt/airflow/dags/backfill_manager/dags/managed_backfill.py
[2026-01-14T05:32:23.374+0000] {logging_mixin.py:151} INFO - [2026-01-14T05:32:23.373+0000] {dagbag.py:347} ERROR - Failed to import: /opt/airflow/dags/backfill_manager/dags/managed_backfill.py
Traceback (most recent call last):
  File "/home/airflow/.local/lib/python3.10/site-packages/airflow/models/dagbag.py", line 343, in parse
    loader.exec_module(new_module)
  File "<frozen importlib._bootstrap_external>", line 883, in exec_module
  File "<frozen importlib._bootstrap>", line 241, in _call_with_frames_removed
  File "/opt/airflow/dags/backfill_manager/dags/managed_backfill.py", line 23, in <module>
    from includes.backfill_utils import BackfillTracker, validate_date_range
ModuleNotFoundError: No module named 'includes.backfill_utils'
[2026-01-14T05:32:23.374+0000] {processor.py:841} WARNING - No viable dags retrieved from /opt/airflow/dags/backfill_manager/dags/managed_backfill.py
[2026-01-14T05:32:23.385+0000] {processor.py:179} INFO - Processing /opt/airflow/dags/backfill_manager/dags/managed_backfill.py took 0.019 seconds
