[2026-01-14T05:18:43.225+0000] {processor.py:157} INFO - Started process (PID=168) to work on /opt/airflow/dags/data_lineage/lineage_enabled_etl.py
[2026-01-14T05:18:43.227+0000] {processor.py:829} INFO - Processing file /opt/airflow/dags/data_lineage/lineage_enabled_etl.py for tasks to queue
[2026-01-14T05:18:43.229+0000] {logging_mixin.py:151} INFO - [2026-01-14T05:18:43.228+0000] {dagbag.py:539} INFO - Filling up the DagBag from /opt/airflow/dags/data_lineage/lineage_enabled_etl.py
[2026-01-14T05:18:43.238+0000] {logging_mixin.py:151} INFO - [2026-01-14T05:18:43.236+0000] {dagbag.py:347} ERROR - Failed to import: /opt/airflow/dags/data_lineage/lineage_enabled_etl.py
Traceback (most recent call last):
  File "/home/airflow/.local/lib/python3.10/site-packages/airflow/models/dagbag.py", line 343, in parse
    loader.exec_module(new_module)
  File "<frozen importlib._bootstrap_external>", line 883, in exec_module
  File "<frozen importlib._bootstrap>", line 241, in _call_with_frames_removed
  File "/opt/airflow/dags/data_lineage/lineage_enabled_etl.py", line 22, in <module>
    from includes.lineage_utils import (
ModuleNotFoundError: No module named 'includes'
[2026-01-14T05:18:43.238+0000] {processor.py:841} WARNING - No viable dags retrieved from /opt/airflow/dags/data_lineage/lineage_enabled_etl.py
[2026-01-14T05:18:43.275+0000] {processor.py:179} INFO - Processing /opt/airflow/dags/data_lineage/lineage_enabled_etl.py took 0.058 seconds
[2026-01-14T05:19:13.848+0000] {processor.py:157} INFO - Started process (PID=230) to work on /opt/airflow/dags/data_lineage/lineage_enabled_etl.py
[2026-01-14T05:19:13.849+0000] {processor.py:829} INFO - Processing file /opt/airflow/dags/data_lineage/lineage_enabled_etl.py for tasks to queue
[2026-01-14T05:19:13.849+0000] {logging_mixin.py:151} INFO - [2026-01-14T05:19:13.849+0000] {dagbag.py:539} INFO - Filling up the DagBag from /opt/airflow/dags/data_lineage/lineage_enabled_etl.py
[2026-01-14T05:19:13.853+0000] {logging_mixin.py:151} INFO - [2026-01-14T05:19:13.852+0000] {dagbag.py:347} ERROR - Failed to import: /opt/airflow/dags/data_lineage/lineage_enabled_etl.py
Traceback (most recent call last):
  File "/home/airflow/.local/lib/python3.10/site-packages/airflow/models/dagbag.py", line 343, in parse
    loader.exec_module(new_module)
  File "<frozen importlib._bootstrap_external>", line 883, in exec_module
  File "<frozen importlib._bootstrap>", line 241, in _call_with_frames_removed
  File "/opt/airflow/dags/data_lineage/lineage_enabled_etl.py", line 22, in <module>
    from includes.lineage_utils import (
ModuleNotFoundError: No module named 'includes'
[2026-01-14T05:19:13.853+0000] {processor.py:841} WARNING - No viable dags retrieved from /opt/airflow/dags/data_lineage/lineage_enabled_etl.py
[2026-01-14T05:19:13.871+0000] {processor.py:179} INFO - Processing /opt/airflow/dags/data_lineage/lineage_enabled_etl.py took 0.026 seconds
[2026-01-14T05:19:44.365+0000] {processor.py:157} INFO - Started process (PID=292) to work on /opt/airflow/dags/data_lineage/lineage_enabled_etl.py
[2026-01-14T05:19:44.366+0000] {processor.py:829} INFO - Processing file /opt/airflow/dags/data_lineage/lineage_enabled_etl.py for tasks to queue
[2026-01-14T05:19:44.367+0000] {logging_mixin.py:151} INFO - [2026-01-14T05:19:44.366+0000] {dagbag.py:539} INFO - Filling up the DagBag from /opt/airflow/dags/data_lineage/lineage_enabled_etl.py
[2026-01-14T05:19:44.370+0000] {logging_mixin.py:151} INFO - [2026-01-14T05:19:44.369+0000] {dagbag.py:347} ERROR - Failed to import: /opt/airflow/dags/data_lineage/lineage_enabled_etl.py
Traceback (most recent call last):
  File "/home/airflow/.local/lib/python3.10/site-packages/airflow/models/dagbag.py", line 343, in parse
    loader.exec_module(new_module)
  File "<frozen importlib._bootstrap_external>", line 883, in exec_module
  File "<frozen importlib._bootstrap>", line 241, in _call_with_frames_removed
  File "/opt/airflow/dags/data_lineage/lineage_enabled_etl.py", line 22, in <module>
    from includes.lineage_utils import (
ModuleNotFoundError: No module named 'includes'
[2026-01-14T05:19:44.371+0000] {processor.py:841} WARNING - No viable dags retrieved from /opt/airflow/dags/data_lineage/lineage_enabled_etl.py
[2026-01-14T05:19:44.391+0000] {processor.py:179} INFO - Processing /opt/airflow/dags/data_lineage/lineage_enabled_etl.py took 0.029 seconds
[2026-01-14T05:20:15.166+0000] {processor.py:157} INFO - Started process (PID=354) to work on /opt/airflow/dags/data_lineage/lineage_enabled_etl.py
[2026-01-14T05:20:15.167+0000] {processor.py:829} INFO - Processing file /opt/airflow/dags/data_lineage/lineage_enabled_etl.py for tasks to queue
[2026-01-14T05:20:15.167+0000] {logging_mixin.py:151} INFO - [2026-01-14T05:20:15.167+0000] {dagbag.py:539} INFO - Filling up the DagBag from /opt/airflow/dags/data_lineage/lineage_enabled_etl.py
[2026-01-14T05:20:15.171+0000] {logging_mixin.py:151} INFO - [2026-01-14T05:20:15.170+0000] {dagbag.py:347} ERROR - Failed to import: /opt/airflow/dags/data_lineage/lineage_enabled_etl.py
Traceback (most recent call last):
  File "/home/airflow/.local/lib/python3.10/site-packages/airflow/models/dagbag.py", line 343, in parse
    loader.exec_module(new_module)
  File "<frozen importlib._bootstrap_external>", line 883, in exec_module
  File "<frozen importlib._bootstrap>", line 241, in _call_with_frames_removed
  File "/opt/airflow/dags/data_lineage/lineage_enabled_etl.py", line 22, in <module>
    from includes.lineage_utils import (
ModuleNotFoundError: No module named 'includes'
[2026-01-14T05:20:15.172+0000] {processor.py:841} WARNING - No viable dags retrieved from /opt/airflow/dags/data_lineage/lineage_enabled_etl.py
[2026-01-14T05:20:15.189+0000] {processor.py:179} INFO - Processing /opt/airflow/dags/data_lineage/lineage_enabled_etl.py took 0.028 seconds
[2026-01-14T05:20:45.719+0000] {processor.py:157} INFO - Started process (PID=416) to work on /opt/airflow/dags/data_lineage/lineage_enabled_etl.py
[2026-01-14T05:20:45.720+0000] {processor.py:829} INFO - Processing file /opt/airflow/dags/data_lineage/lineage_enabled_etl.py for tasks to queue
[2026-01-14T05:20:45.721+0000] {logging_mixin.py:151} INFO - [2026-01-14T05:20:45.721+0000] {dagbag.py:539} INFO - Filling up the DagBag from /opt/airflow/dags/data_lineage/lineage_enabled_etl.py
[2026-01-14T05:20:45.725+0000] {logging_mixin.py:151} INFO - [2026-01-14T05:20:45.724+0000] {dagbag.py:347} ERROR - Failed to import: /opt/airflow/dags/data_lineage/lineage_enabled_etl.py
Traceback (most recent call last):
  File "/home/airflow/.local/lib/python3.10/site-packages/airflow/models/dagbag.py", line 343, in parse
    loader.exec_module(new_module)
  File "<frozen importlib._bootstrap_external>", line 883, in exec_module
  File "<frozen importlib._bootstrap>", line 241, in _call_with_frames_removed
  File "/opt/airflow/dags/data_lineage/lineage_enabled_etl.py", line 22, in <module>
    from includes.lineage_utils import (
ModuleNotFoundError: No module named 'includes'
[2026-01-14T05:20:45.725+0000] {processor.py:841} WARNING - No viable dags retrieved from /opt/airflow/dags/data_lineage/lineage_enabled_etl.py
[2026-01-14T05:20:45.746+0000] {processor.py:179} INFO - Processing /opt/airflow/dags/data_lineage/lineage_enabled_etl.py took 0.030 seconds
[2026-01-14T05:21:16.342+0000] {processor.py:157} INFO - Started process (PID=478) to work on /opt/airflow/dags/data_lineage/lineage_enabled_etl.py
[2026-01-14T05:21:16.342+0000] {processor.py:829} INFO - Processing file /opt/airflow/dags/data_lineage/lineage_enabled_etl.py for tasks to queue
[2026-01-14T05:21:16.343+0000] {logging_mixin.py:151} INFO - [2026-01-14T05:21:16.343+0000] {dagbag.py:539} INFO - Filling up the DagBag from /opt/airflow/dags/data_lineage/lineage_enabled_etl.py
[2026-01-14T05:21:16.346+0000] {logging_mixin.py:151} INFO - [2026-01-14T05:21:16.345+0000] {dagbag.py:347} ERROR - Failed to import: /opt/airflow/dags/data_lineage/lineage_enabled_etl.py
Traceback (most recent call last):
  File "/home/airflow/.local/lib/python3.10/site-packages/airflow/models/dagbag.py", line 343, in parse
    loader.exec_module(new_module)
  File "<frozen importlib._bootstrap_external>", line 883, in exec_module
  File "<frozen importlib._bootstrap>", line 241, in _call_with_frames_removed
  File "/opt/airflow/dags/data_lineage/lineage_enabled_etl.py", line 22, in <module>
    from includes.lineage_utils import (
ModuleNotFoundError: No module named 'includes'
[2026-01-14T05:21:16.347+0000] {processor.py:841} WARNING - No viable dags retrieved from /opt/airflow/dags/data_lineage/lineage_enabled_etl.py
[2026-01-14T05:21:16.363+0000] {processor.py:179} INFO - Processing /opt/airflow/dags/data_lineage/lineage_enabled_etl.py took 0.025 seconds
[2026-01-14T05:21:46.940+0000] {processor.py:157} INFO - Started process (PID=540) to work on /opt/airflow/dags/data_lineage/lineage_enabled_etl.py
[2026-01-14T05:21:46.941+0000] {processor.py:829} INFO - Processing file /opt/airflow/dags/data_lineage/lineage_enabled_etl.py for tasks to queue
[2026-01-14T05:21:46.942+0000] {logging_mixin.py:151} INFO - [2026-01-14T05:21:46.942+0000] {dagbag.py:539} INFO - Filling up the DagBag from /opt/airflow/dags/data_lineage/lineage_enabled_etl.py
[2026-01-14T05:21:46.947+0000] {logging_mixin.py:151} INFO - [2026-01-14T05:21:46.946+0000] {dagbag.py:347} ERROR - Failed to import: /opt/airflow/dags/data_lineage/lineage_enabled_etl.py
Traceback (most recent call last):
  File "/home/airflow/.local/lib/python3.10/site-packages/airflow/models/dagbag.py", line 343, in parse
    loader.exec_module(new_module)
  File "<frozen importlib._bootstrap_external>", line 883, in exec_module
  File "<frozen importlib._bootstrap>", line 241, in _call_with_frames_removed
  File "/opt/airflow/dags/data_lineage/lineage_enabled_etl.py", line 22, in <module>
    from includes.lineage_utils import (
ModuleNotFoundError: No module named 'includes'
[2026-01-14T05:21:46.948+0000] {processor.py:841} WARNING - No viable dags retrieved from /opt/airflow/dags/data_lineage/lineage_enabled_etl.py
[2026-01-14T05:21:46.968+0000] {processor.py:179} INFO - Processing /opt/airflow/dags/data_lineage/lineage_enabled_etl.py took 0.033 seconds
[2026-01-14T05:22:17.536+0000] {processor.py:157} INFO - Started process (PID=602) to work on /opt/airflow/dags/data_lineage/lineage_enabled_etl.py
[2026-01-14T05:22:17.537+0000] {processor.py:829} INFO - Processing file /opt/airflow/dags/data_lineage/lineage_enabled_etl.py for tasks to queue
[2026-01-14T05:22:17.538+0000] {logging_mixin.py:151} INFO - [2026-01-14T05:22:17.537+0000] {dagbag.py:539} INFO - Filling up the DagBag from /opt/airflow/dags/data_lineage/lineage_enabled_etl.py
[2026-01-14T05:22:17.541+0000] {logging_mixin.py:151} INFO - [2026-01-14T05:22:17.540+0000] {dagbag.py:347} ERROR - Failed to import: /opt/airflow/dags/data_lineage/lineage_enabled_etl.py
Traceback (most recent call last):
  File "/home/airflow/.local/lib/python3.10/site-packages/airflow/models/dagbag.py", line 343, in parse
    loader.exec_module(new_module)
  File "<frozen importlib._bootstrap_external>", line 883, in exec_module
  File "<frozen importlib._bootstrap>", line 241, in _call_with_frames_removed
  File "/opt/airflow/dags/data_lineage/lineage_enabled_etl.py", line 22, in <module>
    from includes.lineage_utils import (
ModuleNotFoundError: No module named 'includes'
[2026-01-14T05:22:17.541+0000] {processor.py:841} WARNING - No viable dags retrieved from /opt/airflow/dags/data_lineage/lineage_enabled_etl.py
[2026-01-14T05:22:17.555+0000] {processor.py:179} INFO - Processing /opt/airflow/dags/data_lineage/lineage_enabled_etl.py took 0.023 seconds
[2026-01-14T05:22:48.058+0000] {processor.py:157} INFO - Started process (PID=664) to work on /opt/airflow/dags/data_lineage/lineage_enabled_etl.py
[2026-01-14T05:22:48.059+0000] {processor.py:829} INFO - Processing file /opt/airflow/dags/data_lineage/lineage_enabled_etl.py for tasks to queue
[2026-01-14T05:22:48.060+0000] {logging_mixin.py:151} INFO - [2026-01-14T05:22:48.059+0000] {dagbag.py:539} INFO - Filling up the DagBag from /opt/airflow/dags/data_lineage/lineage_enabled_etl.py
[2026-01-14T05:22:48.063+0000] {logging_mixin.py:151} INFO - [2026-01-14T05:22:48.062+0000] {dagbag.py:347} ERROR - Failed to import: /opt/airflow/dags/data_lineage/lineage_enabled_etl.py
Traceback (most recent call last):
  File "/home/airflow/.local/lib/python3.10/site-packages/airflow/models/dagbag.py", line 343, in parse
    loader.exec_module(new_module)
  File "<frozen importlib._bootstrap_external>", line 883, in exec_module
  File "<frozen importlib._bootstrap>", line 241, in _call_with_frames_removed
  File "/opt/airflow/dags/data_lineage/lineage_enabled_etl.py", line 22, in <module>
    from includes.lineage_utils import (
ModuleNotFoundError: No module named 'includes'
[2026-01-14T05:22:48.063+0000] {processor.py:841} WARNING - No viable dags retrieved from /opt/airflow/dags/data_lineage/lineage_enabled_etl.py
[2026-01-14T05:22:48.079+0000] {processor.py:179} INFO - Processing /opt/airflow/dags/data_lineage/lineage_enabled_etl.py took 0.023 seconds
[2026-01-14T05:23:18.639+0000] {processor.py:157} INFO - Started process (PID=726) to work on /opt/airflow/dags/data_lineage/lineage_enabled_etl.py
[2026-01-14T05:23:18.640+0000] {processor.py:829} INFO - Processing file /opt/airflow/dags/data_lineage/lineage_enabled_etl.py for tasks to queue
[2026-01-14T05:23:18.641+0000] {logging_mixin.py:151} INFO - [2026-01-14T05:23:18.640+0000] {dagbag.py:539} INFO - Filling up the DagBag from /opt/airflow/dags/data_lineage/lineage_enabled_etl.py
[2026-01-14T05:23:18.644+0000] {logging_mixin.py:151} INFO - [2026-01-14T05:23:18.643+0000] {dagbag.py:347} ERROR - Failed to import: /opt/airflow/dags/data_lineage/lineage_enabled_etl.py
Traceback (most recent call last):
  File "/home/airflow/.local/lib/python3.10/site-packages/airflow/models/dagbag.py", line 343, in parse
    loader.exec_module(new_module)
  File "<frozen importlib._bootstrap_external>", line 883, in exec_module
  File "<frozen importlib._bootstrap>", line 241, in _call_with_frames_removed
  File "/opt/airflow/dags/data_lineage/lineage_enabled_etl.py", line 22, in <module>
    from includes.lineage_utils import (
ModuleNotFoundError: No module named 'includes'
[2026-01-14T05:23:18.644+0000] {processor.py:841} WARNING - No viable dags retrieved from /opt/airflow/dags/data_lineage/lineage_enabled_etl.py
[2026-01-14T05:23:18.663+0000] {processor.py:179} INFO - Processing /opt/airflow/dags/data_lineage/lineage_enabled_etl.py took 0.028 seconds
[2026-01-14T05:23:49.197+0000] {processor.py:157} INFO - Started process (PID=788) to work on /opt/airflow/dags/data_lineage/lineage_enabled_etl.py
[2026-01-14T05:23:49.198+0000] {processor.py:829} INFO - Processing file /opt/airflow/dags/data_lineage/lineage_enabled_etl.py for tasks to queue
[2026-01-14T05:23:49.198+0000] {logging_mixin.py:151} INFO - [2026-01-14T05:23:49.198+0000] {dagbag.py:539} INFO - Filling up the DagBag from /opt/airflow/dags/data_lineage/lineage_enabled_etl.py
[2026-01-14T05:23:49.202+0000] {logging_mixin.py:151} INFO - [2026-01-14T05:23:49.201+0000] {dagbag.py:347} ERROR - Failed to import: /opt/airflow/dags/data_lineage/lineage_enabled_etl.py
Traceback (most recent call last):
  File "/home/airflow/.local/lib/python3.10/site-packages/airflow/models/dagbag.py", line 343, in parse
    loader.exec_module(new_module)
  File "<frozen importlib._bootstrap_external>", line 883, in exec_module
  File "<frozen importlib._bootstrap>", line 241, in _call_with_frames_removed
  File "/opt/airflow/dags/data_lineage/lineage_enabled_etl.py", line 22, in <module>
    from includes.lineage_utils import (
ModuleNotFoundError: No module named 'includes'
[2026-01-14T05:23:49.202+0000] {processor.py:841} WARNING - No viable dags retrieved from /opt/airflow/dags/data_lineage/lineage_enabled_etl.py
[2026-01-14T05:23:49.222+0000] {processor.py:179} INFO - Processing /opt/airflow/dags/data_lineage/lineage_enabled_etl.py took 0.028 seconds
[2026-01-14T05:24:19.713+0000] {processor.py:157} INFO - Started process (PID=850) to work on /opt/airflow/dags/data_lineage/lineage_enabled_etl.py
[2026-01-14T05:24:19.713+0000] {processor.py:829} INFO - Processing file /opt/airflow/dags/data_lineage/lineage_enabled_etl.py for tasks to queue
[2026-01-14T05:24:19.714+0000] {logging_mixin.py:151} INFO - [2026-01-14T05:24:19.714+0000] {dagbag.py:539} INFO - Filling up the DagBag from /opt/airflow/dags/data_lineage/lineage_enabled_etl.py
[2026-01-14T05:24:19.717+0000] {logging_mixin.py:151} INFO - [2026-01-14T05:24:19.716+0000] {dagbag.py:347} ERROR - Failed to import: /opt/airflow/dags/data_lineage/lineage_enabled_etl.py
Traceback (most recent call last):
  File "/home/airflow/.local/lib/python3.10/site-packages/airflow/models/dagbag.py", line 343, in parse
    loader.exec_module(new_module)
  File "<frozen importlib._bootstrap_external>", line 883, in exec_module
  File "<frozen importlib._bootstrap>", line 241, in _call_with_frames_removed
  File "/opt/airflow/dags/data_lineage/lineage_enabled_etl.py", line 22, in <module>
    from includes.lineage_utils import (
ModuleNotFoundError: No module named 'includes'
[2026-01-14T05:24:19.717+0000] {processor.py:841} WARNING - No viable dags retrieved from /opt/airflow/dags/data_lineage/lineage_enabled_etl.py
[2026-01-14T05:24:19.735+0000] {processor.py:179} INFO - Processing /opt/airflow/dags/data_lineage/lineage_enabled_etl.py took 0.025 seconds
[2026-01-14T05:24:50.287+0000] {processor.py:157} INFO - Started process (PID=912) to work on /opt/airflow/dags/data_lineage/lineage_enabled_etl.py
[2026-01-14T05:24:50.287+0000] {processor.py:829} INFO - Processing file /opt/airflow/dags/data_lineage/lineage_enabled_etl.py for tasks to queue
[2026-01-14T05:24:50.288+0000] {logging_mixin.py:151} INFO - [2026-01-14T05:24:50.288+0000] {dagbag.py:539} INFO - Filling up the DagBag from /opt/airflow/dags/data_lineage/lineage_enabled_etl.py
[2026-01-14T05:24:50.291+0000] {logging_mixin.py:151} INFO - [2026-01-14T05:24:50.290+0000] {dagbag.py:347} ERROR - Failed to import: /opt/airflow/dags/data_lineage/lineage_enabled_etl.py
Traceback (most recent call last):
  File "/home/airflow/.local/lib/python3.10/site-packages/airflow/models/dagbag.py", line 343, in parse
    loader.exec_module(new_module)
  File "<frozen importlib._bootstrap_external>", line 883, in exec_module
  File "<frozen importlib._bootstrap>", line 241, in _call_with_frames_removed
  File "/opt/airflow/dags/data_lineage/lineage_enabled_etl.py", line 22, in <module>
    from includes.lineage_utils import (
ModuleNotFoundError: No module named 'includes'
[2026-01-14T05:24:50.291+0000] {processor.py:841} WARNING - No viable dags retrieved from /opt/airflow/dags/data_lineage/lineage_enabled_etl.py
[2026-01-14T05:24:50.306+0000] {processor.py:179} INFO - Processing /opt/airflow/dags/data_lineage/lineage_enabled_etl.py took 0.023 seconds
[2026-01-14T05:25:21.071+0000] {processor.py:157} INFO - Started process (PID=974) to work on /opt/airflow/dags/data_lineage/lineage_enabled_etl.py
[2026-01-14T05:25:21.072+0000] {processor.py:829} INFO - Processing file /opt/airflow/dags/data_lineage/lineage_enabled_etl.py for tasks to queue
[2026-01-14T05:25:21.073+0000] {logging_mixin.py:151} INFO - [2026-01-14T05:25:21.073+0000] {dagbag.py:539} INFO - Filling up the DagBag from /opt/airflow/dags/data_lineage/lineage_enabled_etl.py
[2026-01-14T05:25:21.088+0000] {logging_mixin.py:151} INFO - [2026-01-14T05:25:21.085+0000] {dagbag.py:347} ERROR - Failed to import: /opt/airflow/dags/data_lineage/lineage_enabled_etl.py
Traceback (most recent call last):
  File "/home/airflow/.local/lib/python3.10/site-packages/airflow/models/dagbag.py", line 343, in parse
    loader.exec_module(new_module)
  File "<frozen importlib._bootstrap_external>", line 883, in exec_module
  File "<frozen importlib._bootstrap>", line 241, in _call_with_frames_removed
  File "/opt/airflow/dags/data_lineage/lineage_enabled_etl.py", line 22, in <module>
    from includes.lineage_utils import (
ModuleNotFoundError: No module named 'includes'
[2026-01-14T05:25:21.089+0000] {processor.py:841} WARNING - No viable dags retrieved from /opt/airflow/dags/data_lineage/lineage_enabled_etl.py
[2026-01-14T05:25:21.107+0000] {processor.py:179} INFO - Processing /opt/airflow/dags/data_lineage/lineage_enabled_etl.py took 0.039 seconds
[2026-01-14T05:25:51.559+0000] {processor.py:157} INFO - Started process (PID=1036) to work on /opt/airflow/dags/data_lineage/lineage_enabled_etl.py
[2026-01-14T05:25:51.559+0000] {processor.py:829} INFO - Processing file /opt/airflow/dags/data_lineage/lineage_enabled_etl.py for tasks to queue
[2026-01-14T05:25:51.560+0000] {logging_mixin.py:151} INFO - [2026-01-14T05:25:51.560+0000] {dagbag.py:539} INFO - Filling up the DagBag from /opt/airflow/dags/data_lineage/lineage_enabled_etl.py
[2026-01-14T05:25:51.563+0000] {logging_mixin.py:151} INFO - [2026-01-14T05:25:51.562+0000] {dagbag.py:347} ERROR - Failed to import: /opt/airflow/dags/data_lineage/lineage_enabled_etl.py
Traceback (most recent call last):
  File "/home/airflow/.local/lib/python3.10/site-packages/airflow/models/dagbag.py", line 343, in parse
    loader.exec_module(new_module)
  File "<frozen importlib._bootstrap_external>", line 883, in exec_module
  File "<frozen importlib._bootstrap>", line 241, in _call_with_frames_removed
  File "/opt/airflow/dags/data_lineage/lineage_enabled_etl.py", line 22, in <module>
    from includes.lineage_utils import (
ModuleNotFoundError: No module named 'includes'
[2026-01-14T05:25:51.563+0000] {processor.py:841} WARNING - No viable dags retrieved from /opt/airflow/dags/data_lineage/lineage_enabled_etl.py
[2026-01-14T05:25:51.579+0000] {processor.py:179} INFO - Processing /opt/airflow/dags/data_lineage/lineage_enabled_etl.py took 0.024 seconds
[2026-01-14T05:26:22.044+0000] {processor.py:157} INFO - Started process (PID=1098) to work on /opt/airflow/dags/data_lineage/lineage_enabled_etl.py
[2026-01-14T05:26:22.045+0000] {processor.py:829} INFO - Processing file /opt/airflow/dags/data_lineage/lineage_enabled_etl.py for tasks to queue
[2026-01-14T05:26:22.046+0000] {logging_mixin.py:151} INFO - [2026-01-14T05:26:22.045+0000] {dagbag.py:539} INFO - Filling up the DagBag from /opt/airflow/dags/data_lineage/lineage_enabled_etl.py
[2026-01-14T05:26:22.050+0000] {logging_mixin.py:151} INFO - [2026-01-14T05:26:22.049+0000] {dagbag.py:347} ERROR - Failed to import: /opt/airflow/dags/data_lineage/lineage_enabled_etl.py
Traceback (most recent call last):
  File "/home/airflow/.local/lib/python3.10/site-packages/airflow/models/dagbag.py", line 343, in parse
    loader.exec_module(new_module)
  File "<frozen importlib._bootstrap_external>", line 883, in exec_module
  File "<frozen importlib._bootstrap>", line 241, in _call_with_frames_removed
  File "/opt/airflow/dags/data_lineage/lineage_enabled_etl.py", line 22, in <module>
    from includes.lineage_utils import (
ModuleNotFoundError: No module named 'includes'
[2026-01-14T05:26:22.050+0000] {processor.py:841} WARNING - No viable dags retrieved from /opt/airflow/dags/data_lineage/lineage_enabled_etl.py
[2026-01-14T05:26:22.071+0000] {processor.py:179} INFO - Processing /opt/airflow/dags/data_lineage/lineage_enabled_etl.py took 0.032 seconds
[2026-01-14T05:26:52.517+0000] {processor.py:157} INFO - Started process (PID=1160) to work on /opt/airflow/dags/data_lineage/lineage_enabled_etl.py
[2026-01-14T05:26:52.518+0000] {processor.py:829} INFO - Processing file /opt/airflow/dags/data_lineage/lineage_enabled_etl.py for tasks to queue
[2026-01-14T05:26:52.518+0000] {logging_mixin.py:151} INFO - [2026-01-14T05:26:52.518+0000] {dagbag.py:539} INFO - Filling up the DagBag from /opt/airflow/dags/data_lineage/lineage_enabled_etl.py
[2026-01-14T05:26:52.522+0000] {logging_mixin.py:151} INFO - [2026-01-14T05:26:52.521+0000] {dagbag.py:347} ERROR - Failed to import: /opt/airflow/dags/data_lineage/lineage_enabled_etl.py
Traceback (most recent call last):
  File "/home/airflow/.local/lib/python3.10/site-packages/airflow/models/dagbag.py", line 343, in parse
    loader.exec_module(new_module)
  File "<frozen importlib._bootstrap_external>", line 883, in exec_module
  File "<frozen importlib._bootstrap>", line 241, in _call_with_frames_removed
  File "/opt/airflow/dags/data_lineage/lineage_enabled_etl.py", line 22, in <module>
    from includes.lineage_utils import (
ModuleNotFoundError: No module named 'includes'
[2026-01-14T05:26:52.522+0000] {processor.py:841} WARNING - No viable dags retrieved from /opt/airflow/dags/data_lineage/lineage_enabled_etl.py
[2026-01-14T05:26:52.539+0000] {processor.py:179} INFO - Processing /opt/airflow/dags/data_lineage/lineage_enabled_etl.py took 0.027 seconds
[2026-01-14T05:27:22.998+0000] {processor.py:157} INFO - Started process (PID=1222) to work on /opt/airflow/dags/data_lineage/lineage_enabled_etl.py
[2026-01-14T05:27:22.999+0000] {processor.py:829} INFO - Processing file /opt/airflow/dags/data_lineage/lineage_enabled_etl.py for tasks to queue
[2026-01-14T05:27:22.999+0000] {logging_mixin.py:151} INFO - [2026-01-14T05:27:22.999+0000] {dagbag.py:539} INFO - Filling up the DagBag from /opt/airflow/dags/data_lineage/lineage_enabled_etl.py
[2026-01-14T05:27:23.004+0000] {logging_mixin.py:151} INFO - [2026-01-14T05:27:23.003+0000] {dagbag.py:347} ERROR - Failed to import: /opt/airflow/dags/data_lineage/lineage_enabled_etl.py
Traceback (most recent call last):
  File "/home/airflow/.local/lib/python3.10/site-packages/airflow/models/dagbag.py", line 343, in parse
    loader.exec_module(new_module)
  File "<frozen importlib._bootstrap_external>", line 883, in exec_module
  File "<frozen importlib._bootstrap>", line 241, in _call_with_frames_removed
  File "/opt/airflow/dags/data_lineage/lineage_enabled_etl.py", line 22, in <module>
    from includes.lineage_utils import (
ModuleNotFoundError: No module named 'includes'
[2026-01-14T05:27:23.004+0000] {processor.py:841} WARNING - No viable dags retrieved from /opt/airflow/dags/data_lineage/lineage_enabled_etl.py
[2026-01-14T05:27:23.023+0000] {processor.py:179} INFO - Processing /opt/airflow/dags/data_lineage/lineage_enabled_etl.py took 0.028 seconds
[2026-01-14T05:27:45.075+0000] {processor.py:157} INFO - Started process (PID=168) to work on /opt/airflow/dags/data_lineage/lineage_enabled_etl.py
[2026-01-14T05:27:45.075+0000] {processor.py:829} INFO - Processing file /opt/airflow/dags/data_lineage/lineage_enabled_etl.py for tasks to queue
[2026-01-14T05:27:45.076+0000] {logging_mixin.py:151} INFO - [2026-01-14T05:27:45.075+0000] {dagbag.py:539} INFO - Filling up the DagBag from /opt/airflow/dags/data_lineage/lineage_enabled_etl.py
[2026-01-14T05:27:45.078+0000] {logging_mixin.py:151} INFO - [2026-01-14T05:27:45.077+0000] {dagbag.py:347} ERROR - Failed to import: /opt/airflow/dags/data_lineage/lineage_enabled_etl.py
Traceback (most recent call last):
  File "/home/airflow/.local/lib/python3.10/site-packages/airflow/models/dagbag.py", line 343, in parse
    loader.exec_module(new_module)
  File "<frozen importlib._bootstrap_external>", line 883, in exec_module
  File "<frozen importlib._bootstrap>", line 241, in _call_with_frames_removed
  File "/opt/airflow/dags/data_lineage/lineage_enabled_etl.py", line 22, in <module>
    from includes.lineage_utils import (
ModuleNotFoundError: No module named 'includes'
[2026-01-14T05:27:45.079+0000] {processor.py:841} WARNING - No viable dags retrieved from /opt/airflow/dags/data_lineage/lineage_enabled_etl.py
[2026-01-14T05:27:45.091+0000] {processor.py:179} INFO - Processing /opt/airflow/dags/data_lineage/lineage_enabled_etl.py took 0.018 seconds
[2026-01-14T05:28:15.524+0000] {processor.py:157} INFO - Started process (PID=230) to work on /opt/airflow/dags/data_lineage/lineage_enabled_etl.py
[2026-01-14T05:28:15.525+0000] {processor.py:829} INFO - Processing file /opt/airflow/dags/data_lineage/lineage_enabled_etl.py for tasks to queue
[2026-01-14T05:28:15.526+0000] {logging_mixin.py:151} INFO - [2026-01-14T05:28:15.525+0000] {dagbag.py:539} INFO - Filling up the DagBag from /opt/airflow/dags/data_lineage/lineage_enabled_etl.py
[2026-01-14T05:28:15.529+0000] {logging_mixin.py:151} INFO - [2026-01-14T05:28:15.528+0000] {dagbag.py:347} ERROR - Failed to import: /opt/airflow/dags/data_lineage/lineage_enabled_etl.py
Traceback (most recent call last):
  File "/home/airflow/.local/lib/python3.10/site-packages/airflow/models/dagbag.py", line 343, in parse
    loader.exec_module(new_module)
  File "<frozen importlib._bootstrap_external>", line 883, in exec_module
  File "<frozen importlib._bootstrap>", line 241, in _call_with_frames_removed
  File "/opt/airflow/dags/data_lineage/lineage_enabled_etl.py", line 22, in <module>
    from includes.lineage_utils import (
ModuleNotFoundError: No module named 'includes'
[2026-01-14T05:28:15.529+0000] {processor.py:841} WARNING - No viable dags retrieved from /opt/airflow/dags/data_lineage/lineage_enabled_etl.py
[2026-01-14T05:28:15.549+0000] {processor.py:179} INFO - Processing /opt/airflow/dags/data_lineage/lineage_enabled_etl.py took 0.027 seconds
