[2026-01-14T05:28:49.319+0000] {processor.py:157} INFO - Started process (PID=185) to work on /opt/airflow/dags/alerting/includes/slack_alerts.py
[2026-01-14T05:28:49.319+0000] {processor.py:829} INFO - Processing file /opt/airflow/dags/alerting/includes/slack_alerts.py for tasks to queue
[2026-01-14T05:28:49.320+0000] {logging_mixin.py:151} INFO - [2026-01-14T05:28:49.319+0000] {dagbag.py:539} INFO - Filling up the DagBag from /opt/airflow/dags/alerting/includes/slack_alerts.py
[2026-01-14T05:28:49.321+0000] {processor.py:841} WARNING - No viable dags retrieved from /opt/airflow/dags/alerting/includes/slack_alerts.py
[2026-01-14T05:28:49.334+0000] {processor.py:179} INFO - Processing /opt/airflow/dags/alerting/includes/slack_alerts.py took 0.017 seconds
[2026-01-14T05:29:20.122+0000] {processor.py:157} INFO - Started process (PID=266) to work on /opt/airflow/dags/alerting/includes/slack_alerts.py
[2026-01-14T05:29:20.122+0000] {processor.py:829} INFO - Processing file /opt/airflow/dags/alerting/includes/slack_alerts.py for tasks to queue
[2026-01-14T05:29:20.123+0000] {logging_mixin.py:151} INFO - [2026-01-14T05:29:20.123+0000] {dagbag.py:539} INFO - Filling up the DagBag from /opt/airflow/dags/alerting/includes/slack_alerts.py
[2026-01-14T05:29:20.125+0000] {processor.py:841} WARNING - No viable dags retrieved from /opt/airflow/dags/alerting/includes/slack_alerts.py
[2026-01-14T05:29:20.133+0000] {processor.py:179} INFO - Processing /opt/airflow/dags/alerting/includes/slack_alerts.py took 0.014 seconds
[2026-01-14T05:29:50.694+0000] {processor.py:157} INFO - Started process (PID=338) to work on /opt/airflow/dags/alerting/includes/slack_alerts.py
[2026-01-14T05:29:50.695+0000] {processor.py:829} INFO - Processing file /opt/airflow/dags/alerting/includes/slack_alerts.py for tasks to queue
[2026-01-14T05:29:50.696+0000] {logging_mixin.py:151} INFO - [2026-01-14T05:29:50.696+0000] {dagbag.py:539} INFO - Filling up the DagBag from /opt/airflow/dags/alerting/includes/slack_alerts.py
[2026-01-14T05:29:50.697+0000] {processor.py:841} WARNING - No viable dags retrieved from /opt/airflow/dags/alerting/includes/slack_alerts.py
[2026-01-14T05:29:50.705+0000] {processor.py:179} INFO - Processing /opt/airflow/dags/alerting/includes/slack_alerts.py took 0.013 seconds
[2026-01-14T05:30:21.266+0000] {processor.py:157} INFO - Started process (PID=421) to work on /opt/airflow/dags/alerting/includes/slack_alerts.py
[2026-01-14T05:30:21.266+0000] {processor.py:829} INFO - Processing file /opt/airflow/dags/alerting/includes/slack_alerts.py for tasks to queue
[2026-01-14T05:30:21.267+0000] {logging_mixin.py:151} INFO - [2026-01-14T05:30:21.267+0000] {dagbag.py:539} INFO - Filling up the DagBag from /opt/airflow/dags/alerting/includes/slack_alerts.py
[2026-01-14T05:30:21.269+0000] {processor.py:841} WARNING - No viable dags retrieved from /opt/airflow/dags/alerting/includes/slack_alerts.py
[2026-01-14T05:30:21.276+0000] {processor.py:179} INFO - Processing /opt/airflow/dags/alerting/includes/slack_alerts.py took 0.012 seconds
[2026-01-14T05:30:51.845+0000] {processor.py:157} INFO - Started process (PID=491) to work on /opt/airflow/dags/alerting/includes/slack_alerts.py
[2026-01-14T05:30:51.845+0000] {processor.py:829} INFO - Processing file /opt/airflow/dags/alerting/includes/slack_alerts.py for tasks to queue
[2026-01-14T05:30:51.847+0000] {logging_mixin.py:151} INFO - [2026-01-14T05:30:51.847+0000] {dagbag.py:539} INFO - Filling up the DagBag from /opt/airflow/dags/alerting/includes/slack_alerts.py
[2026-01-14T05:30:51.848+0000] {processor.py:841} WARNING - No viable dags retrieved from /opt/airflow/dags/alerting/includes/slack_alerts.py
[2026-01-14T05:30:51.855+0000] {processor.py:179} INFO - Processing /opt/airflow/dags/alerting/includes/slack_alerts.py took 0.012 seconds
[2026-01-14T05:31:22.373+0000] {processor.py:157} INFO - Started process (PID=565) to work on /opt/airflow/dags/alerting/includes/slack_alerts.py
[2026-01-14T05:31:22.374+0000] {processor.py:829} INFO - Processing file /opt/airflow/dags/alerting/includes/slack_alerts.py for tasks to queue
[2026-01-14T05:31:22.375+0000] {logging_mixin.py:151} INFO - [2026-01-14T05:31:22.375+0000] {dagbag.py:539} INFO - Filling up the DagBag from /opt/airflow/dags/alerting/includes/slack_alerts.py
[2026-01-14T05:31:22.376+0000] {processor.py:841} WARNING - No viable dags retrieved from /opt/airflow/dags/alerting/includes/slack_alerts.py
[2026-01-14T05:31:22.384+0000] {processor.py:179} INFO - Processing /opt/airflow/dags/alerting/includes/slack_alerts.py took 0.013 seconds
[2026-01-14T05:31:52.835+0000] {processor.py:157} INFO - Started process (PID=638) to work on /opt/airflow/dags/alerting/includes/slack_alerts.py
[2026-01-14T05:31:52.836+0000] {processor.py:829} INFO - Processing file /opt/airflow/dags/alerting/includes/slack_alerts.py for tasks to queue
[2026-01-14T05:31:52.837+0000] {logging_mixin.py:151} INFO - [2026-01-14T05:31:52.837+0000] {dagbag.py:539} INFO - Filling up the DagBag from /opt/airflow/dags/alerting/includes/slack_alerts.py
[2026-01-14T05:31:52.839+0000] {processor.py:841} WARNING - No viable dags retrieved from /opt/airflow/dags/alerting/includes/slack_alerts.py
[2026-01-14T05:31:52.846+0000] {processor.py:179} INFO - Processing /opt/airflow/dags/alerting/includes/slack_alerts.py took 0.012 seconds
[2026-01-14T05:32:23.418+0000] {processor.py:157} INFO - Started process (PID=710) to work on /opt/airflow/dags/alerting/includes/slack_alerts.py
[2026-01-14T05:32:23.418+0000] {processor.py:829} INFO - Processing file /opt/airflow/dags/alerting/includes/slack_alerts.py for tasks to queue
[2026-01-14T05:32:23.419+0000] {logging_mixin.py:151} INFO - [2026-01-14T05:32:23.419+0000] {dagbag.py:539} INFO - Filling up the DagBag from /opt/airflow/dags/alerting/includes/slack_alerts.py
[2026-01-14T05:32:23.421+0000] {processor.py:841} WARNING - No viable dags retrieved from /opt/airflow/dags/alerting/includes/slack_alerts.py
[2026-01-14T05:32:23.429+0000] {processor.py:179} INFO - Processing /opt/airflow/dags/alerting/includes/slack_alerts.py took 0.013 seconds
